#
# A fatal error has been detected by the Java Runtime Environment:
#
#  EXCEPTION_ACCESS_VIOLATION (0xc0000005) at pc=0x00007ffec2df166a, pid=15892, tid=0x0000000000004650
#
# JRE version: Java(TM) SE Runtime Environment (8.0_141-b15) (build 1.8.0_141-b15)
# Java VM: Java HotSpot(TM) 64-Bit Server VM (25.141-b15 mixed mode windows-amd64 compressed oops)
# Problematic frame:
# C  0x00007ffec2df166a
#
# Failed to write core dump. Minidumps are not enabled by default on client versions of Windows
#
# If you would like to submit a bug report, please visit:
#   http://bugreport.java.com/bugreport/crash.jsp
# The crash happened outside the Java Virtual Machine in native code.
# See problematic frame for where to report the bug.
#

---------------  T H R E A D  ---------------

Current thread (0x000000002771e000):  JavaThread "SciJava-58296e4a-Thread-1" [_thread_in_native, id=18000, stack(0x000000002c2d0000,0x000000002c3d0000)]

siginfo: ExceptionCode=0xc0000005, reading address 0x000000007fff6ff0

Registers:
RAX=0x000000009996f060, RBX=0x00000008000075d0, RCX=0x00000000b34cdfd0, RDX=0xffffffffccb29000
RSP=0x000000002c3cd6b8, RBP=0x000000002c3cd978, RSI=0x000000004cb20060, RDI=0x000000004ce4f000
R8 =0x000000004ce4eff0, R9 =0x0000000000669ade, R10=0x000000004cb20060, R11=0x000000007fff7060
R12=0x0000000000000000, R13=0x0000000047573890, R14=0x0000000000000000, R15=0x000000002771e000
RIP=0x00007ffec2df166a, EFLAGS=0x0000000000010206

Top of Stack: (sp=0x000000002c3cd6b8)
0x000000002c3cd6b8:   00007ffe9808ba75 00000008000075d0
0x000000002c3cd6c8:   000000004ce4f000 0000000000000000
0x000000002c3cd6d8:   00000007c0f80000 0000000000000000
0x000000002c3cd6e8:   00007ffe980800d1 000000004ce4efd0
0x000000002c3cd6f8:   0000000eb7862c70 00000008000075c0
0x000000002c3cd708:   00000007c0007118 fffffffffffffffe
0x000000002c3cd718:   00007ffe982dbb5f 00000007c0f87428
0x000000002c3cd728:   000000004ce4da70 000000004ce35c60
0x000000002c3cd738:   0000000eb7862c70 000000002c3cd810
0x000000002c3cd748:   00007ffe9807eedd 0000000800006060
0x000000002c3cd758:   00000008000075c0 00000008000075c0
0x000000002c3cd768:   000000002c3cd810 0000000000000000
0x000000002c3cd778:   000000002c3cd910 fffffffffffffffe
0x000000002c3cd788:   000000006131a65f 000000002c3cd9b8
0x000000002c3cd798:   00007ffe98086e68 000000002c3cd810
0x000000002c3cd7a8:   000000002c3cd810 00000000f81f20be 

Instructions: (pc=0x00007ffec2df166a)
0x00007ffec2df164a:   41 70 0f 29 49 60 0f 10 44 11 50 0f 10 4c 11 40
0x00007ffec2df165a:   49 ff c9 0f 29 41 50 0f 29 49 40 0f 10 44 11 30
0x00007ffec2df166a:   0f 10 4c 11 20 0f 29 41 30 0f 29 49 20 0f 10 44
0x00007ffec2df167a:   11 10 0f 10 0c 11 75 ae 0f 29 41 10 49 83 e0 7f 


Register to memory mapping:

RAX=0x000000009996f060 is an unknown value
RBX=0x00000008000075d0 is an unknown value
RCX=0x00000000b34cdfd0 is an unknown value
RDX=0xffffffffccb29000 is an unknown value
RSP=0x000000002c3cd6b8 is pointing into the stack for thread: 0x000000002771e000
RBP=0x000000002c3cd978 is pointing into the stack for thread: 0x000000002771e000
RSI=0x000000004cb20060 is an unknown value
RDI=0x000000004ce4f000 is an unknown value
R8 =0x000000004ce4eff0 is an unknown value
R9 =0x0000000000669ade is an unknown value
R10=0x000000004cb20060 is an unknown value
R11=0x000000007fff7060 is an unknown value
R12=0x0000000000000000 is an unknown value
R13={method} {0x0000000047573898} 'ResourceVec_get' '(JLgraphics/scenery/spirvcrossj/ResourceVec;J)J' in 'graphics/scenery/spirvcrossj/libspirvcrossjJNI'
R14=0x0000000000000000 is an unknown value
R15=0x000000002771e000 is a thread


Stack: [0x000000002c2d0000,0x000000002c3d0000],  sp=0x000000002c3cd6b8,  free space=1013k
Native frames: (J=compiled Java code, j=interpreted, Vv=VM code, C=native code)
C  0x00007ffec2df166a
C  0x00007ffe9808ba75
C  0x00007ffe980800d1
C  0x00007ffe9807eedd
C  0x00007ffe98086e68
C  0x00007ffe98094bb6
C  0x00007ffe980a6068
C  0x0000000002717f74

Java frames: (J=compiled Java code, j=interpreted, Vv=VM code)
j  graphics.scenery.spirvcrossj.libspirvcrossjJNI.ResourceVec_get(JLgraphics/scenery/spirvcrossj/ResourceVec;J)J+0
j  graphics.scenery.spirvcrossj.ResourceVec.get(J)Lgraphics/scenery/spirvcrossj/Resource;+10
j  graphics.scenery.backends.vulkan.VulkanShaderModule.<init>(Lgraphics/scenery/backends/vulkan/VulkanDevice;Ljava/lang/String;Lgraphics/scenery/backends/ShaderPackage;)V+481
j  graphics.scenery.backends.vulkan.VulkanShaderModule$Companion.getFromCacheOrCreate(Lgraphics/scenery/backends/vulkan/VulkanDevice;Ljava/lang/String;Lgraphics/scenery/backends/ShaderPackage;)Lgraphics/scenery/backends/vulkan/VulkanShaderModule;+77
j  graphics.scenery.backends.vulkan.VulkanRenderpass.initializeDefaultPipeline()V+281
j  graphics.scenery.backends.vulkan.VulkanRenderpass$Companion.prepareRenderpassesFromConfig(Lgraphics/scenery/backends/RenderConfigReader$RenderConfig;Lgraphics/scenery/backends/vulkan/VulkanDevice;Lgraphics/scenery/backends/vulkan/VulkanRenderer$CommandPools;Lorg/lwjgl/vulkan/VkQueue;Ljava/util/concurrent/ConcurrentHashMap;Lgraphics/scenery/backends/vulkan/Swapchain;IILgraphics/scenery/Settings;)Lkotlin/Pair;+3132
j  graphics.scenery.backends.vulkan.VulkanRenderer$SwapchainRecreator$recreate$refreshResolutionDependentResources$1.invoke()Ljava/util/List;+297
j  graphics.scenery.backends.vulkan.VulkanRenderer$SwapchainRecreator$recreate$refreshResolutionDependentResources$1.invoke()Ljava/lang/Object;+1
j  graphics.scenery.backends.vulkan.VulkanRenderer$SwapchainRecreator.recreate()V+221
j  graphics.scenery.backends.vulkan.VulkanRenderer.pollEvents()Z+48
j  graphics.scenery.backends.vulkan.VulkanRenderer.access$pollEvents(Lgraphics/scenery/backends/vulkan/VulkanRenderer;)Z+1
j  graphics.scenery.backends.vulkan.VulkanRenderer$render$1.invokeSuspend(Ljava/lang/Object;)Ljava/lang/Object;+154
j  kotlin.coroutines.jvm.internal.BaseContinuationImpl.resumeWith(Ljava/lang/Object;)V+46
j  kotlinx.coroutines.DispatchedTask.run()V+367
j  kotlinx.coroutines.EventLoopImplBase.processNextEvent()J+201
j  kotlinx.coroutines.BlockingCoroutine.joinBlocking()Ljava/lang/Object;+87
j  kotlinx.coroutines.BuildersKt__BuildersKt.runBlocking(Lkotlin/coroutines/CoroutineContext;Lkotlin/jvm/functions/Function2;)Ljava/lang/Object;+166
j  kotlinx.coroutines.BuildersKt.runBlocking(Lkotlin/coroutines/CoroutineContext;Lkotlin/jvm/functions/Function2;)Ljava/lang/Object;+2
j  kotlinx.coroutines.BuildersKt__BuildersKt.runBlocking$default(Lkotlin/coroutines/CoroutineContext;Lkotlin/jvm/functions/Function2;ILjava/lang/Object;)Ljava/lang/Object;+15
j  kotlinx.coroutines.BuildersKt.runBlocking$default(Lkotlin/coroutines/CoroutineContext;Lkotlin/jvm/functions/Function2;ILjava/lang/Object;)Ljava/lang/Object;+4
j  graphics.scenery.backends.vulkan.VulkanRenderer.render(Lgraphics/scenery/Camera;Ljava/util/List;)V+31
j  graphics.scenery.SceneryBase.sceneryMain$suspendImpl(Lgraphics/scenery/SceneryBase;Lkotlin/coroutines/Continuation;)Ljava/lang/Object;+2099
j  graphics.scenery.SceneryBase.sceneryMain(Lkotlin/coroutines/Continuation;)Ljava/lang/Object;+2
j  graphics.scenery.SceneryBase$main$1.invokeSuspend(Ljava/lang/Object;)Ljava/lang/Object;+46
j  kotlin.coroutines.jvm.internal.BaseContinuationImpl.resumeWith(Ljava/lang/Object;)V+46
j  kotlinx.coroutines.DispatchedTask.run()V+367
j  kotlinx.coroutines.EventLoopImplBase.processNextEvent()J+201
j  kotlinx.coroutines.BlockingCoroutine.joinBlocking()Ljava/lang/Object;+87
j  kotlinx.coroutines.BuildersKt__BuildersKt.runBlocking(Lkotlin/coroutines/CoroutineContext;Lkotlin/jvm/functions/Function2;)Ljava/lang/Object;+166
j  kotlinx.coroutines.BuildersKt.runBlocking(Lkotlin/coroutines/CoroutineContext;Lkotlin/jvm/functions/Function2;)Ljava/lang/Object;+2
j  kotlinx.coroutines.BuildersKt__BuildersKt.runBlocking$default(Lkotlin/coroutines/CoroutineContext;Lkotlin/jvm/functions/Function2;ILjava/lang/Object;)Ljava/lang/Object;+15
j  kotlinx.coroutines.BuildersKt.runBlocking$default(Lkotlin/coroutines/CoroutineContext;Lkotlin/jvm/functions/Function2;ILjava/lang/Object;)Ljava/lang/Object;+4
j  graphics.scenery.SceneryBase.main()V+15
j  sc.iview.DefaultSciViewService.lambda$makeSciView$0(Lsc/iview/SciView;)V+1
j  sc.iview.DefaultSciViewService$$Lambda$566.run()V+4
j  org.scijava.thread.DefaultThreadService.lambda$wrap$1(Ljava/lang/Thread;Ljava/lang/Runnable;)V+19
j  org.scijava.thread.DefaultThreadService$$Lambda$16.run()V+8
j  java.util.concurrent.Executors$RunnableAdapter.call()Ljava/lang/Object;+4
J 5917 C1 java.util.concurrent.FutureTask.run()V (126 bytes) @ 0x0000000002acbad4 [0x0000000002acb880+0x254]
j  java.util.concurrent.ThreadPoolExecutor.runWorker(Ljava/util/concurrent/ThreadPoolExecutor$Worker;)V+95
j  java.util.concurrent.ThreadPoolExecutor$Worker.run()V+5
j  java.lang.Thread.run()V+11
v  ~StubRoutines::call_stub

---------------  P R O C E S S  ---------------

Java Threads: ( => current thread )
  0x000000002f138800 JavaThread "DefaultDispatcher-worker-2" daemon [_thread_blocked, id=14760, stack(0x00000000504b0000,0x00000000505b0000)]
  0x000000002f137800 JavaThread "DefaultDispatcher-worker-1" daemon [_thread_blocked, id=10492, stack(0x00000000503b0000,0x00000000504b0000)]
  0x000000002f13e800 JavaThread "Thread-14" [_thread_blocked, id=11980, stack(0x00000000502b0000,0x00000000503b0000)]
  0x000000002f13d800 JavaThread "Thread-13" [_thread_blocked, id=1944, stack(0x00000000501b0000,0x00000000502b0000)]
  0x000000002f13d000 JavaThread "Thread-12" [_thread_blocked, id=10156, stack(0x000000004feb0000,0x000000004ffb0000)]
  0x000000002f135800 JavaThread "Thread-11" daemon [_thread_in_native, id=5920, stack(0x000000004fdb0000,0x000000004feb0000)]
  0x0000000042fc7800 JavaThread "pool-2-thread-1" [_thread_blocked, id=17248, stack(0x0000000046f50000,0x0000000047050000)]
  0x000000002f137000 JavaThread "Timer-1" [_thread_blocked, id=12508, stack(0x000000002d600000,0x000000002d700000)]
  0x000000002f13c000 JavaThread "pool-4-thread-1" [_thread_blocked, id=14696, stack(0x000000002c6d0000,0x000000002c7d0000)]
  0x000000002f13b800 JavaThread "pool-3-thread-1" [_thread_blocked, id=14260, stack(0x000000002c8b0000,0x000000002c9b0000)]
  0x000000002f136000 JavaThread "Timer-0" [_thread_blocked, id=17876, stack(0x000000002c3d0000,0x000000002c4d0000)]
=>0x000000002771e000 JavaThread "SciJava-58296e4a-Thread-1" [_thread_in_native, id=18000, stack(0x000000002c2d0000,0x000000002c3d0000)]
  0x000000003564e800 JavaThread "SciJava-58296e4a-Thread-0" [_thread_blocked, id=2096, stack(0x000000002c1d0000,0x000000002c2d0000)]
  0x000000003564a000 JavaThread "Mastodon's SciView" [_thread_blocked, id=4572, stack(0x000000002bed0000,0x000000002bfd0000)]
  0x0000000035649000 JavaThread "bdv-panel-1-thread-3" daemon [_thread_blocked, id=3848, stack(0x0000000046c50000,0x0000000046d50000)]
  0x000000003564d000 JavaThread "bdv-panel-1-thread-2" daemon [_thread_blocked, id=332, stack(0x0000000046b50000,0x0000000046c50000)]
  0x0000000035641000 JavaThread "bdv-panel-1-thread-1" daemon [_thread_blocked, id=16128, stack(0x0000000046a50000,0x0000000046b50000)]
  0x0000000035647800 JavaThread "Image Fetcher 0" daemon [_thread_blocked, id=6784, stack(0x0000000046750000,0x0000000046850000)]
  0x0000000035647000 JavaThread "PainterThread" daemon [_thread_blocked, id=8596, stack(0x00000000463c0000,0x00000000464c0000)]
  0x0000000035645800 JavaThread "Rebuild spatial indices" daemon [_thread_blocked, id=10000, stack(0x0000000046050000,0x0000000046150000)]
  0x0000000035644800 JavaThread "Fetcher-0" daemon [_thread_blocked, id=18048, stack(0x0000000045f50000,0x0000000046050000)]
  0x0000000035644000 JavaThread "DestroyJavaVM" [_thread_blocked, id=9516, stack(0x0000000002340000,0x0000000002440000)]
  0x0000000035648800 JavaThread "Swing-Shell" daemon [_thread_blocked, id=3124, stack(0x000000003e8f0000,0x000000003e9f0000)]
  0x000000003563f800 JavaThread "Rebuild spatial indices" daemon [_thread_blocked, id=2432, stack(0x0000000044510000,0x0000000044610000)]
  0x0000000035643000 JavaThread "PainterThread" [_thread_blocked, id=9104, stack(0x0000000044210000,0x0000000044310000)]
  0x0000000035641800 JavaThread "TrackScheme transform animation" daemon [_thread_blocked, id=16608, stack(0x0000000044110000,0x0000000044210000)]
  0x0000000035646000 JavaThread "TimerQueue" daemon [_thread_blocked, id=2140, stack(0x0000000043e10000,0x0000000043f10000)]
  0x0000000035642800 JavaThread "SciJava-40258c2f-Thread-1" [_thread_blocked, id=5612, stack(0x0000000041b50000,0x0000000041c50000)]
  0x0000000027720800 JavaThread "AWT-EventQueue-0" [_thread_blocked, id=10804, stack(0x000000003c2f0000,0x000000003c3f0000)]
  0x000000002771f800 JavaThread "AWT-Shutdown" [_thread_blocked, id=11404, stack(0x000000002bb30000,0x000000002bc30000)]
  0x000000002f194000 JavaThread "SciJava-40258c2f-Thread-0" [_thread_blocked, id=11164, stack(0x000000002b910000,0x000000002ba10000)]
  0x000000002a6fb000 JavaThread "AWT-Windows" daemon [_thread_in_native, id=1904, stack(0x000000002bc30000,0x000000002bd30000)]
  0x000000002a6ba000 JavaThread "Java2D Disposer" daemon [_thread_blocked, id=3172, stack(0x000000002ba30000,0x000000002bb30000)]
  0x00000000277a8000 JavaThread "Service Thread" daemon [_thread_blocked, id=18144, stack(0x0000000029e90000,0x0000000029f90000)]
  0x0000000027721000 JavaThread "C1 CompilerThread11" daemon [_thread_blocked, id=13552, stack(0x0000000029d90000,0x0000000029e90000)]
  0x000000002771b000 JavaThread "C1 CompilerThread10" daemon [_thread_blocked, id=9144, stack(0x0000000029c90000,0x0000000029d90000)]
  0x000000002771c000 JavaThread "C1 CompilerThread9" daemon [_thread_blocked, id=14464, stack(0x0000000029b90000,0x0000000029c90000)]
  0x000000002770a800 JavaThread "C1 CompilerThread8" daemon [_thread_blocked, id=17592, stack(0x0000000029a90000,0x0000000029b90000)]
  0x00000000276e7800 JavaThread "C2 CompilerThread7" daemon [_thread_blocked, id=10772, stack(0x0000000029990000,0x0000000029a90000)]
  0x00000000276dd000 JavaThread "C2 CompilerThread6" daemon [_thread_blocked, id=8156, stack(0x0000000029890000,0x0000000029990000)]
  0x00000000276d8000 JavaThread "C2 CompilerThread5" daemon [_thread_blocked, id=4384, stack(0x0000000029790000,0x0000000029890000)]
  0x00000000276c5000 JavaThread "C2 CompilerThread4" daemon [_thread_blocked, id=15384, stack(0x0000000029690000,0x0000000029790000)]
  0x00000000276be000 JavaThread "C2 CompilerThread3" daemon [_thread_blocked, id=9412, stack(0x0000000029590000,0x0000000029690000)]
  0x00000000276bd800 JavaThread "C2 CompilerThread2" daemon [_thread_blocked, id=12872, stack(0x0000000029490000,0x0000000029590000)]
  0x00000000276ba800 JavaThread "C2 CompilerThread1" daemon [_thread_blocked, id=11808, stack(0x0000000029390000,0x0000000029490000)]
  0x00000000276b9000 JavaThread "C2 CompilerThread0" daemon [_thread_blocked, id=4212, stack(0x0000000029290000,0x0000000029390000)]
  0x00000000276ae800 JavaThread "Monitor Ctrl-Break" daemon [_thread_in_native, id=17032, stack(0x0000000029190000,0x0000000029290000)]
  0x0000000027648000 JavaThread "Attach Listener" daemon [_thread_blocked, id=18204, stack(0x0000000029090000,0x0000000029190000)]
  0x0000000027643800 JavaThread "Signal Dispatcher" daemon [_thread_blocked, id=12900, stack(0x0000000028f90000,0x0000000029090000)]
  0x0000000027636800 JavaThread "Finalizer" daemon [_thread_blocked, id=3784, stack(0x0000000028e90000,0x0000000028f90000)]
  0x0000000027615800 JavaThread "Reference Handler" daemon [_thread_blocked, id=16340, stack(0x0000000028d90000,0x0000000028e90000)]

Other Threads:
  0x0000000027612000 VMThread [stack: 0x0000000028c90000,0x0000000028d90000] [id=9548]
  0x00000000277df800 WatcherThread [stack: 0x0000000029f90000,0x000000002a090000] [id=9484]

VM state:not at safepoint (normal execution)

VM Mutex/Monitor currently owned by a thread: None

Heap:
 PSYoungGen      total 684544K, used 92804K [0x0000000716100000, 0x000000074fe00000, 0x00000007c0000000)
  eden space 603136K, 1% used [0x0000000716100000,0x0000000716c28b68,0x000000073ae00000)
  from space 81408K, 99% used [0x000000073ae00000,0x000000073fd786f8,0x000000073fd80000)
  to   space 106496K, 0% used [0x0000000749600000,0x0000000749600000,0x000000074fe00000)
 ParOldGen       total 687104K, used 187229K [0x00000005c2200000, 0x00000005ec100000, 0x0000000716100000)
  object space 687104K, 27% used [0x00000005c2200000,0x00000005cd8d7700,0x00000005ec100000)
 Metaspace       used 101603K, capacity 105039K, committed 105432K, reserved 1138688K
  class space    used 15470K, capacity 15955K, committed 16088K, reserved 1048576K

Card table byte_map: [0x0000000011ac0000,0x0000000012ab0000] byte_map_base: 0x000000000ecaf000

Marking Bits: (ParMarkBitMap*) 0x0000000061a9d850
 Begin Bits: [0x0000000014250000, 0x000000001c1c8000)
 End Bits:   [0x000000001c1c8000, 0x0000000024140000)

Polling page: 0x0000000000430000

CodeCache: size=245760Kb used=42342Kb max_used=42396Kb free=203417Kb
 bounds [0x0000000002700000, 0x00000000050c0000, 0x0000000011700000]
 total_blobs=12497 nmethods=10758 adapters=1645
 compilation: enabled

Compilation events (10 events):
Event: 35.232 Thread 0x000000002771b000 13325       3       java.util.zip.ZStreamRef::clear (6 bytes)
Event: 35.233 Thread 0x000000002771b000 nmethod 13325 0x0000000004a14010 code [0x0000000004a14160, 0x0000000004a142d0]
Event: 35.233 Thread 0x000000002770a800 nmethod 13324 0x0000000004a13790 code [0x0000000004a13920, 0x0000000004a13dc8]
Event: 35.585 Thread 0x00000000276dd000 nmethod 13234 0x00000000050a2dd0 code [0x00000000050a39a0, 0x00000000050a9900]
Event: 35.699 Thread 0x000000002771c000 13326       1       graphics.scenery.controls.MouseAndKeyHandlerBase::getShouldClose (5 bytes)
Event: 35.700 Thread 0x0000000027721000 13327       1       graphics.scenery.controls.MouseAndKeyHandlerBase::getController (5 bytes)
Event: 35.700 Thread 0x0000000027721000 nmethod 13327 0x0000000004a13050 code [0x0000000004a131a0, 0x0000000004a132b0]
Event: 35.700 Thread 0x000000002771c000 nmethod 13326 0x0000000004a12d90 code [0x0000000004a12ee0, 0x0000000004a12ff0]
Event: 35.705 Thread 0x000000002771b000 13328       1       graphics.scenery.controls.MouseAndKeyHandlerBase::access$getGamepads$p (5 bytes)
Event: 35.705 Thread 0x000000002771b000 nmethod 13328 0x0000000004a12a10 code [0x0000000004a12b60, 0x0000000004a12c50]

GC Heap History (10 events):
Event: 30.422 GC heap before
{Heap before GC invocations=11 (full 3):
 PSYoungGen      total 441344K, used 368640K [0x0000000716100000, 0x000000073f700000, 0x00000007c0000000)
  eden space 368640K, 100% used [0x0000000716100000,0x000000072c900000,0x000000072c900000)
  from space 72704K, 0% used [0x000000072c900000,0x000000072c900000,0x0000000731000000)
  to   space 90624K, 0% used [0x0000000739e80000,0x0000000739e80000,0x000000073f700000)
 ParOldGen       total 513024K, used 115974K [0x00000005c2200000, 0x00000005e1700000, 0x0000000716100000)
  object space 513024K, 22% used [0x00000005c2200000,0x00000005c9341840,0x00000005e1700000)
 Metaspace       used 70076K, capacity 72695K, committed 72792K, reserved 1112064K
  class space    used 10397K, capacity 10815K, committed 10840K, reserved 1048576K
Event: 30.432 GC heap after
Heap after GC invocations=11 (full 3):
 PSYoungGen      total 589824K, used 32257K [0x0000000716100000, 0x000000073f500000, 0x00000007c0000000)
  eden space 501248K, 0% used [0x0000000716100000,0x0000000716100000,0x0000000734a80000)
  from space 88576K, 36% used [0x0000000739e80000,0x000000073be00788,0x000000073f500000)
  to   space 86016K, 0% used [0x0000000734a80000,0x0000000734a80000,0x0000000739e80000)
 ParOldGen       total 513024K, used 115987K [0x00000005c2200000, 0x00000005e1700000, 0x0000000716100000)
  object space 513024K, 22% used [0x00000005c2200000,0x00000005c9344ed8,0x00000005e1700000)
 Metaspace       used 70076K, capacity 72695K, committed 72792K, reserved 1112064K
  class space    used 10397K, capacity 10815K, committed 10840K, reserved 1048576K
}
Event: 32.327 GC heap before
{Heap before GC invocations=12 (full 3):
 PSYoungGen      total 589824K, used 533505K [0x0000000716100000, 0x000000073f500000, 0x00000007c0000000)
  eden space 501248K, 100% used [0x0000000716100000,0x0000000734a80000,0x0000000734a80000)
  from space 88576K, 36% used [0x0000000739e80000,0x000000073be00788,0x000000073f500000)
  to   space 86016K, 0% used [0x0000000734a80000,0x0000000734a80000,0x0000000739e80000)
 ParOldGen       total 513024K, used 115990K [0x00000005c2200000, 0x00000005e1700000, 0x0000000716100000)
  object space 513024K, 22% used [0x00000005c2200000,0x00000005c9345850,0x00000005e1700000)
 Metaspace       used 85881K, capacity 89219K, committed 89304K, reserved 1124352K
  class space    used 14037K, capacity 14498K, committed 14552K, reserved 1048576K
Event: 32.344 GC heap after
Heap after GC invocations=12 (full 3):
 PSYoungGen      total 587264K, used 36707K [0x0000000716100000, 0x0000000744c80000, 0x00000007c0000000)
  eden space 501248K, 0% used [0x0000000716100000,0x0000000716100000,0x0000000734a80000)
  from space 86016K, 42% used [0x0000000734a80000,0x0000000736e58ca8,0x0000000739e80000)
  to   space 80896K, 0% used [0x000000073fd80000,0x000000073fd80000,0x0000000744c80000)
 ParOldGen       total 513024K, used 115998K [0x00000005c2200000, 0x00000005e1700000, 0x0000000716100000)
  object space 513024K, 22% used [0x00000005c2200000,0x00000005c9347850,0x00000005e1700000)
 Metaspace       used 85881K, capacity 89219K, committed 89304K, reserved 1124352K
  class space    used 14037K, capacity 14498K, committed 14552K, reserved 1048576K
}
Event: 33.328 GC heap before
{Heap before GC invocations=13 (full 3):
 PSYoungGen      total 587264K, used 336387K [0x0000000716100000, 0x0000000744c80000, 0x00000007c0000000)
  eden space 501248K, 59% used [0x0000000716100000,0x00000007285a8070,0x0000000734a80000)
  from space 86016K, 42% used [0x0000000734a80000,0x0000000736e58ca8,0x0000000739e80000)
  to   space 80896K, 0% used [0x000000073fd80000,0x000000073fd80000,0x0000000744c80000)
 ParOldGen       total 513024K, used 115998K [0x00000005c2200000, 0x00000005e1700000, 0x0000000716100000)
  object space 513024K, 22% used [0x00000005c2200000,0x00000005c9347850,0x00000005e1700000)
 Metaspace       used 94699K, capacity 98145K, committed 98280K, reserved 1132544K
  class space    used 14911K, capacity 15397K, committed 15448K, reserved 1048576K
Event: 33.344 GC heap after
Heap after GC invocations=13 (full 3):
 PSYoungGen      total 684032K, used 50164K [0x0000000716100000, 0x0000000745000000, 0x00000007c0000000)
  eden space 603136K, 0% used [0x0000000716100000,0x0000000716100000,0x000000073ae00000)
  from space 80896K, 62% used [0x000000073fd80000,0x0000000742e7d290,0x0000000744c80000)
  to   space 81408K, 0% used [0x000000073ae00000,0x000000073ae00000,0x000000073fd80000)
 ParOldGen       total 513024K, used 116022K [0x00000005c2200000, 0x00000005e1700000, 0x0000000716100000)
  object space 513024K, 22% used [0x00000005c2200000,0x00000005c934d850,0x00000005e1700000)
 Metaspace       used 94699K, capacity 98145K, committed 98280K, reserved 1132544K
  class space    used 14911K, capacity 15397K, committed 15448K, reserved 1048576K
}
Event: 33.344 GC heap before
{Heap before GC invocations=14 (full 4):
 PSYoungGen      total 684032K, used 50164K [0x0000000716100000, 0x0000000745000000, 0x00000007c0000000)
  eden space 603136K, 0% used [0x0000000716100000,0x0000000716100000,0x000000073ae00000)
  from space 80896K, 62% used [0x000000073fd80000,0x0000000742e7d290,0x0000000744c80000)
  to   space 81408K, 0% used [0x000000073ae00000,0x000000073ae00000,0x000000073fd80000)
 ParOldGen       total 513024K, used 116022K [0x00000005c2200000, 0x00000005e1700000, 0x0000000716100000)
  object space 513024K, 22% used [0x00000005c2200000,0x00000005c934d850,0x00000005e1700000)
 Metaspace       used 94699K, capacity 98145K, committed 98280K, reserved 1132544K
  class space    used 14911K, capacity 15397K, committed 15448K, reserved 1048576K
Event: 33.494 GC heap after
Heap after GC invocations=14 (full 4):
 PSYoungGen      total 684032K, used 0K [0x0000000716100000, 0x0000000745000000, 0x00000007c0000000)
  eden space 603136K, 0% used [0x0000000716100000,0x0000000716100000,0x000000073ae00000)
  from space 80896K, 0% used [0x000000073fd80000,0x000000073fd80000,0x0000000744c80000)
  to   space 81408K, 0% used [0x000000073ae00000,0x000000073ae00000,0x000000073fd80000)
 ParOldGen       total 687104K, used 149912K [0x00000005c2200000, 0x00000005ec100000, 0x0000000716100000)
  object space 687104K, 21% used [0x00000005c2200000,0x00000005cb466028,0x00000005ec100000)
 Metaspace       used 94633K, capacity 97979K, committed 98280K, reserved 1132544K
  class space    used 14908K, capacity 15387K, committed 15448K, reserved 1048576K
}
Event: 35.197 GC heap before
{Heap before GC invocations=15 (full 4):
 PSYoungGen      total 684032K, used 603136K [0x0000000716100000, 0x0000000745000000, 0x00000007c0000000)
  eden space 603136K, 100% used [0x0000000716100000,0x000000073ae00000,0x000000073ae00000)
  from space 80896K, 0% used [0x000000073fd80000,0x000000073fd80000,0x0000000744c80000)
  to   space 81408K, 0% used [0x000000073ae00000,0x000000073ae00000,0x000000073fd80000)
 ParOldGen       total 687104K, used 149912K [0x00000005c2200000, 0x00000005ec100000, 0x0000000716100000)
  object space 687104K, 21% used [0x00000005c2200000,0x00000005cb466028,0x00000005ec100000)
 Metaspace       used 101571K, capacity 104975K, committed 105432K, reserved 1138688K
  class space    used 15467K, capacity 15955K, committed 16088K, reserved 1048576K
Event: 35.230 GC heap after
Heap after GC invocations=15 (full 4):
 PSYoungGen      total 684544K, used 81377K [0x0000000716100000, 0x000000074fe00000, 0x00000007c0000000)
  eden space 603136K, 0% used [0x0000000716100000,0x0000000716100000,0x000000073ae00000)
  from space 81408K, 99% used [0x000000073ae00000,0x000000073fd786f8,0x000000073fd80000)
  to   space 106496K, 0% used [0x0000000749600000,0x0000000749600000,0x000000074fe00000)
 ParOldGen       total 687104K, used 187229K [0x00000005c2200000, 0x00000005ec100000, 0x0000000716100000)
  object space 687104K, 27% used [0x00000005c2200000,0x00000005cd8d7700,0x00000005ec100000)
 Metaspace       used 101571K, capacity 104975K, committed 105432K, reserved 1138688K
  class space    used 15467K, capacity 15955K, committed 16088K, reserved 1048576K
}

Deoptimization events (10 events):
Event: 35.186 Thread 0x000000002771e000 Uncommon trap: reason=unstable_if action=reinterpret pc=0x00000000042a5c98 method=sun.util.calendar.CalendarUtils.isGregorianLeapYear(I)Z @ 3
Event: 35.186 Thread 0x000000002771e000 Uncommon trap: reason=unstable_if action=reinterpret pc=0x0000000003e3e438 method=sun.util.calendar.AbstractCalendar.getCalendarDate(JLsun/util/calendar/CalendarDate;)Lsun/util/calendar/CalendarDate; @ 20
Event: 35.186 Thread 0x000000002771e000 Uncommon trap: reason=unstable_if action=reinterpret pc=0x0000000002d88110 method=sun.util.calendar.CalendarUtils.isGregorianLeapYear(I)Z @ 3
Event: 35.186 Thread 0x000000002771e000 Uncommon trap: reason=class_check action=maybe_recompile pc=0x00000000040728f8 method=java.lang.AbstractStringBuilder.append(Ljava/lang/CharSequence;)Ljava/lang/AbstractStringBuilder; @ 37
Event: 35.186 Thread 0x000000002771e000 Uncommon trap: reason=unstable_if action=reinterpret pc=0x000000000392ab74 method=sun.util.calendar.CalendarUtils.isGregorianLeapYear(I)Z @ 3
Event: 35.186 Thread 0x000000002771e000 Uncommon trap: reason=unstable_if action=reinterpret pc=0x0000000003e36cc0 method=sun.util.calendar.AbstractCalendar.getCalendarDate(JLsun/util/calendar/CalendarDate;)Lsun/util/calendar/CalendarDate; @ 20
Event: 35.191 Thread 0x000000002771e000 Uncommon trap: reason=class_check action=maybe_recompile pc=0x00000000040728f8 method=java.lang.AbstractStringBuilder.append(Ljava/lang/CharSequence;)Ljava/lang/AbstractStringBuilder; @ 37
Event: 35.191 Thread 0x000000002771e000 Uncommon trap: reason=class_check action=maybe_recompile pc=0x00000000040728f8 method=java.lang.AbstractStringBuilder.append(Ljava/lang/CharSequence;)Ljava/lang/AbstractStringBuilder; @ 37
Event: 35.232 Thread 0x0000000027636800 Uncommon trap: reason=unstable_if action=reinterpret pc=0x0000000002fcb970 method=java.util.HashMap$HashIterator.<init>(Ljava/util/HashMap;)V @ 45
Event: 35.233 Thread 0x0000000027636800 Uncommon trap: reason=unstable_if action=reinterpret pc=0x0000000003374fcc method=java.util.HashMap$HashIterator.<init>(Ljava/util/HashMap;)V @ 45

Internal exceptions (10 events):
Event: 34.152 Thread 0x000000002771e000 Exception <a 'sun/nio/fs/WindowsException'> (0x0000000727fc09d8) thrown at [C:\re\workspace\8-2-build-windows-amd64-cygwin\jdk8u141\9370\hotspot\src\share\vm\prims\jni.cpp, line 709]
Event: 34.427 Thread 0x000000002771e000 Implicit null exception at 0x000000000448fbd1 to 0x0000000004492269
Event: 34.733 Thread 0x000000002771e000 Exception <a 'java/lang/ClassNotFoundException': graphics/scenery/controls/GLFWMouseAndKeyHandler> (0x0000000729e61a70) thrown at [C:\re\workspace\8-2-build-windows-amd64-cygwin\jdk8u141\9370\hotspot\src\share\vm\classfile\systemDictionary.cpp, line 210]
Event: 34.735 Thread 0x000000002771e000 Exception <a 'java/lang/ClassNotFoundException': graphics/scenery/controls/JOGLMouseAndKeyHandler> (0x0000000729ee3690) thrown at [C:\re\workspace\8-2-build-windows-amd64-cygwin\jdk8u141\9370\hotspot\src\share\vm\classfile\systemDictionary.cpp, line 210]
Event: 34.737 Thread 0x000000002771e000 Exception <a 'java/lang/ClassNotFoundException': graphics/scenery/controls/SwingMouseAndKeyHandler> (0x0000000729f5c0a0) thrown at [C:\re\workspace\8-2-build-windows-amd64-cygwin\jdk8u141\9370\hotspot\src\share\vm\classfile\systemDictionary.cpp, line 210]
Event: 34.941 Thread 0x000000002771e000 Implicit null exception at 0x0000000003cd964d to 0x0000000003cda1a9
Event: 35.047 Thread 0x000000002771e000 Exception <a 'java/io/FileNotFoundException'> (0x0000000738e994a8) thrown at [C:\re\workspace\8-2-build-windows-amd64-cygwin\jdk8u141\9370\hotspot\src\share\vm\prims\jni.cpp, line 709]
Event: 35.072 Thread 0x000000002771e000 Exception <a 'java/io/FileNotFoundException'> (0x00000007398a6550) thrown at [C:\re\workspace\8-2-build-windows-amd64-cygwin\jdk8u141\9370\hotspot\src\share\vm\prims\jni.cpp, line 709]
Event: 35.186 Thread 0x000000002771e000 Implicit null exception at 0x0000000003e3d91b to 0x0000000003e3e419
Event: 35.186 Thread 0x000000002771e000 Implicit null exception at 0x0000000003e3619b to 0x0000000003e36ca1

Events (10 events):
Event: 35.233 Executing VM operation: RevokeBias
Event: 35.233 Executing VM operation: RevokeBias done
Event: 35.234 Executing VM operation: RevokeBias
Event: 35.234 Executing VM operation: RevokeBias done
Event: 35.234 Executing VM operation: RevokeBias
Event: 35.234 Executing VM operation: RevokeBias done
Event: 35.234 Executing VM operation: RevokeBias
Event: 35.234 Executing VM operation: RevokeBias done
Event: 35.234 Executing VM operation: RevokeBias
Event: 35.568 Executing VM operation: RevokeBias done


Dynamic libraries:
0x00007ff641f80000 - 0x00007ff641fb7000 	C:\Program Files\Java\jdk1.8.0_141\bin\java.exe
0x00007ffef8f10000 - 0x00007ffef9105000 	C:\Windows\SYSTEM32\ntdll.dll
0x00007ffef7af0000 - 0x00007ffef7bad000 	C:\Windows\System32\KERNEL32.DLL
0x00007ffef67b0000 - 0x00007ffef6a78000 	C:\Windows\System32\KERNELBASE.dll
0x00007ffef8070000 - 0x00007ffef811c000 	C:\Windows\System32\ADVAPI32.dll
0x00007ffef8360000 - 0x00007ffef83fe000 	C:\Windows\System32\msvcrt.dll
0x00007ffef79f0000 - 0x00007ffef7a8b000 	C:\Windows\System32\sechost.dll
0x00007ffef7f40000 - 0x00007ffef806b000 	C:\Windows\System32\RPCRT4.dll
0x00007ffef7320000 - 0x00007ffef74c0000 	C:\Windows\System32\USER32.dll
0x00007ffef6df0000 - 0x00007ffef6e12000 	C:\Windows\System32\win32u.dll
0x00007ffef7bb0000 - 0x00007ffef7bda000 	C:\Windows\System32\GDI32.dll
0x00007ffef6650000 - 0x00007ffef675b000 	C:\Windows\System32\gdi32full.dll
0x00007ffef6ed0000 - 0x00007ffef6f6d000 	C:\Windows\System32\msvcp_win.dll
0x00007ffef6b10000 - 0x00007ffef6c10000 	C:\Windows\System32\ucrtbase.dll
0x00007ffee1ab0000 - 0x00007ffee1d4a000 	C:\Windows\WinSxS\amd64_microsoft.windows.common-controls_6595b64144ccf1df_6.0.19041.844_none_ca00b6081b84eb1d\COMCTL32.dll
0x00007ffef8be0000 - 0x00007ffef8c10000 	C:\Windows\System32\IMM32.DLL
0x0000000061b20000 - 0x0000000061bf2000 	C:\Program Files\Java\jdk1.8.0_141\jre\bin\msvcr100.dll
0x0000000061280000 - 0x0000000061b1d000 	C:\Program Files\Java\jdk1.8.0_141\jre\bin\server\jvm.dll
0x00007ffef8290000 - 0x00007ffef8298000 	C:\Windows\System32\PSAPI.DLL
0x00007ffef20b0000 - 0x00007ffef20b9000 	C:\Windows\SYSTEM32\WSOCK32.dll
0x00007ffee2260000 - 0x00007ffee2287000 	C:\Windows\SYSTEM32\WINMM.dll
0x00007ffeef4e0000 - 0x00007ffeef4ea000 	C:\Windows\SYSTEM32\VERSION.dll
0x00007ffef8120000 - 0x00007ffef818b000 	C:\Windows\System32\WS2_32.dll
0x0000000061270000 - 0x000000006127f000 	C:\Program Files\Java\jdk1.8.0_141\jre\bin\verify.dll
0x0000000061240000 - 0x0000000061269000 	C:\Program Files\Java\jdk1.8.0_141\jre\bin\java.dll
0x00000000611b0000 - 0x00000000611d3000 	C:\Program Files\Java\jdk1.8.0_141\jre\bin\instrument.dll
0x0000000061220000 - 0x0000000061236000 	C:\Program Files\Java\jdk1.8.0_141\jre\bin\zip.dll
0x00007ffef8480000 - 0x00007ffef8bc2000 	C:\Windows\System32\SHELL32.dll
0x00007ffef4780000 - 0x00007ffef4f10000 	C:\Windows\SYSTEM32\windows.storage.dll
0x00007ffef7be0000 - 0x00007ffef7f35000 	C:\Windows\System32\combase.dll
0x00007ffef60c0000 - 0x00007ffef60ec000 	C:\Windows\SYSTEM32\Wldp.dll
0x00007ffef7940000 - 0x00007ffef79ee000 	C:\Windows\System32\SHCORE.dll
0x00007ffef8300000 - 0x00007ffef8355000 	C:\Windows\System32\shlwapi.dll
0x00007ffef6590000 - 0x00007ffef65af000 	C:\Windows\SYSTEM32\profapi.dll
0x00007ffee0eb0000 - 0x00007ffee0eca000 	D:\intellij\IntelliJ IDEA Community Edition 2020.3.3\bin\breakgen64.dll
0x0000000061200000 - 0x000000006121a000 	C:\Program Files\Java\jdk1.8.0_141\jre\bin\net.dll
0x00007ffef5e30000 - 0x00007ffef5e9a000 	C:\Windows\system32\mswsock.dll
0x0000000061010000 - 0x00000000611a8000 	C:\Program Files\Java\jdk1.8.0_141\jre\bin\awt.dll
0x00007ffef70a0000 - 0x00007ffef716d000 	C:\Windows\System32\OLEAUT32.dll
0x00007ffef3af0000 - 0x00007ffef3b80000 	C:\Windows\SYSTEM32\apphelp.dll
0x00007ffef3c30000 - 0x00007ffef3cce000 	C:\Windows\system32\uxtheme.dll
0x00007ffef7200000 - 0x00007ffef7315000 	C:\Windows\System32\MSCTF.dll
0x00007ffef6f70000 - 0x00007ffef709a000 	C:\Windows\System32\ole32.dll
0x00007ffef4f20000 - 0x00007ffef4f32000 	C:\Windows\SYSTEM32\kernel.appcore.dll
0x00007ffef6d70000 - 0x00007ffef6df0000 	C:\Windows\System32\bcryptPrimitives.dll
0x00007ffef3fb0000 - 0x00007ffef3fdf000 	C:\Windows\system32\DWMAPI.DLL
0x00007ffecd2a0000 - 0x00007ffecd3c6000 	C:\Windows\system32\opengl32.dll
0x00007ffee3c80000 - 0x00007ffee3cac000 	C:\Windows\SYSTEM32\GLU32.dll
0x00007ffee3660000 - 0x00007ffee382e000 	C:\Windows\system32\d3d9.dll
0x00007ffea61f0000 - 0x00007ffea6351000 	C:\Windows\System32\DriverStore\FileRepository\iigd_dch.inf_amd64_9b80ee53e83f0248\igdumdim64.dll
0x00007ffe78590000 - 0x00007ffe7beb2000 	C:\Windows\System32\DriverStore\FileRepository\iigd_dch.inf_amd64_9b80ee53e83f0248\igd9dxva64.dll
0x00007ffef74c0000 - 0x00007ffef7929000 	C:\Windows\System32\SETUPAPI.dll
0x00007ffef6760000 - 0x00007ffef67ae000 	C:\Windows\System32\cfgmgr32.dll
0x00007ffef6ae0000 - 0x00007ffef6b07000 	C:\Windows\System32\bcrypt.dll
0x00007ffeea360000 - 0x00007ffeea507000 	C:\Windows\System32\DriverStore\FileRepository\iigd_dch.inf_amd64_9b80ee53e83f0248\igdgmm64.dll
0x00007ffef0bf0000 - 0x00007ffef0cf5000 	C:\Windows\System32\DriverStore\FileRepository\nvrz.inf_amd64_ae037692fbb16136\nvldumdx.dll
0x00007ffef6240000 - 0x00007ffef6252000 	C:\Windows\SYSTEM32\msasn1.dll
0x00007ffeecb50000 - 0x00007ffeecb81000 	C:\Windows\SYSTEM32\cryptnet.dll
0x00007ffef6c10000 - 0x00007ffef6d6f000 	C:\Windows\System32\CRYPT32.dll
0x00007ffef6000000 - 0x00007ffef600c000 	C:\Windows\SYSTEM32\cryptbase.dll
0x00007ffef6a80000 - 0x00007ffef6ae0000 	C:\Windows\System32\WINTRUST.DLL
0x00007ffef8270000 - 0x00007ffef828d000 	C:\Windows\System32\imagehlp.dll
0x00007ffef6010000 - 0x00007ffef6028000 	C:\Windows\SYSTEM32\CRYPTSP.dll
0x00007ffef5760000 - 0x00007ffef5794000 	C:\Windows\system32\rsaenh.dll
0x00007ffe9a930000 - 0x00007ffe9c578000 	C:\Windows\System32\DriverStore\FileRepository\nvrz.inf_amd64_ae037692fbb16136\nvd3dumx.dll
0x00007ffea3ca0000 - 0x00007ffea3f59000 	C:\Windows\system32\nvspcap64.dll
0x00007ffef5390000 - 0x00007ffef53c3000 	C:\Windows\SYSTEM32\ntmarta.dll
0x00007ffef4f40000 - 0x00007ffef4f63000 	C:\Windows\SYSTEM32\gpapi.dll
0x00007ffeebdc0000 - 0x00007ffeebdfb000 	C:\Windows\SYSTEM32\dxcore.dll
0x0000000060fc0000 - 0x0000000061007000 	C:\Program Files\Java\jdk1.8.0_141\jre\bin\fontmanager.dll
0x00000000611e0000 - 0x00000000611f1000 	C:\Program Files\Java\jdk1.8.0_141\jre\bin\nio.dll
0x0000000060f70000 - 0x0000000060fb2000 	C:\Program Files\Java\jdk1.8.0_141\jre\bin\t2k.dll
0x00007ffef6510000 - 0x00007ffef653e000 	C:\Windows\SYSTEM32\USERENV.dll
0x00007ffef5ad0000 - 0x00007ffef5b0b000 	C:\Windows\SYSTEM32\IPHLPAPI.DLL
0x00007ffef8bd0000 - 0x00007ffef8bd8000 	C:\Windows\System32\NSI.dll
0x00007ffeedd10000 - 0x00007ffeedd27000 	C:\Windows\SYSTEM32\dhcpcsvc6.DLL
0x00007ffeee9c0000 - 0x00007ffeee9dd000 	C:\Windows\SYSTEM32\dhcpcsvc.DLL
0x00007ffef5b10000 - 0x00007ffef5bdc000 	C:\Windows\SYSTEM32\DNSAPI.dll
0x00007ffef8c10000 - 0x00007ffef8cb9000 	C:\Windows\System32\clbcatq.dll
0x00007ffeef510000 - 0x00007ffeef6c4000 	C:\Windows\SYSTEM32\WindowsCodecs.dll
0x00007ffee0c50000 - 0x00007ffee0c8e000 	C:\Windows\system32\dataexchange.dll
0x00007ffef27c0000 - 0x00007ffef2a24000 	C:\Windows\system32\d3d11.dll
0x00007ffef2ff0000 - 0x00007ffef31d5000 	C:\Windows\system32\dcomp.dll
0x00007ffef50b0000 - 0x00007ffef51a4000 	C:\Windows\system32\dxgi.dll
0x00007ffeefd40000 - 0x00007ffeeff41000 	C:\Windows\system32\twinapi.appcore.dll
0x00007ffede1b0000 - 0x00007ffede2a9000 	C:\Windows\SYSTEM32\textinputframework.dll
0x00007ffef31e0000 - 0x00007ffef353e000 	C:\Windows\System32\CoreUIComponents.dll
0x00007ffef38c0000 - 0x00007ffef39b2000 	C:\Windows\System32\CoreMessaging.dll
0x00007ffef2200000 - 0x00007ffef2354000 	C:\Windows\SYSTEM32\wintypes.dll
0x00007ffea5d40000 - 0x00007ffea5f2f000 	C:\Windows\system32\SogouTSF.ime
0x00007ffef1ff0000 - 0x00007ffef1ff7000 	C:\Windows\system32\MSIMG32.dll
0x00007ffea5250000 - 0x00007ffea5aea000 	C:\Windows\system32\SogouPy.ime
0x00007ffef0b80000 - 0x00007ffef0be6000 	C:\Windows\SYSTEM32\OLEACC.dll
0x00007ffee2fe0000 - 0x00007ffee30eb000 	C:\Windows\SYSTEM32\WINHTTP.dll
0x000000003ed00000 - 0x000000003ee1e000 	D:\?????\SogouInput\10.1.0.4428\Resource.dll
0x00007ffec4bd0000 - 0x00007ffec4e39000 	D:\?????\SogouInput\Components\PicFace\1.1.0.1876\PicFace64.dll
0x00007ffef8190000 - 0x00007ffef826a000 	C:\Windows\System32\COMDLG32.dll
0x00007ffebe8b0000 - 0x00007ffebe95c000 	C:\Windows\SYSTEM32\TextShaping.dll
0x0000000060f40000 - 0x0000000060f6a000 	C:\Program Files\Java\jdk1.8.0_141\jre\bin\dcpr.dll
0x00007ffee3190000 - 0x00007ffee3240000 	C:\Windows\WinSxS\amd64_microsoft.windows.common-controls_6595b64144ccf1df_5.82.19041.844_none_423537bff6b9828c\comctl32.dll
0x00007ffef1490000 - 0x00007ffef1587000 	C:\Windows\system32\propsys.dll
0x00007ffee0e90000 - 0x00007ffee0ea7000 	C:\Windows\system32\NetworkExplorer.dll
0x00007ffed6c30000 - 0x00007ffed6c96000 	C:\Windows\System32\thumbcache.dll
0x00007ffed2e40000 - 0x00007ffed2e5d000 	C:\Windows\SYSTEM32\MPR.dll
0x00007ffee2b90000 - 0x00007ffee2b9b000 	C:\Windows\System32\drprov.dll
0x00007ffef5440000 - 0x00007ffef549a000 	C:\Windows\System32\WINSTA.dll
0x00007ffee0e70000 - 0x00007ffee0e88000 	C:\Windows\System32\ntlanman.dll
0x00007ffee0e50000 - 0x00007ffee0e6e000 	C:\Windows\System32\davclnt.dll
0x00007ffee0e00000 - 0x00007ffee0e0d000 	C:\Windows\System32\DAVHLPR.dll
0x00007ffef5880000 - 0x00007ffef5897000 	C:\Windows\System32\wkscli.dll
0x00007ffecc760000 - 0x00007ffecc772000 	C:\Windows\SYSTEM32\cscapi.dll
0x00007ffef5be0000 - 0x00007ffef5bec000 	C:\Windows\System32\netutils.dll
0x00007ffec5810000 - 0x00007ffec5868000 	C:\Windows\System32\dlnashext.dll
0x00007ffebb3e0000 - 0x00007ffebb444000 	C:\Windows\System32\PlayToDevice.dll
0x00007ffedf090000 - 0x00007ffedf0b0000 	C:\Windows\System32\DevDispItemProvider.dll
0x00007ffeeee10000 - 0x00007ffeeee95000 	C:\Windows\System32\MMDevApi.dll
0x00007ffef6400000 - 0x00007ffef642c000 	C:\Windows\System32\DEVOBJ.dll
0x00007ffea6140000 - 0x00007ffea61e3000 	C:\Windows\system32\wpdshext.dll
0x00007ffee2e30000 - 0x00007ffee2fdb000 	C:\Windows\WinSxS\amd64_microsoft.windows.gdiplus_6595b64144ccf1df_1.1.19041.928_none_faefac437613c6cc\gdiplus.dll
0x00007ffebbb10000 - 0x00007ffebbbb3000 	C:\Windows\System32\PortableDeviceApi.dll
0x00007ffecc700000 - 0x00007ffecc737000 	C:\Windows\System32\EhStorShell.dll
0x00007ffeb9710000 - 0x00007ffeb9736000 	C:\Windows\System32\EhStorAPI.dll
0x00007ffef18b0000 - 0x00007ffef18c4000 	C:\Windows\System32\WTSAPI32.dll
0x00007ffee30f0000 - 0x00007ffee30fd000 	C:\Windows\SYSTEM32\LINKINFO.dll
0x00007ffed02e0000 - 0x00007ffed02ec000 	C:\Windows\SYSTEM32\Secur32.dll
0x00007ffef6540000 - 0x00007ffef6571000 	C:\Windows\SYSTEM32\SSPICLI.DLL
0x00007ffede350000 - 0x00007ffede3b2000 	C:\Windows\System32\Windows.FileExplorer.Common.dll
0x00007ffed5f20000 - 0x00007ffed61d0000 	C:\Windows\System32\iertutil.dll

VM Arguments:
jvm_args: -javaagent:D:\intellij\IntelliJ IDEA Community Edition 2020.3.3\lib\idea_rt.jar=60148:D:\intellij\IntelliJ IDEA Community Edition 2020.3.3\bin -Dfile.encoding=UTF-8 
java_command: com.intellij.rt.execution.CommandLineWrapper C:\Users\lanru\AppData\Local\Temp\idea_classpath162432419 org.mastodon.tomancak.SciViewPlugin
java_class_path (initial): D:\intellij\IntelliJ IDEA Community Edition 2020.3.3\lib\idea_rt.jar;D:\intellij\IntelliJ IDEA Community Edition 2020.3.3\lib\idea_rt.jar
Launcher Type: SUN_STANDARD

Environment Variables:
JAVA_HOME=C:\Program Files\Java\jdk1.8.0_141
CLASSPATH=.;C:\Program Files\Java\jdk1.8.0_141\lib\dt.jar;C:\Program Files\Java\jdk1.8.0_141\lib\tools.jar;  
PATH=C:\Program Files\Oculus\Support\oculus-runtime;C:\Program Files\Java\jdk1.8.0_141\bin;C:\Program Files\Java\jdk1.8.0_141\jre\bin;D:\CMake\bin;C:\Program Files\dotnet\;D:\maven\apache-maven-3.8.1\bin;C:\Users\lanru\AppData\Local\Microsoft\WindowsApps;;D:\VScode\Microsoft VS Code\bin;C:\Users\lanru\.dotnet\tools
USERNAME=lanru
OS=Windows_NT
PROCESSOR_IDENTIFIER=Intel64 Family 6 Model 165 Stepping 2, GenuineIntel



---------------  S Y S T E M  ---------------

OS: Windows 10.0 , 64 bit Build 19041 (10.0.19041.928)

CPU:total 16 (initial active 16) (8 cores per cpu, 2 threads per core) family 6 model 165 stepping 2, cmov, cx8, fxsr, mmx, sse, sse2, sse3, ssse3, sse4.1, sse4.2, popcnt, avx, avx2, aes, clmul, erms, 3dnowpref, lzcnt, ht, tsc, tscinvbit, bmi1, bmi2, adx

Memory: 4k page, physical 33413348k(22415944k free), swap 76474156k(1621148k free)

vm_info: Java HotSpot(TM) 64-Bit Server VM (25.141-b15) for windows-amd64 JRE (1.8.0_141-b15), built on Jul 12 2017 04:25:12 by "java_re" with MS VC++ 10.0 (VS2010)

time: Thu May 27 11:44:19 2021
elapsed time: 35 seconds (0d 0h 0m 35s)

