#
# A fatal error has been detected by the Java Runtime Environment:
#
#  EXCEPTION_ACCESS_VIOLATION (0xc0000005) at pc=0x00007ffa3de3a90b, pid=2712, tid=0x0000000000001e0c
#
# JRE version: Java(TM) SE Runtime Environment (8.0_301-b09) (build 1.8.0_301-b09)
# Java VM: Java HotSpot(TM) 64-Bit Server VM (25.301-b09 mixed mode windows-amd64 compressed oops)
# Problematic frame:
# C  0x00007ffa3de3a90b
#
# Failed to write core dump. Minidumps are not enabled by default on client versions of Windows
#
# If you would like to submit a bug report, please visit:
#   http://bugreport.java.com/bugreport/crash.jsp
# The crash happened outside the Java Virtual Machine in native code.
# See problematic frame for where to report the bug.
#

---------------  T H R E A D  ---------------

Current thread (0x000002e754e62000):  JavaThread "SciJava-79861efe-Thread-0" [_thread_in_native, id=7692, stack(0x000000ec1a700000,0x000000ec1a800000)]

siginfo: ExceptionCode=0xc0000005, reading address 0xffffffffffffffff

Registers:
RAX=0x000002e76ae1e8f8, RBX=0x0000000000000001, RCX=0x0000000000000000, RDX=0x0000000000000000
RSP=0x000000ec1a7fde20, RBP=0x0000000000000003, RSI=0x000002e75a0efd7c, RDI=0x6a2f67726f0009d0
R8 =0x0000000000000000, R9 =0x0000000000000004, R10=0x0000000000000006, R11=0x000002e76ae1e8b0
R12=0x0000000000000000, R13=0x0000000000000005, R14=0x000002e75c6f0290, R15=0x000002e75a0efd58
RIP=0x00007ffa3de3a90b, EFLAGS=0x0000000000010202

Top of Stack: (sp=0x000000ec1a7fde20)
0x000000ec1a7fde20:   000002e77c650240 000002e75c6f0280
0x000000ec1a7fde30:   0000000000000002 00007ffa3de3a80b
0x000000ec1a7fde40:   000002e75a0efd20 0000000000000000
0x000000ec1a7fde50:   000002e756b5ea80 0000000000000000
0x000000ec1a7fde60:   0000000500000005 000002e75c6f0280
0x000000ec1a7fde70:   0000000000000002 000002e77c650240
0x000000ec1a7fde80:   0000000000000000 000002e75c6f0280
0x000000ec1a7fde90:   0000000000000002 000002e77c650240
0x000000ec1a7fdea0:   000002e756b5ea80 00007ffa3ddf1611
0x000000ec1a7fdeb0:   0000000000000000 0000000000000005
0x000000ec1a7fdec0:   0000000000000000 0000000000000000
0x000000ec1a7fded0:   0000000000000005 000002e75c6f0280
0x000000ec1a7fdee0:   0000000000000002 000002e77c650240
0x000000ec1a7fdef0:   000002e756ab2680 000002e72d510000
0x000000ec1a7fdf00:   000002e754e62000 000000ec1a7fe008
0x000000ec1a7fdf10:   00007ffa3ddb0a80 0000000000000000 

Instructions: (pc=0x00007ffa3de3a90b)
0x00007ffa3de3a8eb:   00 00 00 00 00 49 8b 06 41 8b cc 48 85 c0 45 8b
0x00007ffa3de3a8fb:   c4 4c 8d 58 b8 4d 0f 44 dc 49 8b bb d8 00 00 00
0x00007ffa3de3a90b:   8b 9f bc 00 00 00 85 db 74 48 4d 8b cc 0f 1f 84
0x00007ffa3de3a91b:   00 00 00 00 00 48 8b 87 c0 00 00 00 41 8b d0 48 


Register to memory mapping:

RAX=0x000002e76ae1e8f8 is an unknown value
RBX=0x0000000000000001 is an unknown value
RCX=0x0000000000000000 is an unknown value
RDX=0x0000000000000000 is an unknown value
RSP=0x000000ec1a7fde20 is pointing into the stack for thread: 0x000002e754e62000
RBP=0x0000000000000003 is an unknown value
RSI=0x000002e75a0efd7c is an unknown value
RDI=0x6a2f67726f0009d0 is an unknown value
R8 =0x0000000000000000 is an unknown value
R9 =0x0000000000000004 is an unknown value
R10=0x0000000000000006 is an unknown value
R11=0x000002e76ae1e8b0 is an unknown value
R12=0x0000000000000000 is an unknown value
R13=0x0000000000000005 is an unknown value
R14=0x000002e75c6f0290 is an unknown value
R15=0x000002e75a0efd58 is an unknown value


Stack: [0x000000ec1a700000,0x000000ec1a800000],  sp=0x000000ec1a7fde20,  free space=1015k
Native frames: (J=compiled Java code, j=interpreted, Vv=VM code, C=native code)
C  0x00007ffa3de3a90b
C  0x00007ffa3de3a80b
C  0x00007ffa3ddf1611
C  0x00007ffa70af871b
C  0x000002e72eef7119

Java frames: (J=compiled Java code, j=interpreted, Vv=VM code)
J 17685  org.lwjgl.system.JNI.callPJPPV(JIJIIJIJJ)V (0 bytes) @ 0x000002e72eef707c [0x000002e72eef7000+0x7c]
j  org.lwjgl.vulkan.VK10.nvkCmdBindDescriptorSets(Lorg/lwjgl/vulkan/VkCommandBuffer;IJIIJIJ)V+27
j  org.lwjgl.vulkan.VK10.vkCmdBindDescriptorSets(Lorg/lwjgl/vulkan/VkCommandBuffer;IJILjava/nio/LongBuffer;Ljava/nio/IntBuffer;)V+25
j  graphics.scenery.backends.vulkan.VulkanScenePass$record$1.invokeSuspend(Ljava/lang/Object;)Ljava/lang/Object;+5121
J 15538 C2 kotlin.coroutines.jvm.internal.BaseContinuationImpl.resumeWith(Ljava/lang/Object;)V (142 bytes) @ 0x000002e72ea97ebc [0x000002e72ea97e60+0x5c]
J 15560 C2 kotlinx.coroutines.DispatchedTask.run()V (658 bytes) @ 0x000002e72eaaab00 [0x000002e72eaaa860+0x2a0]
J 17967 C2 kotlinx.coroutines.EventLoopImplBase.processNextEvent()J (214 bytes) @ 0x000002e72f040438 [0x000002e72f0401e0+0x258]
J 18389 C2 kotlinx.coroutines.BuildersKt__BuildersKt.runBlocking(Lkotlin/coroutines/CoroutineContext;Lkotlin/jvm/functions/Function2;)Ljava/lang/Object; (185 bytes) @ 0x000002e72f2d8544 [0x000002e72f2d7ec0+0x684]
J 18578 C2 graphics.scenery.backends.vulkan.VulkanScenePass.record(Lgraphics/scenery/Hub;Lgraphics/scenery/backends/vulkan/VulkanRenderpass;Lgraphics/scenery/backends/vulkan/VulkanCommandBuffer;Lgraphics/scenery/backends/vulkan/VulkanRenderer$CommandPools;Ljava/util/Map;Lgraphics/scenery/backends/RenderConfigReader$RenderConfig;Ljava/util/Map;Ljava/util/List;Lkotlin/jvm/functions/Function1;Z)V (89 bytes) @ 0x000002e72f3d1498 [0x000002e72f3d1300+0x198]
j  graphics.scenery.backends.vulkan.VulkanRenderer$render$1.invokeSuspend(Ljava/lang/Object;)Ljava/lang/Object;+3230
J 15538 C2 kotlin.coroutines.jvm.internal.BaseContinuationImpl.resumeWith(Ljava/lang/Object;)V (142 bytes) @ 0x000002e72ea97ebc [0x000002e72ea97e60+0x5c]
J 15560 C2 kotlinx.coroutines.DispatchedTask.run()V (658 bytes) @ 0x000002e72eaaab00 [0x000002e72eaaa860+0x2a0]
J 17967 C2 kotlinx.coroutines.EventLoopImplBase.processNextEvent()J (214 bytes) @ 0x000002e72f040438 [0x000002e72f0401e0+0x258]
J 18389 C2 kotlinx.coroutines.BuildersKt__BuildersKt.runBlocking(Lkotlin/coroutines/CoroutineContext;Lkotlin/jvm/functions/Function2;)Ljava/lang/Object; (185 bytes) @ 0x000002e72f2d8544 [0x000002e72f2d7ec0+0x684]
J 15514 C1 graphics.scenery.backends.vulkan.VulkanRenderer.render(Lgraphics/scenery/Camera;Ljava/util/List;)V (36 bytes) @ 0x000002e72ea860a4 [0x000002e72ea85620+0xa84]
J 15443% C2 graphics.scenery.SceneryBase.sceneryMain$suspendImpl(Lgraphics/scenery/SceneryBase;Lkotlin/coroutines/Continuation;)Ljava/lang/Object; (3838 bytes) @ 0x000002e72ea32bc8 [0x000002e72ea320e0+0xae8]
J 18710 C2 graphics.scenery.SceneryBase$sceneryMain$1.invokeSuspend(Ljava/lang/Object;)Ljava/lang/Object; (28 bytes) @ 0x000002e72f44cf08 [0x000002e72f44cea0+0x68]
J 15538 C2 kotlin.coroutines.jvm.internal.BaseContinuationImpl.resumeWith(Ljava/lang/Object;)V (142 bytes) @ 0x000002e72ea97ebc [0x000002e72ea97e60+0x5c]
J 15560 C2 kotlinx.coroutines.DispatchedTask.run()V (658 bytes) @ 0x000002e72eaaab00 [0x000002e72eaaa860+0x2a0]
J 17967 C2 kotlinx.coroutines.EventLoopImplBase.processNextEvent()J (214 bytes) @ 0x000002e72f040438 [0x000002e72f0401e0+0x258]
J 18858% C2 kotlinx.coroutines.BlockingCoroutine.joinBlocking()Ljava/lang/Object; (280 bytes) @ 0x000002e72bd8c520 [0x000002e72bd8c420+0x100]
j  kotlinx.coroutines.BuildersKt__BuildersKt.runBlocking(Lkotlin/coroutines/CoroutineContext;Lkotlin/jvm/functions/Function2;)Ljava/lang/Object;+181
j  kotlinx.coroutines.BuildersKt.runBlocking(Lkotlin/coroutines/CoroutineContext;Lkotlin/jvm/functions/Function2;)Ljava/lang/Object;+2
j  kotlinx.coroutines.BuildersKt__BuildersKt.runBlocking$default(Lkotlin/coroutines/CoroutineContext;Lkotlin/jvm/functions/Function2;ILjava/lang/Object;)Ljava/lang/Object;+15
j  kotlinx.coroutines.BuildersKt.runBlocking$default(Lkotlin/coroutines/CoroutineContext;Lkotlin/jvm/functions/Function2;ILjava/lang/Object;)Ljava/lang/Object;+4
j  graphics.scenery.SceneryBase.main()V+15
j  sc.iview.DefaultSciViewService.lambda$makeSciView$0(Lsc/iview/SciView;)V+1
j  sc.iview.DefaultSciViewService$$Lambda$572.run()V+4
j  org.scijava.thread.DefaultThreadService.lambda$wrap$1(Ljava/lang/Thread;Ljava/lang/Runnable;)V+19
j  org.scijava.thread.DefaultThreadService$$Lambda$16.run()V+8
J 9112 C1 java.util.concurrent.Executors$RunnableAdapter.call()Ljava/lang/Object; (14 bytes) @ 0x000002e72d532754 [0x000002e72d532640+0x114]
J 5984 C1 java.util.concurrent.FutureTask.run()V (126 bytes) @ 0x000002e72c260554 [0x000002e72c260300+0x254]
j  java.util.concurrent.ThreadPoolExecutor.runWorker(Ljava/util/concurrent/ThreadPoolExecutor$Worker;)V+95
j  java.util.concurrent.ThreadPoolExecutor$Worker.run()V+5
j  java.lang.Thread.run()V+11
v  ~StubRoutines::call_stub

---------------  P R O C E S S  ---------------

Java Threads: ( => current thread )
  0x000002e7742eb000 JavaThread "DefaultDispatcher-worker-5" daemon [_thread_blocked, id=2180, stack(0x000000ec1d600000,0x000000ec1d700000)]
  0x000002e7742e3800 JavaThread "DefaultDispatcher-worker-4" daemon [_thread_blocked, id=10516, stack(0x000000ec1d500000,0x000000ec1d600000)]
  0x000002e713c90000 JavaThread "Thread-25" [_thread_blocked, id=13156, stack(0x000000ec1d700000,0x000000ec1d800000)]
  0x000002e755688800 JavaThread "Thread-22" [_thread_blocked, id=8544, stack(0x000000ec1d200000,0x000000ec1d300000)]
  0x000002e755687000 JavaThread "Thread-21" [_thread_blocked, id=5008, stack(0x000000ec1bf00000,0x000000ec1c000000)]
  0x000002e77411b000 JavaThread "Timer-2" [_thread_blocked, id=22564, stack(0x000000ec1ac00000,0x000000ec1ad00000)]
  0x000002e77411d800 JavaThread "iothread-5" daemon [_thread_in_native, id=12392, stack(0x000000ec1cf00000,0x000000ec1d000000)]
  0x000002e77411f800 JavaThread "iothread-4" daemon [_thread_in_native, id=11284, stack(0x000000ec1ce00000,0x000000ec1cf00000)]
  0x000002e77411e000 JavaThread "iothread-3" daemon [_thread_in_native, id=16744, stack(0x000000ec1cb00000,0x000000ec1cc00000)]
  0x000002e7553af000 JavaThread "iothread-2" daemon [_thread_in_native, id=9840, stack(0x000000ec1ca00000,0x000000ec1cb00000)]
  0x000002e7553ae800 JavaThread "reaper-1" daemon [_thread_in_native, id=8456, stack(0x000000ec1c900000,0x000000ec1ca00000)]
  0x000002e7553ad800 JavaThread "iothread-5" daemon [_thread_in_native, id=7184, stack(0x000000ec1c700000,0x000000ec1c800000)]
  0x000002e7553ad000 JavaThread "iothread-4" daemon [_thread_in_native, id=18168, stack(0x000000ec1c400000,0x000000ec1c500000)]
  0x000002e7553ac000 JavaThread "iothread-3" daemon [_thread_in_native, id=23228, stack(0x000000ec1c300000,0x000000ec1c400000)]
  0x000002e7553ab800 JavaThread "iothread-2" daemon [_thread_in_native, id=17700, stack(0x000000ec1c100000,0x000000ec1c200000)]
  0x000002e7553aa800 JavaThread "reaper-1" daemon [_thread_in_native, id=4392, stack(0x000000ec1c000000,0x000000ec1c100000)]
  0x000002e7553a3000 JavaThread "iothread-5" daemon [_thread_in_native, id=15692, stack(0x000000ec1b300000,0x000000ec1b400000)]
  0x000002e7553a9000 JavaThread "iothread-4" daemon [_thread_in_native, id=19344, stack(0x000000ec1a200000,0x000000ec1a300000)]
  0x000002e7553a6000 JavaThread "iothread-3" daemon [_thread_in_native, id=10596, stack(0x000000ec19e00000,0x000000ec19f00000)]
  0x000002e7553aa000 JavaThread "iothread-2" daemon [_thread_in_native, id=4656, stack(0x000000ec19d00000,0x000000ec19e00000)]
  0x000002e7553a2800 JavaThread "reaper-1" daemon [_thread_in_native, id=19576, stack(0x000000ec19b00000,0x000000ec19c00000)]
  0x000002e7553a8800 JavaThread "SciJava-79861efe-Thread-2" [_thread_blocked, id=5412, stack(0x000000ec19600000,0x000000ec19700000)]
  0x000002e7553a5800 JavaThread "SciJava-79861efe-Thread-1" [_thread_blocked, id=17428, stack(0x000000ec19100000,0x000000ec19200000)]
  0x000002e7553a7800 JavaThread "iothread-5" daemon [_thread_in_native, id=18808, stack(0x000000ec18f00000,0x000000ec19000000)]
  0x000002e7553a4000 JavaThread "iothread-4" daemon [_thread_in_native, id=4800, stack(0x000000ec18d00000,0x000000ec18e00000)]
  0x000002e7553a0000 JavaThread "iothread-3" daemon [_thread_in_native, id=21404, stack(0x000000ec16700000,0x000000ec16800000)]
  0x000002e7553a1800 JavaThread "iothread-2" daemon [_thread_in_native, id=19324, stack(0x000000ec16600000,0x000000ec16700000)]
  0x000002e7553a1000 JavaThread "reaper-1" daemon [_thread_in_native, id=756, stack(0x000000ec16500000,0x000000ec16600000)]
  0x000002e713c9a000 JavaThread "PainterThread" [_thread_blocked, id=6320, stack(0x000000ec1d400000,0x000000ec1d500000)]
  0x000002e713c98800 JavaThread "TrackScheme transform animation" daemon [_thread_blocked, id=6780, stack(0x000000ec1d300000,0x000000ec1d400000)]
  0x000002e751108000 JavaThread "ForkJoinPool-1-worker-18" daemon [_thread_blocked, id=932, stack(0x000000ec1d100000,0x000000ec1d200000)]
  0x000002e774129800 JavaThread "ForkJoinPool-1-worker-0" daemon [_thread_blocked, id=22904, stack(0x000000ec1d000000,0x000000ec1d100000)]
  0x000002e774127800 JavaThread "ForkJoinPool-1-worker-5" daemon [_thread_blocked, id=1872, stack(0x000000ec1cd00000,0x000000ec1ce00000)]
  0x000002e774126800 JavaThread "ForkJoinPool-1-worker-12" daemon [_thread_blocked, id=12784, stack(0x000000ec1cc00000,0x000000ec1cd00000)]
  0x000002e774125800 JavaThread "ForkJoinPool-1-worker-8" daemon [_thread_blocked, id=14200, stack(0x000000ec1c800000,0x000000ec1c900000)]
  0x000002e774124000 JavaThread "ForkJoinPool-1-worker-6" daemon [_thread_blocked, id=8108, stack(0x000000ec1c600000,0x000000ec1c700000)]
  0x000002e774123800 JavaThread "ForkJoinPool-1-worker-13" daemon [_thread_blocked, id=24432, stack(0x000000ec1c500000,0x000000ec1c600000)]
  0x000002e774120800 JavaThread "ForkJoinPool-1-worker-2" daemon [_thread_blocked, id=22864, stack(0x000000ec1c200000,0x000000ec1c300000)]
  0x000002e751106800 JavaThread "DefaultDispatcher-worker-3" daemon [_thread_in_native, id=11784, stack(0x000000ec1bb00000,0x000000ec1bc00000)]
  0x000002e751105000 JavaThread "DefaultDispatcher-worker-2" daemon [_thread_blocked, id=2244, stack(0x000000ec1bd00000,0x000000ec1be00000)]
  0x000002e751107800 JavaThread "DefaultDispatcher-worker-1" daemon [_thread_in_native, id=12136, stack(0x000000ec1bc00000,0x000000ec1bd00000)]
  0x000002e751102000 JavaThread "Thread-14" [_thread_blocked, id=16816, stack(0x000000ec1ba00000,0x000000ec1bb00000)]
  0x000002e751103000 JavaThread "Thread-13" [_thread_blocked, id=21268, stack(0x000000ec1b900000,0x000000ec1ba00000)]
  0x000002e751106000 JavaThread "Thread-12" daemon [_thread_in_native, id=9172, stack(0x000000ec1b800000,0x000000ec1b900000)]
  0x000002e7510fa800 JavaThread "pool-2-thread-1" [_thread_blocked, id=7188, stack(0x000000ec1b500000,0x000000ec1b600000)]
  0x000002e754e5d800 JavaThread "pool-4-thread-1" [_thread_blocked, id=11628, stack(0x000000ec1ab00000,0x000000ec1ac00000)]
  0x000002e754e62800 JavaThread "pool-3-thread-1" [_thread_blocked, id=23304, stack(0x000000ec1aa00000,0x000000ec1ab00000)]
  0x000002e754e5e000 JavaThread "Timer-0" [_thread_blocked, id=11856, stack(0x000000ec1a800000,0x000000ec1a900000)]
=>0x000002e754e62000 JavaThread "SciJava-79861efe-Thread-0" [_thread_in_native, id=7692, stack(0x000000ec1a700000,0x000000ec1a800000)]
  0x000002e7561d6800 JavaThread "bdv-panel-1-thread-3" daemon [_thread_blocked, id=12772, stack(0x000000ec1a600000,0x000000ec1a700000)]
  0x000002e7561d5800 JavaThread "bdv-panel-1-thread-2" daemon [_thread_blocked, id=17572, stack(0x000000ec1a500000,0x000000ec1a600000)]
  0x000002e7561da000 JavaThread "bdv-panel-1-thread-1" daemon [_thread_blocked, id=3252, stack(0x000000ec1a400000,0x000000ec1a500000)]
  0x000002e7561d0800 JavaThread "PainterThread" daemon [_thread_blocked, id=15236, stack(0x000000ec1a100000,0x000000ec1a200000)]
  0x000002e7561d4000 JavaThread "Rebuild spatial indices" daemon [_thread_blocked, id=13360, stack(0x000000ec1a000000,0x000000ec1a100000)]
  0x000002e7561d3800 JavaThread "Fetcher-0" daemon [_thread_blocked, id=5992, stack(0x000000ec19300000,0x000000ec19400000)]
  0x000002e7561cc000 JavaThread "Rebuild spatial indices" daemon [_thread_blocked, id=10480, stack(0x000000ec19f00000,0x000000ec1a000000)]
  0x000002e7561d2800 JavaThread "Fetcher-0" daemon [_thread_blocked, id=20396, stack(0x000000ec19400000,0x000000ec19500000)]
  0x000002e7561cb000 JavaThread "DestroyJavaVM" [_thread_blocked, id=11040, stack(0x000000ec16800000,0x000000ec16900000)]
  0x000002e7561cf800 JavaThread "Swing-Shell" daemon [_thread_blocked, id=16004, stack(0x000000ec19a00000,0x000000ec19b00000)]
  0x000002e7561ce000 JavaThread "Rebuild spatial indices" daemon [_thread_blocked, id=14520, stack(0x000000ec19900000,0x000000ec19a00000)]
  0x000002e7561cd800 JavaThread "PainterThread" [_thread_blocked, id=8916, stack(0x000000ec19800000,0x000000ec19900000)]
  0x000002e7561d2000 JavaThread "TrackScheme transform animation" daemon [_thread_blocked, id=12812, stack(0x000000ec19200000,0x000000ec19300000)]
  0x000002e7561cf000 JavaThread "TimerQueue" daemon [_thread_blocked, id=10624, stack(0x000000ec19700000,0x000000ec19800000)]
  0x000002e756e59000 JavaThread "AWT-EventQueue-0" [_thread_blocked, id=21880, stack(0x000000ec18e00000,0x000000ec18f00000)]
  0x000002e755b1c000 JavaThread "AWT-Shutdown" [_thread_blocked, id=1140, stack(0x000000ec18b00000,0x000000ec18c00000)]
  0x000002e751bdf800 JavaThread "AWT-Windows" daemon [_thread_in_native, id=9316, stack(0x000000ec18c00000,0x000000ec18d00000)]
  0x000002e752197000 JavaThread "Java2D Disposer" daemon [_thread_blocked, id=8268, stack(0x000000ec18a00000,0x000000ec18b00000)]
  0x000002e7510d5800 JavaThread "Service Thread" daemon [_thread_blocked, id=8724, stack(0x000000ec18800000,0x000000ec18900000)]
  0x000002e750fea800 JavaThread "C1 CompilerThread11" daemon [_thread_blocked, id=19644, stack(0x000000ec18700000,0x000000ec18800000)]
  0x000002e750fe7000 JavaThread "C1 CompilerThread10" daemon [_thread_blocked, id=9684, stack(0x000000ec18600000,0x000000ec18700000)]
  0x000002e750fea000 JavaThread "C1 CompilerThread9" daemon [_thread_blocked, id=16488, stack(0x000000ec18500000,0x000000ec18600000)]
  0x000002e750feb800 JavaThread "C1 CompilerThread8" daemon [_thread_blocked, id=8656, stack(0x000000ec18400000,0x000000ec18500000)]
  0x000002e750fe6000 JavaThread "C2 CompilerThread7" daemon [_thread_blocked, id=10492, stack(0x000000ec18300000,0x000000ec18400000)]
  0x000002e750fe7800 JavaThread "C2 CompilerThread6" daemon [_thread_blocked, id=15340, stack(0x000000ec18200000,0x000000ec18300000)]
  0x000002e750fe8800 JavaThread "C2 CompilerThread5" daemon [_thread_blocked, id=19832, stack(0x000000ec18100000,0x000000ec18200000)]
  0x000002e750fe9000 JavaThread "C2 CompilerThread4" daemon [_thread_blocked, id=8512, stack(0x000000ec18000000,0x000000ec18100000)]
  0x000002e750fce800 JavaThread "C2 CompilerThread3" daemon [_thread_blocked, id=14556, stack(0x000000ec17f00000,0x000000ec18000000)]
  0x000002e750fcc800 JavaThread "C2 CompilerThread2" daemon [_thread_blocked, id=15856, stack(0x000000ec17e00000,0x000000ec17f00000)]
  0x000002e750fca800 JavaThread "C2 CompilerThread1" daemon [_thread_in_native, id=22224, stack(0x000000ec17d00000,0x000000ec17e00000)]
  0x000002e750fc9800 JavaThread "C2 CompilerThread0" daemon [_thread_blocked, id=19876, stack(0x000000ec17c00000,0x000000ec17d00000)]
  0x000002e750fc8000 JavaThread "Monitor Ctrl-Break" daemon [_thread_in_native, id=17416, stack(0x000000ec17b00000,0x000000ec17c00000)]
  0x000002e750f66000 JavaThread "Attach Listener" daemon [_thread_blocked, id=19972, stack(0x000000ec17a00000,0x000000ec17b00000)]
  0x000002e74e26e800 JavaThread "Signal Dispatcher" daemon [_thread_blocked, id=12632, stack(0x000000ec17900000,0x000000ec17a00000)]
  0x000002e74e259800 JavaThread "Finalizer" daemon [_thread_blocked, id=24268, stack(0x000000ec17800000,0x000000ec17900000)]
  0x000002e750f50800 JavaThread "Reference Handler" daemon [_thread_blocked, id=7772, stack(0x000000ec17700000,0x000000ec17800000)]

Other Threads:
  0x000002e74e249000 VMThread [stack: 0x000000ec17600000,0x000000ec17700000] [id=19276]
  0x000002e7510c3800 WatcherThread [stack: 0x000000ec18900000,0x000000ec18a00000] [id=14752]

VM state:not at safepoint (normal execution)

VM Mutex/Monitor currently owned by a thread: None

heap address: 0x00000005c2200000, size: 8158 MB, Compressed Oops mode: Zero based, Oop shift amount: 3
Narrow klass base: 0x0000000000000000, Narrow klass shift: 3
Compressed class space size: 1073741824 Address: 0x00000007c0000000

Heap:
 PSYoungGen      total 1267200K, used 1165164K [0x0000000716100000, 0x0000000770100000, 0x00000007c0000000)
  eden space 1120256K, 95% used [0x0000000716100000,0x000000075799eda8,0x000000075a700000)
  from space 146944K, 62% used [0x000000075a700000,0x000000076003c310,0x0000000763680000)
  to   space 145408K, 0% used [0x0000000767300000,0x0000000767300000,0x0000000770100000)
 ParOldGen       total 722432K, used 233009K [0x00000005c2200000, 0x00000005ee380000, 0x0000000716100000)
  object space 722432K, 32% used [0x00000005c2200000,0x00000005d058c670,0x00000005ee380000)
 Metaspace       used 112461K, capacity 116491K, committed 116684K, reserved 1148928K
  class space    used 16485K, capacity 17053K, committed 17112K, reserved 1048576K

Card table byte_map: [0x000002e73ad60000,0x000002e73bd50000] byte_map_base: 0x000002e737f4f000

Marking Bits: (ParMarkBitMap*) 0x000000006aa27fe0
 Begin Bits: [0x000002e73c7f0000, 0x000002e744768000)
 End Bits:   [0x000002e744768000, 0x000002e74c6e0000)

Polling page: 0x000002e72a130000

CodeCache: size=245760Kb used=59295Kb max_used=60290Kb free=186464Kb
 bounds [0x000002e72b9a0000, 0x000002e72f4e0000, 0x000002e73a9a0000]
 total_blobs=17565 nmethods=15743 adapters=1728
 compilation: enabled

Compilation events (10 events):
Event: 152.890 Thread 0x000002e750fea000 nmethod 19772 0x000002e72f1c9d50 code [0x000002e72f1ca080, 0x000002e72f1cbb20]
Event: 152.892 Thread 0x000002e750feb800 19774       3       zmq.SocketBase::processCommands (155 bytes)
Event: 152.892 Thread 0x000002e750fe7000 19775       3       zmq.util.Errno::get (13 bytes)
Event: 152.892 Thread 0x000002e750fe7000 nmethod 19775 0x000002e72f1c9790 code [0x000002e72f1c9900, 0x000002e72f1c9c90]
Event: 152.892 Thread 0x000002e750fea800 19776       3       graphics.scenery.backends.vulkan.VulkanRenderpass::getRecreated (5 bytes)
Event: 152.892 Thread 0x000002e750fea000 19777       3       graphics.scenery.backends.vulkan.VulkanObjectState::getDescriptorSetsRecreated (5 bytes)
Event: 152.893 Thread 0x000002e750fea800 nmethod 19776 0x000002e72f164fd0 code [0x000002e72f165120, 0x000002e72f165278]
Event: 152.893 Thread 0x000002e750fea000 nmethod 19777 0x000002e72f1c9450 code [0x000002e72f1c95a0, 0x000002e72f1c96f8]
Event: 152.893 Thread 0x000002e750feb800 nmethod 19774 0x000002e72f1c5150 code [0x000002e72f1c53a0, 0x000002e72f1c63a0]
Event: 152.894 Thread 0x000002e750fe9000 nmethod 19771 0x000002e72f1c1750 code [0x000002e72f1c1900, 0x000002e72f1c1d58]

GC Heap History (10 events):
Event: 105.406 GC heap before
{Heap before GC invocations=21 (full 4):
 PSYoungGen      total 1118720K, used 1076668K [0x0000000716100000, 0x0000000763a00000, 0x00000007c0000000)
  eden space 982016K, 100% used [0x0000000716100000,0x0000000752000000,0x0000000752000000)
  from space 136704K, 69% used [0x000000075b480000,0x00000007610ef228,0x0000000763a00000)
  to   space 144384K, 0% used [0x0000000752000000,0x0000000752000000,0x000000075ad00000)
 ParOldGen       total 722432K, used 232969K [0x00000005c2200000, 0x00000005ee380000, 0x0000000716100000)
  object space 722432K, 32% used [0x00000005c2200000,0x00000005d0582670,0x00000005ee380000)
 Metaspace       used 109799K, capacity 113799K, committed 114124K, reserved 1146880K
  class space    used 16205K, capacity 16775K, committed 16856K, reserved 1048576K
Event: 105.427 GC heap after
Heap after GC invocations=21 (full 4):
 PSYoungGen      total 1126400K, used 90596K [0x0000000716100000, 0x0000000768a00000, 0x00000007c0000000)
  eden space 982016K, 0% used [0x0000000716100000,0x0000000716100000,0x0000000752000000)
  from space 144384K, 62% used [0x0000000752000000,0x0000000757879290,0x000000075ad00000)
  to   space 145408K, 0% used [0x000000075fc00000,0x000000075fc00000,0x0000000768a00000)
 ParOldGen       total 722432K, used 232977K [0x00000005c2200000, 0x00000005ee380000, 0x0000000716100000)
  object space 722432K, 32% used [0x00000005c2200000,0x00000005d0584670,0x00000005ee380000)
 Metaspace       used 109799K, capacity 113799K, committed 114124K, reserved 1146880K
  class space    used 16205K, capacity 16775K, committed 16856K, reserved 1048576K
}
Event: 114.988 GC heap before
{Heap before GC invocations=22 (full 4):
 PSYoungGen      total 1126400K, used 1072612K [0x0000000716100000, 0x0000000768a00000, 0x00000007c0000000)
  eden space 982016K, 100% used [0x0000000716100000,0x0000000752000000,0x0000000752000000)
  from space 144384K, 62% used [0x0000000752000000,0x0000000757879290,0x000000075ad00000)
  to   space 145408K, 0% used [0x000000075fc00000,0x000000075fc00000,0x0000000768a00000)
 ParOldGen       total 722432K, used 232977K [0x00000005c2200000, 0x00000005ee380000, 0x0000000716100000)
  object space 722432K, 32% used [0x00000005c2200000,0x00000005d0584670,0x00000005ee380000)
 Metaspace       used 109799K, capacity 113799K, committed 114124K, reserved 1146880K
  class space    used 16205K, capacity 16775K, committed 16856K, reserved 1048576K
Event: 115.014 GC heap after
Heap after GC invocations=22 (full 4):
 PSYoungGen      total 1196032K, used 94678K [0x0000000716100000, 0x0000000768600000, 0x00000007c0000000)
  eden space 1054720K, 0% used [0x0000000716100000,0x0000000716100000,0x0000000756700000)
  from space 141312K, 66% used [0x000000075fc00000,0x0000000765875910,0x0000000768600000)
  to   space 146944K, 0% used [0x0000000756700000,0x0000000756700000,0x000000075f680000)
 ParOldGen       total 722432K, used 232985K [0x00000005c2200000, 0x00000005ee380000, 0x0000000716100000)
  object space 722432K, 32% used [0x00000005c2200000,0x00000005d0586670,0x00000005ee380000)
 Metaspace       used 109799K, capacity 113799K, committed 114124K, reserved 1146880K
  class space    used 16205K, capacity 16775K, committed 16856K, reserved 1048576K
}
Event: 125.204 GC heap before
{Heap before GC invocations=23 (full 4):
 PSYoungGen      total 1196032K, used 1149398K [0x0000000716100000, 0x0000000768600000, 0x00000007c0000000)
  eden space 1054720K, 100% used [0x0000000716100000,0x0000000756700000,0x0000000756700000)
  from space 141312K, 66% used [0x000000075fc00000,0x0000000765875910,0x0000000768600000)
  to   space 146944K, 0% used [0x0000000756700000,0x0000000756700000,0x000000075f680000)
 ParOldGen       total 722432K, used 232985K [0x00000005c2200000, 0x00000005ee380000, 0x0000000716100000)
  object space 722432K, 32% used [0x00000005c2200000,0x00000005d0586670,0x00000005ee380000)
 Metaspace       used 109817K, capacity 113799K, committed 114124K, reserved 1146880K
  class space    used 16205K, capacity 16775K, committed 16856K, reserved 1048576K
Event: 125.226 GC heap after
Heap after GC invocations=23 (full 4):
 PSYoungGen      total 1201664K, used 90593K [0x0000000716100000, 0x000000076ca00000, 0x00000007c0000000)
  eden space 1054720K, 0% used [0x0000000716100000,0x0000000716100000,0x0000000756700000)
  from space 146944K, 61% used [0x0000000756700000,0x000000075bf786d8,0x000000075f680000)
  to   space 146432K, 0% used [0x0000000763b00000,0x0000000763b00000,0x000000076ca00000)
 ParOldGen       total 722432K, used 232993K [0x00000005c2200000, 0x00000005ee380000, 0x0000000716100000)
  object space 722432K, 32% used [0x00000005c2200000,0x00000005d0588670,0x00000005ee380000)
 Metaspace       used 109817K, capacity 113799K, committed 114124K, reserved 1146880K
  class space    used 16205K, capacity 16775K, committed 16856K, reserved 1048576K
}
Event: 135.298 GC heap before
{Heap before GC invocations=24 (full 4):
 PSYoungGen      total 1201664K, used 1145313K [0x0000000716100000, 0x000000076ca00000, 0x00000007c0000000)
  eden space 1054720K, 100% used [0x0000000716100000,0x0000000756700000,0x0000000756700000)
  from space 146944K, 61% used [0x0000000756700000,0x000000075bf786d8,0x000000075f680000)
  to   space 146432K, 0% used [0x0000000763b00000,0x0000000763b00000,0x000000076ca00000)
 ParOldGen       total 722432K, used 232993K [0x00000005c2200000, 0x00000005ee380000, 0x0000000716100000)
  object space 722432K, 32% used [0x00000005c2200000,0x00000005d0588670,0x00000005ee380000)
 Metaspace       used 110547K, capacity 114543K, committed 114764K, reserved 1146880K
  class space    used 16294K, capacity 16873K, committed 16984K, reserved 1048576K
Event: 135.322 GC heap after
Heap after GC invocations=24 (full 4):
 PSYoungGen      total 1262592K, used 95083K [0x0000000716100000, 0x000000076c600000, 0x00000007c0000000)
  eden space 1120256K, 0% used [0x0000000716100000,0x0000000716100000,0x000000075a700000)
  from space 142336K, 66% used [0x0000000763b00000,0x00000007697daee0,0x000000076c600000)
  to   space 146944K, 0% used [0x000000075a700000,0x000000075a700000,0x0000000763680000)
 ParOldGen       total 722432K, used 233001K [0x00000005c2200000, 0x00000005ee380000, 0x0000000716100000)
  object space 722432K, 32% used [0x00000005c2200000,0x00000005d058a670,0x00000005ee380000)
 Metaspace       used 110547K, capacity 114543K, committed 114764K, reserved 1146880K
  class space    used 16294K, capacity 16873K, committed 16984K, reserved 1048576K
}
Event: 146.196 GC heap before
{Heap before GC invocations=25 (full 4):
 PSYoungGen      total 1262592K, used 1215339K [0x0000000716100000, 0x000000076c600000, 0x00000007c0000000)
  eden space 1120256K, 100% used [0x0000000716100000,0x000000075a700000,0x000000075a700000)
  from space 142336K, 66% used [0x0000000763b00000,0x00000007697daee0,0x000000076c600000)
  to   space 146944K, 0% used [0x000000075a700000,0x000000075a700000,0x0000000763680000)
 ParOldGen       total 722432K, used 233001K [0x00000005c2200000, 0x00000005ee380000, 0x0000000716100000)
  object space 722432K, 32% used [0x00000005c2200000,0x00000005d058a670,0x00000005ee380000)
 Metaspace       used 110931K, capacity 114927K, committed 115020K, reserved 1146880K
  class space    used 16358K, capacity 16937K, committed 16984K, reserved 1048576K
Event: 146.217 GC heap after
Heap after GC invocations=25 (full 4):
 PSYoungGen      total 1267200K, used 91376K [0x0000000716100000, 0x0000000770100000, 0x00000007c0000000)
  eden space 1120256K, 0% used [0x0000000716100000,0x0000000716100000,0x000000075a700000)
  from space 146944K, 62% used [0x000000075a700000,0x000000076003c310,0x0000000763680000)
  to   space 145408K, 0% used [0x0000000767300000,0x0000000767300000,0x0000000770100000)
 ParOldGen       total 722432K, used 233009K [0x00000005c2200000, 0x00000005ee380000, 0x0000000716100000)
  object space 722432K, 32% used [0x00000005c2200000,0x00000005d058c670,0x00000005ee380000)
 Metaspace       used 110931K, capacity 114927K, committed 115020K, reserved 1146880K
  class space    used 16358K, capacity 16937K, committed 16984K, reserved 1048576K
}

Deoptimization events (10 events):
Event: 152.860 Thread 0x000002e754e62000 Uncommon trap: reason=unstable_if action=reinterpret pc=0x000002e72f476a48 method=tpietzsch.shadergen.AbstractShader$UniformImp2f.set(FF)V @ 6
Event: 152.860 Thread 0x000002e754e62000 Uncommon trap: reason=unstable_if action=reinterpret pc=0x000002e72f4ae5fc method=tpietzsch.shadergen.AbstractShader$UniformImp1f.set(F)V @ 6
Event: 152.860 Thread 0x000002e754e62000 Uncommon trap: reason=unstable_if action=reinterpret pc=0x000002e72f40f3b0 method=org.joml.Matrix4f.determineProperties()Lorg/joml/Matrix4f; @ 26
Event: 152.860 Thread 0x000002e754e62000 Uncommon trap: reason=unstable_if action=reinterpret pc=0x000002e72f4473d8 method=graphics.scenery.backends.vulkan.VulkanNodeHelpers.canBeReused(Lgraphics/scenery/backends/vulkan/VulkanTexture;Lgraphics/scenery/textures/Texture;ILgraphics/scenery/backends
Event: 152.861 Thread 0x000002e754e62000 Uncommon trap: reason=unstable_if action=reinterpret pc=0x000002e72f456c5c method=graphics.scenery.backends.vulkan.VulkanBuffer.mapIfUnmapped()Lorg/lwjgl/PointerBuffer; @ 10
Event: 152.879 Thread 0x000002e754e62000 Uncommon trap: reason=class_check action=maybe_recompile pc=0x000002e72f2224a0 method=graphics.scenery.Node.getShaderProperty(Ljava/lang/String;)Ljava/lang/Object; @ 244
Event: 152.880 Thread 0x000002e754e62000 Uncommon trap: reason=class_check action=maybe_recompile pc=0x000002e72f2224a0 method=graphics.scenery.Node.getShaderProperty(Ljava/lang/String;)Ljava/lang/Object; @ 244
Event: 152.883 Thread 0x000002e754e62000 Uncommon trap: reason=class_check action=maybe_recompile pc=0x000002e72f2224a0 method=graphics.scenery.Node.getShaderProperty(Ljava/lang/String;)Ljava/lang/Object; @ 244
Event: 152.883 Thread 0x000002e754e62000 Uncommon trap: reason=class_check action=maybe_recompile pc=0x000002e72f2224a0 method=graphics.scenery.Node.getShaderProperty(Ljava/lang/String;)Ljava/lang/Object; @ 244
Event: 152.893 Thread 0x000002e754e62000 Uncommon trap: reason=unstable_if action=reinterpret pc=0x000002e72f2a7ca4 method=graphics.scenery.backends.vulkan.VulkanScenePass$record$1.invokeSuspend(Ljava/lang/Object;)Ljava/lang/Object; @ 980

Classes redefined (0 events):
No events

Internal exceptions (10 events):
Event: 151.444 Thread 0x000002e754e62000 Exception <a 'java/lang/ClassNotFoundException': graphics/scenery/backends/vulkan/SwingSwapchain> (0x0000000733ecedb8) thrown at [C:\jenkins\workspace\8-2-build-windows-amd64-cygwin\jdk8u301\1513\hotspot\src\share\vm\classfile\systemDictionary.cpp, line 2
Event: 151.639 Thread 0x000002e754e62000 Implicit null exception at 0x000002e72f4be611 to 0x000002e72f4c35cd
Event: 151.836 Thread 0x000002e713c97000 Implicit null exception at 0x000002e72e522a4c to 0x000002e72e524e59
Event: 151.919 Thread 0x000002e754e62000 Exception <a 'java/lang/ClassNotFoundException': graphics/scenery/controls/GLFWMouseAndKeyHandler> (0x0000000743524e68) thrown at [C:\jenkins\workspace\8-2-build-windows-amd64-cygwin\jdk8u301\1513\hotspot\src\share\vm\classfile\systemDictionary.cpp, line 
Event: 151.919 Thread 0x000002e754e62000 Exception <a 'java/lang/ClassNotFoundException': graphics/scenery/controls/JOGLMouseAndKeyHandler> (0x00000007435255a8) thrown at [C:\jenkins\workspace\8-2-build-windows-amd64-cygwin\jdk8u301\1513\hotspot\src\share\vm\classfile\systemDictionary.cpp, line 
Event: 151.919 Thread 0x000002e754e62000 Exception <a 'java/lang/ClassNotFoundException': graphics/scenery/controls/SwingMouseAndKeyHandler> (0x0000000743525cc0) thrown at [C:\jenkins\workspace\8-2-build-windows-amd64-cygwin\jdk8u301\1513\hotspot\src\share\vm\classfile\systemDictionary.cpp, line
Event: 152.384 Thread 0x000002e754e62000 Exception <a 'java/io/FileNotFoundException'> (0x0000000743e2c620) thrown at [C:\jenkins\workspace\8-2-build-windows-amd64-cygwin\jdk8u301\1513\hotspot\src\share\vm\prims\jni.cpp, line 710]
Event: 152.473 Thread 0x000002e754e62000 Implicit null exception at 0x000002e72f4182b6 to 0x000002e72f4185bd
Event: 152.830 Thread 0x000002e754e62000 Implicit null exception at 0x000002e72f44490f to 0x000002e72f445075
Event: 152.832 Thread 0x000002e754e62000 Implicit null exception at 0x000002e72f42a19c to 0x000002e72f42a201

Events (10 events):
Event: 152.880 Thread 0x000002e754e62000 DEOPT UNPACKING pc=0x000002e72b9e5843 sp=0x000000ec1a7fe080 mode 2
Event: 152.883 Thread 0x000002e754e62000 Uncommon trap: trap_request=0xffffffde fr.pc=0x000002e72f2224a0
Event: 152.883 Thread 0x000002e754e62000 DEOPT PACKING pc=0x000002e72f2224a0 sp=0x000000ec1a7fe0a0
Event: 152.883 Thread 0x000002e754e62000 DEOPT UNPACKING pc=0x000002e72b9e5843 sp=0x000000ec1a7fe080 mode 2
Event: 152.883 Thread 0x000002e754e62000 Uncommon trap: trap_request=0xffffffde fr.pc=0x000002e72f2224a0
Event: 152.883 Thread 0x000002e754e62000 DEOPT PACKING pc=0x000002e72f2224a0 sp=0x000000ec1a7fe0a0
Event: 152.883 Thread 0x000002e754e62000 DEOPT UNPACKING pc=0x000002e72b9e5843 sp=0x000000ec1a7fe080 mode 2
Event: 152.893 Thread 0x000002e754e62000 Uncommon trap: trap_request=0xffffff65 fr.pc=0x000002e72f2a7ca4
Event: 152.893 Thread 0x000002e754e62000 DEOPT PACKING pc=0x000002e72f2a7ca4 sp=0x000000ec1a7fe350
Event: 152.893 Thread 0x000002e754e62000 DEOPT UNPACKING pc=0x000002e72b9e5843 sp=0x000000ec1a7fe1e0 mode 2


Dynamic libraries:
0x00007ff639ac0000 - 0x00007ff639b07000 	C:\Program Files\Java\jdk1.8.0_301\bin\java.exe
0x00007ffac3df0000 - 0x00007ffac3fe5000 	C:\Windows\SYSTEM32\ntdll.dll
0x00007ffac3650000 - 0x00007ffac370d000 	C:\Windows\System32\KERNEL32.DLL
0x00007ffac1530000 - 0x00007ffac17f9000 	C:\Windows\System32\KERNELBASE.dll
0x00007ffac1e60000 - 0x00007ffac1f0c000 	C:\Windows\System32\ADVAPI32.dll
0x00007ffac2cb0000 - 0x00007ffac2d4e000 	C:\Windows\System32\msvcrt.dll
0x00007ffac33e0000 - 0x00007ffac347b000 	C:\Windows\System32\sechost.dll
0x00007ffac1ff0000 - 0x00007ffac211a000 	C:\Windows\System32\RPCRT4.dll
0x00007ffac2120000 - 0x00007ffac22c0000 	C:\Windows\System32\USER32.dll
0x00007ffac1960000 - 0x00007ffac1982000 	C:\Windows\System32\win32u.dll
0x00007ffac2c80000 - 0x00007ffac2caa000 	C:\Windows\System32\GDI32.dll
0x00007ffac1a70000 - 0x00007ffac1b7b000 	C:\Windows\System32\gdi32full.dll
0x00007ffac1c70000 - 0x00007ffac1d0d000 	C:\Windows\System32\msvcp_win.dll
0x00007ffac1d60000 - 0x00007ffac1e60000 	C:\Windows\System32\ucrtbase.dll
0x00007ffaa7ba0000 - 0x00007ffaa7e3a000 	C:\Windows\WinSxS\amd64_microsoft.windows.common-controls_6595b64144ccf1df_6.0.19041.1110_none_60b5254171f9507e\COMCTL32.dll
0x00007ffac34e0000 - 0x00007ffac3510000 	C:\Windows\System32\IMM32.DLL
0x00007ffa83920000 - 0x00007ffa83935000 	C:\Program Files\Java\jdk1.8.0_301\jre\bin\vcruntime140.dll
0x00007ffa69f70000 - 0x00007ffa6a00b000 	C:\Program Files\Java\jdk1.8.0_301\jre\bin\msvcp140.dll
0x000000006a240000 - 0x000000006aaa0000 	C:\Program Files\Java\jdk1.8.0_301\jre\bin\server\jvm.dll
0x00007ffac3710000 - 0x00007ffac3718000 	C:\Windows\System32\PSAPI.DLL
0x00007ffabcbf0000 - 0x00007ffabcbf9000 	C:\Windows\SYSTEM32\WSOCK32.dll
0x00007ffaba780000 - 0x00007ffaba78a000 	C:\Windows\SYSTEM32\VERSION.dll
0x00007ffac3520000 - 0x00007ffac358b000 	C:\Windows\System32\WS2_32.dll
0x00007ffaa7700000 - 0x00007ffaa7727000 	C:\Windows\SYSTEM32\WINMM.dll
0x00007ffabfdf0000 - 0x00007ffabfe02000 	C:\Windows\SYSTEM32\kernel.appcore.dll
0x00007ffaaea30000 - 0x00007ffaaea40000 	C:\Program Files\Java\jdk1.8.0_301\jre\bin\verify.dll
0x00007ffa81f90000 - 0x00007ffa81fbb000 	C:\Program Files\Java\jdk1.8.0_301\jre\bin\java.dll
0x00007ffa81f30000 - 0x00007ffa81f60000 	C:\Program Files\Java\jdk1.8.0_301\jre\bin\instrument.dll
0x00007ffa83900000 - 0x00007ffa83918000 	C:\Program Files\Java\jdk1.8.0_301\jre\bin\zip.dll
0x00007ffac22c0000 - 0x00007ffac29ff000 	C:\Windows\System32\SHELL32.dll
0x00007ffabf5f0000 - 0x00007ffabfd81000 	C:\Windows\SYSTEM32\windows.storage.dll
0x00007ffac37f0000 - 0x00007ffac3b45000 	C:\Windows\System32\combase.dll
0x00007ffac0fa0000 - 0x00007ffac0fcc000 	C:\Windows\SYSTEM32\Wldp.dll
0x00007ffac3b50000 - 0x00007ffac3bfe000 	C:\Windows\System32\SHCORE.dll
0x00007ffac3590000 - 0x00007ffac35e5000 	C:\Windows\System32\shlwapi.dll
0x00007ffac1470000 - 0x00007ffac148f000 	C:\Windows\SYSTEM32\profapi.dll
0x00007ffa7dc20000 - 0x00007ffa7dc3a000 	D:\intellij\IntelliJ IDEA Community Edition 2020.3.3\bin\breakgen64.dll
0x00007ffa82240000 - 0x00007ffa8225c000 	C:\Program Files\Java\jdk1.8.0_301\jre\bin\net.dll
0x00007ffac0d00000 - 0x00007ffac0d6a000 	C:\Windows\system32\mswsock.dll
0x00007ffa69730000 - 0x00007ffa698c5000 	C:\Program Files\Java\jdk1.8.0_301\jre\bin\awt.dll
0x00007ffac2bb0000 - 0x00007ffac2c7d000 	C:\Windows\System32\OLEAUT32.dll
0x00007ffabe9a0000 - 0x00007ffabea30000 	C:\Windows\SYSTEM32\apphelp.dll
0x00007ffabeb10000 - 0x00007ffabebae000 	C:\Windows\system32\uxtheme.dll
0x00007ffac2df0000 - 0x00007ffac2f05000 	C:\Windows\System32\MSCTF.dll
0x00007ffac3c80000 - 0x00007ffac3daa000 	C:\Windows\System32\ole32.dll
0x00007ffac1be0000 - 0x00007ffac1c63000 	C:\Windows\System32\bcryptPrimitives.dll
0x00007ffabee70000 - 0x00007ffabee9f000 	C:\Windows\system32\DWMAPI.DLL
0x00007ffaa75b0000 - 0x00007ffaa76d5000 	C:\Windows\system32\opengl32.dll
0x00007ffaadda0000 - 0x00007ffaaddcc000 	C:\Windows\SYSTEM32\GLU32.dll
0x00007ffa7c3a0000 - 0x00007ffa7c3e9000 	C:\Program Files\Java\jdk1.8.0_301\jre\bin\fontmanager.dll
0x00007ffa81f60000 - 0x00007ffa81f73000 	C:\Program Files\Java\jdk1.8.0_301\jre\bin\nio.dll
0x00007ffa75be0000 - 0x00007ffa75c23000 	C:\Program Files\Java\jdk1.8.0_301\jre\bin\t2k.dll
0x00007ffac0ef0000 - 0x00007ffac0f08000 	C:\Windows\SYSTEM32\CRYPTSP.dll
0x00007ffac0630000 - 0x00007ffac0664000 	C:\Windows\system32\rsaenh.dll
0x00007ffac1a40000 - 0x00007ffac1a67000 	C:\Windows\System32\bcrypt.dll
0x00007ffac13f0000 - 0x00007ffac141e000 	C:\Windows\SYSTEM32\USERENV.dll
0x00007ffac0ee0000 - 0x00007ffac0eec000 	C:\Windows\SYSTEM32\CRYPTBASE.dll
0x00007ffac09a0000 - 0x00007ffac09db000 	C:\Windows\SYSTEM32\IPHLPAPI.DLL
0x00007ffac2de0000 - 0x00007ffac2de8000 	C:\Windows\System32\NSI.dll
0x00007ffab8b80000 - 0x00007ffab8b97000 	C:\Windows\SYSTEM32\dhcpcsvc6.DLL
0x00007ffab8e30000 - 0x00007ffab8e4d000 	C:\Windows\SYSTEM32\dhcpcsvc.DLL
0x00007ffac09e0000 - 0x00007ffac0aac000 	C:\Windows\SYSTEM32\DNSAPI.dll
0x00007ffac3720000 - 0x00007ffac37c9000 	C:\Windows\System32\clbcatq.dll
0x00007ffab9e00000 - 0x00007ffab9fb4000 	C:\Windows\SYSTEM32\WindowsCodecs.dll
0x00007ffaa9ba0000 - 0x00007ffaa9bde000 	C:\Windows\system32\dataexchange.dll
0x00007ffabda10000 - 0x00007ffabdc74000 	C:\Windows\system32\d3d11.dll
0x00007ffabddc0000 - 0x00007ffabdfa6000 	C:\Windows\system32\dcomp.dll
0x00007ffabfe60000 - 0x00007ffabff54000 	C:\Windows\system32\dxgi.dll
0x00007ffaba040000 - 0x00007ffaba241000 	C:\Windows\system32\twinapi.appcore.dll
0x00007ffaab740000 - 0x00007ffaab839000 	C:\Windows\SYSTEM32\textinputframework.dll
0x00007ffabe330000 - 0x00007ffabe68e000 	C:\Windows\System32\CoreUIComponents.dll
0x00007ffabe690000 - 0x00007ffabe782000 	C:\Windows\System32\CoreMessaging.dll
0x00007ffac0260000 - 0x00007ffac0293000 	C:\Windows\SYSTEM32\ntmarta.dll
0x00007ffabce60000 - 0x00007ffabcfb4000 	C:\Windows\SYSTEM32\wintypes.dll
0x00007ffa7d560000 - 0x00007ffa7d74f000 	C:\Windows\system32\SogouTSF.ime
0x00007ffabe920000 - 0x00007ffabe927000 	C:\Windows\system32\MSIMG32.dll
0x00007ffa75e60000 - 0x00007ffa766fa000 	C:\Windows\system32\SogouPy.ime
0x00007ffabba80000 - 0x00007ffabbae6000 	C:\Windows\SYSTEM32\OLEACC.dll
0x00007ffaad5b0000 - 0x00007ffaad6ba000 	C:\Windows\SYSTEM32\WINHTTP.dll
0x0000000010000000 - 0x000000001011e000 	D:\?????\SogouInput\10.1.0.4428\Resource.dll
0x00007ffa7c4e0000 - 0x00007ffa7c74a000 	D:\?????\SogouInput\Components\PicFace\1.1.0.1879\PicFace64.dll
0x00007ffac1f10000 - 0x00007ffac1fea000 	C:\Windows\System32\COMDLG32.dll
0x00007ffaab370000 - 0x00007ffaab41c000 	C:\Windows\SYSTEM32\TextShaping.dll
0x00007ffa7c370000 - 0x00007ffa7c39a000 	C:\Program Files\Java\jdk1.8.0_301\jre\bin\dcpr.dll
0x00007ffaa6a60000 - 0x00007ffaa6b10000 	C:\Windows\WinSxS\amd64_microsoft.windows.common-controls_6595b64144ccf1df_5.82.19041.1110_none_792d1c772443f647\comctl32.dll
0x00007ffac1d10000 - 0x00007ffac1d5e000 	C:\Windows\System32\CFGMGR32.dll
0x00007ffabc740000 - 0x00007ffabc836000 	C:\Windows\system32\propsys.dll
0x00007ffaadb80000 - 0x00007ffaadb97000 	C:\Windows\system32\NetworkExplorer.dll
0x00007ffa9dee0000 - 0x00007ffa9df46000 	C:\Windows\System32\thumbcache.dll
0x00007ffaba9a0000 - 0x00007ffabaa40000 	C:\Windows\SYSTEM32\policymanager.dll
0x00007ffac06c0000 - 0x00007ffac074a000 	C:\Windows\SYSTEM32\msvcp110_win.dll
0x00007ffa97a60000 - 0x00007ffa97a7d000 	C:\Windows\SYSTEM32\MPR.dll
0x00007ffaa6f50000 - 0x00007ffaa6f5b000 	C:\Windows\System32\drprov.dll
0x00007ffac0310000 - 0x00007ffac036a000 	C:\Windows\System32\WINSTA.dll
0x00007ffa73cb0000 - 0x00007ffa73cc8000 	C:\Windows\System32\ntlanman.dll
0x00007ffa73c90000 - 0x00007ffa73cae000 	C:\Windows\System32\davclnt.dll
0x00007ffabcb80000 - 0x00007ffabcb8d000 	C:\Windows\System32\DAVHLPR.dll
0x00007ffac0750000 - 0x00007ffac0767000 	C:\Windows\System32\wkscli.dll
0x00007ffaa5de0000 - 0x00007ffaa5df2000 	C:\Windows\SYSTEM32\cscapi.dll
0x00007ffac0b00000 - 0x00007ffac0b0c000 	C:\Windows\System32\netutils.dll
0x00007ffa84110000 - 0x00007ffa84168000 	C:\Windows\System32\dlnashext.dll
0x00007ffa6b5f0000 - 0x00007ffa6b654000 	C:\Windows\System32\PlayToDevice.dll
0x00007ffaa58e0000 - 0x00007ffaa5900000 	C:\Windows\System32\DevDispItemProvider.dll
0x00007ffab9c30000 - 0x00007ffab9cb5000 	C:\Windows\System32\MMDevApi.dll
0x00007ffac12e0000 - 0x00007ffac130c000 	C:\Windows\System32\DEVOBJ.dll
0x00007ffa65bd0000 - 0x00007ffa65c73000 	C:\Windows\system32\wpdshext.dll
0x00007ffaacc40000 - 0x00007ffaacde9000 	C:\Windows\WinSxS\amd64_microsoft.windows.gdiplus_6595b64144ccf1df_1.1.19041.1110_none_91a01826cc8bca4c\gdiplus.dll
0x00007ffab7530000 - 0x00007ffab7cc7000 	C:\Windows\System32\OneCoreUAPCommonProxyStub.dll
0x00007ffa86430000 - 0x00007ffa864d3000 	C:\Windows\System32\PortableDeviceApi.dll
0x00007ffac2f70000 - 0x00007ffac33d9000 	C:\Windows\System32\SETUPAPI.dll
0x00007ffac1b80000 - 0x00007ffac1be0000 	C:\Windows\System32\WINTRUST.dll
0x00007ffac1800000 - 0x00007ffac195f000 	C:\Windows\System32\CRYPT32.dll
0x00007ffac1120000 - 0x00007ffac1132000 	C:\Windows\System32\MSASN1.dll
0x00007ffa7c320000 - 0x00007ffa7c357000 	C:\Windows\System32\EhStorShell.dll
0x00007ffa73c60000 - 0x00007ffa73c86000 	C:\Windows\System32\EhStorAPI.dll
0x00007ffabcc10000 - 0x00007ffabcc24000 	C:\Windows\System32\WTSAPI32.dll
0x00007ffaad700000 - 0x00007ffaad70d000 	C:\Windows\SYSTEM32\LINKINFO.dll
0x00007ffaa1090000 - 0x00007ffaa109c000 	C:\Windows\SYSTEM32\Secur32.dll
0x00007ffac1420000 - 0x00007ffac1451000 	C:\Windows\SYSTEM32\SSPICLI.DLL
0x00007ffaa6c30000 - 0x00007ffaa6c3e000 	C:\Program Files\Microsoft Office\root\VFS\ProgramFilesCommonX64\Microsoft Shared\Office16\msoxev.dll
0x00007ffaaea20000 - 0x00007ffaaea2c000 	C:\Program Files\Microsoft Office\root\VFS\ProgramFilesCommonX64\Microsoft Shared\Office16\VCRUNTIME140_1.dll
0x00007ffaa73c0000 - 0x00007ffaa7422000 	C:\Windows\System32\Windows.FileExplorer.Common.dll
0x00007ffaabfa0000 - 0x00007ffaac250000 	C:\Windows\System32\iertutil.dll
0x0000000180000000 - 0x0000000180276000 	C:\Users\lanru\AppData\Local\Temp\jhdf54549217025070516158.so
0x000002e75c450000 - 0x000002e75c465000 	C:\Users\lanru\AppData\Local\Temp\nativedata2832160576893076389.so
0x00007ffaa0940000 - 0x00007ffaa094d000 	C:\Program Files\Java\jdk1.8.0_301\jre\bin\management.dll
0x00007ffaa2300000 - 0x00007ffaa2317000 	C:\Windows\system32\napinsp.dll
0x00007ffaa0dc0000 - 0x00007ffaa0ddb000 	C:\Windows\system32\pnrpnsp.dll

VM Arguments:
jvm_args: -javaagent:D:\intellij\IntelliJ IDEA Community Edition 2020.3.3\lib\idea_rt.jar=52386:D:\intellij\IntelliJ IDEA Community Edition 2020.3.3\bin -Dfile.encoding=UTF-8 
java_command: com.intellij.rt.execution.CommandLineWrapper C:\Users\lanru\AppData\Local\Temp\idea_classpath540875359 org.mastodon.tomancak.SciViewPlugin
java_class_path (initial): D:\intellij\IntelliJ IDEA Community Edition 2020.3.3\lib\idea_rt.jar;D:\intellij\IntelliJ IDEA Community Edition 2020.3.3\lib\idea_rt.jar
Launcher Type: SUN_STANDARD

Environment Variables:
JAVA_HOME=C:\Program Files\Java\jdk1.8.0_301
CLASSPATH=.;C:\Program Files\Java\jdk1.8.0_301\lib\dt.jar;C:\Program Files\Java\jdk1.8.0_301\lib\tools.jar;  
PATH=C:\Program Files (x86)\Common Files\Oracle\Java\javapath;C:\Python36\Scripts\;C:\Python36\;C:\Program Files\Oculus\Support\oculus-runtime;C:\Program Files\Java\jdk1.8.0_301\bin;C:\Program Files\Java\jdk1.8.0_301\jre\bin;D:\CMake\bin;C:\Program Files\dotnet\;D:\maven\apache-maven-3.8.1\bin;C:\Program Files\Git\cmd;C:\Users\lanru\AppData\Local\Microsoft\WindowsApps;;D:\VScode\Microsoft VS Code\bin;C:\Users\lanru\.dotnet\tools
USERNAME=lanru
OS=Windows_NT
PROCESSOR_IDENTIFIER=Intel64 Family 6 Model 165 Stepping 2, GenuineIntel



---------------  S Y S T E M  ---------------

OS: Windows 10.0 , 64 bit Build 19041 (10.0.19041.1023)

CPU:total 16 (initial active 16) (8 cores per cpu, 2 threads per core) family 6 model 165 stepping 2, cmov, cx8, fxsr, mmx, sse, sse2, sse3, ssse3, sse4.1, sse4.2, popcnt, avx, avx2, aes, clmul, erms, 3dnowpref, lzcnt, ht, tsc, tscinvbit, bmi1, bmi2, adx

Memory: 4k page, physical 33413348k(18079112k free), swap 53842812k(6068908k free)

vm_info: Java HotSpot(TM) 64-Bit Server VM (25.301-b09) for windows-amd64 JRE (1.8.0_301-b09), built on Jun  9 2021 06:46:21 by "java_re" with MS VC++ 15.9 (VS2017)

time: Mon Aug  2 15:05:59 2021
timezone: ?????
elapsed time: 152.959410 seconds (0d 0h 2m 32s)

