#
# A fatal error has been detected by the Java Runtime Environment:
#
#  EXCEPTION_ACCESS_VIOLATION (0xc0000005) at pc=0x00007ffa3de3a92e, pid=20080, tid=0x0000000000005944
#
# JRE version: Java(TM) SE Runtime Environment (8.0_141-b15) (build 1.8.0_141-b15)
# Java VM: Java HotSpot(TM) 64-Bit Server VM (25.141-b15 mixed mode windows-amd64 compressed oops)
# Problematic frame:
# C  0x00007ffa3de3a92e
#
# Failed to write core dump. Minidumps are not enabled by default on client versions of Windows
#
# If you would like to submit a bug report, please visit:
#   http://bugreport.java.com/bugreport/crash.jsp
# The crash happened outside the Java Virtual Machine in native code.
# See problematic frame for where to report the bug.
#

---------------  T H R E A D  ---------------

Current thread (0x0000000030353000):  JavaThread "SciJava-2233a769-Thread-0" [_thread_in_native, id=22852, stack(0x000000003edf0000,0x000000003eef0000)]

siginfo: ExceptionCode=0xc0000005, reading address 0xffffffffffffffff

Registers:
RAX=0x35697ad300020006, RBX=0x0000000090004fff, RCX=0x0000000000000000, RDX=0x0000000000000000
RSP=0x000000003eeedb00, RBP=0x0000000000000003, RSI=0x0000000053a970cc, RDI=0x000000002ee3dd10
R8 =0x0000000000000000, R9 =0x0000000000000000, R10=0x0000000000000006, R11=0x00000000493bd8b0
R12=0x0000000000000000, R13=0x0000000000000005, R14=0x000000003cf802e0, R15=0x0000000053a970a8
RIP=0x00007ffa3de3a92e, EFLAGS=0x0000000000010246

Top of Stack: (sp=0x000000003eeedb00)
0x000000003eeedb00:   000000004b150c00 000000003cf802d0
0x000000003eeedb10:   0000000000000002 00007ffa3de3a80b
0x000000003eeedb20:   0000000053a97070 0000000000000000
0x000000003eeedb30:   0000000053c80170 0000000000000000
0x000000003eeedb40:   0000000700000005 000000003cf802d0
0x000000003eeedb50:   0000000000000002 000000004b150c00
0x000000003eeedb60:   0000000000000000 000000003cf802d0
0x000000003eeedb70:   0000000000000002 000000004b150c00
0x000000003eeedb80:   0000000053c80170 00007ffa3ddf1611
0x000000003eeedb90:   0000000000000000 0000000000000005
0x000000003eeedba0:   0000000000000000 0000000000000000
0x000000003eeedbb0:   0000000000000005 000000003cf802d0
0x000000003eeedbc0:   0000000000000002 000000004b150c00
0x000000003eeedbd0:   0000000050283060 000000071f41df80
0x000000003eeedbe0:   0000000030353000 000000003eeedce8
0x000000003eeedbf0:   00007ffa3ddb0a80 0000000000000000 

Instructions: (pc=0x00007ffa3de3a92e)
0x00007ffa3de3a90e:   00 00 00 85 db 74 48 4d 8b cc 0f 1f 84 00 00 00
0x00007ffa3de3a91e:   00 00 48 8b 87 c0 00 00 00 41 8b d0 48 c1 e2 06
0x00007ffa3de3a92e:   44 8b 14 02 41 8d 42 ff 83 f8 02 76 06 41 83 fa
0x00007ffa3de3a93e:   0a 75 10 49 8b 83 00 01 00 00 41 8b 04 01 3b c1 


Register to memory mapping:

RAX=0x35697ad300020006 is an unknown value
RBX=0x0000000090004fff is an unknown value
RCX=0x0000000000000000 is an unknown value
RDX=0x0000000000000000 is an unknown value
RSP=0x000000003eeedb00 is pointing into the stack for thread: 0x0000000030353000
RBP=0x0000000000000003 is an unknown value
RSI=0x0000000053a970cc is an unknown value
RDI=0x000000002ee3dd10 is an unknown value
R8 =0x0000000000000000 is an unknown value
R9 =0x0000000000000000 is an unknown value
R10=0x0000000000000006 is an unknown value
R11=0x00000000493bd8b0 is pointing into metadata
R12=0x0000000000000000 is an unknown value
R13=0x0000000000000005 is an unknown value
R14=0x000000003cf802e0 is an unknown value
R15=0x0000000053a970a8 is an unknown value


Stack: [0x000000003edf0000,0x000000003eef0000],  sp=0x000000003eeedb00,  free space=1014k
Native frames: (J=compiled Java code, j=interpreted, Vv=VM code, C=native code)
C  0x00007ffa3de3a92e
C  0x00007ffa3de3a80b
C  0x00007ffa3ddf1611
C  0x00007ffa6b7f871b
C  0x000000000679c1c2

Java frames: (J=compiled Java code, j=interpreted, Vv=VM code)
J 18174  org.lwjgl.system.JNI.callPJPPV(JIJIIJIJJ)V (0 bytes) @ 0x000000000679c13c [0x000000000679c0c0+0x7c]
j  org.lwjgl.vulkan.VK10.nvkCmdBindDescriptorSets(Lorg/lwjgl/vulkan/VkCommandBuffer;IJIIJIJ)V+27
j  org.lwjgl.vulkan.VK10.vkCmdBindDescriptorSets(Lorg/lwjgl/vulkan/VkCommandBuffer;IJILjava/nio/LongBuffer;Ljava/nio/IntBuffer;)V+25
j  graphics.scenery.backends.vulkan.VulkanScenePass$record$1.invokeSuspend(Ljava/lang/Object;)Ljava/lang/Object;+5121
J 14828 C2 kotlin.coroutines.jvm.internal.BaseContinuationImpl.resumeWith(Ljava/lang/Object;)V (142 bytes) @ 0x00000000064692fc [0x00000000064692a0+0x5c]
J 14839 C2 kotlinx.coroutines.DispatchedTask.run()V (658 bytes) @ 0x000000000647a3f8 [0x000000000647a160+0x298]
J 17175 C2 kotlinx.coroutines.EventLoopImplBase.processNextEvent()J (214 bytes) @ 0x000000000697ef58 [0x000000000697ed00+0x258]
J 17538 C2 kotlinx.coroutines.BuildersKt__BuildersKt.runBlocking(Lkotlin/coroutines/CoroutineContext;Lkotlin/jvm/functions/Function2;)Ljava/lang/Object; (185 bytes) @ 0x0000000006c06e70 [0x0000000006c06800+0x670]
J 17712 C2 graphics.scenery.backends.vulkan.VulkanScenePass.record(Lgraphics/scenery/Hub;Lgraphics/scenery/backends/vulkan/VulkanRenderpass;Lgraphics/scenery/backends/vulkan/VulkanCommandBuffer;Lgraphics/scenery/backends/vulkan/VulkanRenderer$CommandPools;Ljava/util/Map;Lgraphics/scenery/backends/RenderConfigReader$RenderConfig;Ljava/util/Map;Ljava/util/List;Lkotlin/jvm/functions/Function1;Z)V (89 bytes) @ 0x0000000004618498 [0x0000000004618300+0x198]
j  graphics.scenery.backends.vulkan.VulkanRenderer$render$1.invokeSuspend(Ljava/lang/Object;)Ljava/lang/Object;+3230
J 14828 C2 kotlin.coroutines.jvm.internal.BaseContinuationImpl.resumeWith(Ljava/lang/Object;)V (142 bytes) @ 0x00000000064692fc [0x00000000064692a0+0x5c]
J 14839 C2 kotlinx.coroutines.DispatchedTask.run()V (658 bytes) @ 0x000000000647a3f8 [0x000000000647a160+0x298]
J 17175 C2 kotlinx.coroutines.EventLoopImplBase.processNextEvent()J (214 bytes) @ 0x000000000697ef58 [0x000000000697ed00+0x258]
J 17538 C2 kotlinx.coroutines.BuildersKt__BuildersKt.runBlocking(Lkotlin/coroutines/CoroutineContext;Lkotlin/jvm/functions/Function2;)Ljava/lang/Object; (185 bytes) @ 0x0000000006c06e70 [0x0000000006c06800+0x670]
J 17867 C2 graphics.scenery.backends.vulkan.VulkanRenderer.render(Lgraphics/scenery/Camera;Ljava/util/List;)V (36 bytes) @ 0x000000000495020c [0x0000000004950120+0xec]
j  graphics.scenery.SceneryBase.sceneryMain$suspendImpl(Lgraphics/scenery/SceneryBase;Lkotlin/coroutines/Continuation;)Ljava/lang/Object;+2227
J 17879 C2 graphics.scenery.SceneryBase$sceneryMain$1.invokeSuspend(Ljava/lang/Object;)Ljava/lang/Object; (28 bytes) @ 0x0000000003cb9bc4 [0x0000000003cb9b60+0x64]
J 14828 C2 kotlin.coroutines.jvm.internal.BaseContinuationImpl.resumeWith(Ljava/lang/Object;)V (142 bytes) @ 0x00000000064692fc [0x00000000064692a0+0x5c]
J 14839 C2 kotlinx.coroutines.DispatchedTask.run()V (658 bytes) @ 0x000000000647a3f8 [0x000000000647a160+0x298]
J 17175 C2 kotlinx.coroutines.EventLoopImplBase.processNextEvent()J (214 bytes) @ 0x000000000697ef58 [0x000000000697ed00+0x258]
j  kotlinx.coroutines.BlockingCoroutine.joinBlocking()Ljava/lang/Object;+94
j  kotlinx.coroutines.BuildersKt__BuildersKt.runBlocking(Lkotlin/coroutines/CoroutineContext;Lkotlin/jvm/functions/Function2;)Ljava/lang/Object;+181
j  kotlinx.coroutines.BuildersKt.runBlocking(Lkotlin/coroutines/CoroutineContext;Lkotlin/jvm/functions/Function2;)Ljava/lang/Object;+2
j  kotlinx.coroutines.BuildersKt__BuildersKt.runBlocking$default(Lkotlin/coroutines/CoroutineContext;Lkotlin/jvm/functions/Function2;ILjava/lang/Object;)Ljava/lang/Object;+15
j  kotlinx.coroutines.BuildersKt.runBlocking$default(Lkotlin/coroutines/CoroutineContext;Lkotlin/jvm/functions/Function2;ILjava/lang/Object;)Ljava/lang/Object;+4
j  graphics.scenery.SceneryBase.main()V+15
j  sc.iview.DefaultSciViewService.lambda$makeSciView$0(Lsc/iview/SciView;)V+1
j  sc.iview.DefaultSciViewService$$Lambda$569.run()V+4
j  org.scijava.thread.DefaultThreadService.lambda$wrap$1(Ljava/lang/Thread;Ljava/lang/Runnable;)V+19
j  org.scijava.thread.DefaultThreadService$$Lambda$16.run()V+8
j  java.util.concurrent.Executors$RunnableAdapter.call()Ljava/lang/Object;+4
J 5981 C1 java.util.concurrent.FutureTask.run()V (126 bytes) @ 0x00000000047cead4 [0x00000000047ce880+0x254]
j  java.util.concurrent.ThreadPoolExecutor.runWorker(Ljava/util/concurrent/ThreadPoolExecutor$Worker;)V+95
j  java.util.concurrent.ThreadPoolExecutor$Worker.run()V+5
j  java.lang.Thread.run()V+11
v  ~StubRoutines::call_stub

---------------  P R O C E S S  ---------------

Java Threads: ( => current thread )
  0x000000002f941800 JavaThread "DefaultDispatcher-worker-4" daemon [_thread_blocked, id=2816, stack(0x0000000049f00000,0x000000004a000000)]
  0x000000002f946000 JavaThread "DefaultDispatcher-worker-3" daemon [_thread_blocked, id=8784, stack(0x0000000049e00000,0x0000000049f00000)]
  0x000000002f940000 JavaThread "Thread-23" [_thread_blocked, id=1768, stack(0x00000000497b0000,0x00000000498b0000)]
  0x000000003035d000 JavaThread "Thread-20" [_thread_blocked, id=19780, stack(0x0000000041a60000,0x0000000041b60000)]
  0x000000003035a000 JavaThread "Thread-19" [_thread_blocked, id=8540, stack(0x0000000041800000,0x0000000041900000)]
  0x0000000031fa9800 JavaThread "Timer-2" [_thread_blocked, id=6400, stack(0x0000000000b10000,0x0000000000c10000)]
  0x0000000031fa9000 JavaThread "iothread-5" daemon [_thread_in_native, id=23504, stack(0x0000000000a10000,0x0000000000b10000)]
  0x0000000031fa6800 JavaThread "iothread-4" daemon [_thread_in_native, id=20660, stack(0x0000000000910000,0x0000000000a10000)]
  0x0000000030867000 JavaThread "iothread-3" daemon [_thread_in_native, id=22908, stack(0x0000000000810000,0x0000000000910000)]
  0x0000000030868000 JavaThread "iothread-2" daemon [_thread_in_native, id=6700, stack(0x0000000000710000,0x0000000000810000)]
  0x0000000030865800 JavaThread "reaper-1" daemon [_thread_in_native, id=13240, stack(0x0000000000610000,0x0000000000710000)]
  0x0000000030868800 JavaThread "iothread-5" daemon [_thread_in_native, id=10676, stack(0x0000000000510000,0x0000000000610000)]
  0x0000000030866000 JavaThread "iothread-4" daemon [_thread_in_native, id=18096, stack(0x0000000000410000,0x0000000000510000)]
  0x0000000030864800 JavaThread "iothread-3" daemon [_thread_in_native, id=14452, stack(0x0000000000310000,0x0000000000410000)]
  0x0000000030864000 JavaThread "iothread-2" daemon [_thread_in_native, id=15228, stack(0x0000000000210000,0x0000000000310000)]
  0x0000000030863000 JavaThread "reaper-1" daemon [_thread_in_native, id=17916, stack(0x0000000000110000,0x0000000000210000)]
  0x0000000030862800 JavaThread "iothread-5" daemon [_thread_in_native, id=5632, stack(0x0000000000010000,0x0000000000110000)]
  0x000000003085b000 JavaThread "iothread-4" daemon [_thread_in_native, id=1952, stack(0x000000007fe00000,0x000000007ff00000)]
  0x0000000030861800 JavaThread "iothread-3" daemon [_thread_in_native, id=17448, stack(0x000000007fd00000,0x000000007fe00000)]
  0x000000003085a000 JavaThread "iothread-2" daemon [_thread_in_native, id=9768, stack(0x000000007fc00000,0x000000007fd00000)]
  0x0000000030861000 JavaThread "reaper-1" daemon [_thread_in_native, id=11408, stack(0x000000007fb00000,0x000000007fc00000)]
  0x0000000030860000 JavaThread "SciJava-2233a769-Thread-2" [_thread_blocked, id=24012, stack(0x000000007fa00000,0x000000007fb00000)]
  0x000000003085d000 JavaThread "iothread-5" daemon [_thread_in_native, id=5532, stack(0x0000000073df0000,0x0000000073ef0000)]
  0x000000003085e800 JavaThread "iothread-4" daemon [_thread_in_native, id=3520, stack(0x0000000073cf0000,0x0000000073df0000)]
  0x0000000030859800 JavaThread "iothread-3" daemon [_thread_in_native, id=24040, stack(0x00000000738f0000,0x00000000739f0000)]
  0x000000003085c800 JavaThread "iothread-2" daemon [_thread_in_native, id=20384, stack(0x000000003ecf0000,0x000000003edf0000)]
  0x000000003085e000 JavaThread "reaper-1" daemon [_thread_in_native, id=2600, stack(0x000000003d2e0000,0x000000003d3e0000)]
  0x000000003085f800 JavaThread "PainterThread" [_thread_blocked, id=5968, stack(0x000000007e730000,0x000000007e830000)]
  0x0000000030355800 JavaThread "TrackScheme transform animation" daemon [_thread_blocked, id=11624, stack(0x000000007e630000,0x000000007e730000)]
  0x0000000030ef0000 JavaThread "SciJava-16f7b4af-Thread-2" [_thread_blocked, id=11856, stack(0x000000007e530000,0x000000007e630000)]
  0x0000000031fa8000 JavaThread "ForkJoinPool-1-worker-14" daemon [_thread_blocked, id=1044, stack(0x0000000073bf0000,0x0000000073cf0000)]
  0x0000000031faa800 JavaThread "ForkJoinPool-1-worker-5" daemon [_thread_blocked, id=22904, stack(0x0000000073af0000,0x0000000073bf0000)]
  0x0000000031fa7800 JavaThread "ForkJoinPool-1-worker-12" daemon [_thread_blocked, id=10476, stack(0x00000000739f0000,0x0000000073af0000)]
  0x0000000031fa6000 JavaThread "ForkJoinPool-1-worker-10" daemon [_thread_blocked, id=16120, stack(0x00000000737f0000,0x00000000738f0000)]
  0x0000000031f9e800 JavaThread "ForkJoinPool-1-worker-1" daemon [_thread_blocked, id=15172, stack(0x00000000736f0000,0x00000000737f0000)]
  0x0000000031fa5000 JavaThread "ForkJoinPool-1-worker-8" daemon [_thread_blocked, id=17932, stack(0x00000000734f0000,0x00000000735f0000)]
  0x0000000031fa3800 JavaThread "ForkJoinPool-1-worker-15" daemon [_thread_blocked, id=17856, stack(0x00000000733f0000,0x00000000734f0000)]
  0x0000000031fa4800 JavaThread "ForkJoinPool-1-worker-6" daemon [_thread_blocked, id=18032, stack(0x00000000732f0000,0x00000000733f0000)]
  0x0000000031fa2000 JavaThread "ForkJoinPool-1-worker-13" daemon [_thread_blocked, id=19060, stack(0x00000000731f0000,0x00000000732f0000)]
  0x0000000031f9c000 JavaThread "ForkJoinPool-1-worker-4" daemon [_thread_blocked, id=14108, stack(0x00000000730f0000,0x00000000731f0000)]
  0x0000000031f9d800 JavaThread "ForkJoinPool-1-worker-11" daemon [_thread_blocked, id=10232, stack(0x0000000072ff0000,0x00000000730f0000)]
  0x0000000031fa3000 JavaThread "ForkJoinPool-1-worker-2" daemon [_thread_blocked, id=23208, stack(0x0000000072ef0000,0x0000000072ff0000)]
  0x0000000031fa1800 JavaThread "SciJava-6a07b1a0-Thread-0" [_thread_blocked, id=23036, stack(0x000000004b820000,0x000000004b920000)]
  0x0000000031f9d000 JavaThread "DefaultDispatcher-worker-2" daemon [_thread_in_Java, id=12416, stack(0x000000004ba20000,0x000000004bb20000)]
  0x0000000031f9f000 JavaThread "DefaultDispatcher-worker-1" daemon [_thread_in_native, id=21812, stack(0x000000004b920000,0x000000004ba20000)]
  0x0000000030360000 JavaThread "Thread-13" [_thread_blocked, id=17580, stack(0x000000004b720000,0x000000004b820000)]
  0x0000000030359000 JavaThread "Thread-12" [_thread_blocked, id=10448, stack(0x000000004b620000,0x000000004b720000)]
  0x000000003035d800 JavaThread "Thread-11" daemon [_thread_in_native, id=15548, stack(0x000000004b520000,0x000000004b620000)]
  0x000000003035f000 JavaThread "pool-2-thread-1" [_thread_blocked, id=5556, stack(0x0000000046a90000,0x0000000046b90000)]
  0x000000003035e800 JavaThread "pool-4-thread-1" [_thread_blocked, id=23100, stack(0x000000003f9d0000,0x000000003fad0000)]
  0x0000000030361800 JavaThread "pool-3-thread-1" [_thread_blocked, id=22556, stack(0x000000003f780000,0x000000003f880000)]
  0x000000003035a800 JavaThread "Timer-0" [_thread_blocked, id=11440, stack(0x000000003f1f0000,0x000000003f2f0000)]
  0x000000003035c000 JavaThread "SciJava-2233a769-Thread-1" [_thread_blocked, id=460, stack(0x000000003eef0000,0x000000003eff0000)]
=>0x0000000030353000 JavaThread "SciJava-2233a769-Thread-0" [_thread_in_native, id=22852, stack(0x000000003edf0000,0x000000003eef0000)]
  0x0000000030352800 JavaThread "bdv-panel-1-thread-3" daemon [_thread_blocked, id=12760, stack(0x000000003e9f0000,0x000000003eaf0000)]
  0x0000000030356000 JavaThread "bdv-panel-1-thread-2" daemon [_thread_blocked, id=20756, stack(0x000000003e8f0000,0x000000003e9f0000)]
  0x0000000030354800 JavaThread "bdv-panel-1-thread-1" daemon [_thread_blocked, id=11536, stack(0x000000003e7f0000,0x000000003e8f0000)]
  0x0000000030354000 JavaThread "PainterThread" daemon [_thread_blocked, id=11932, stack(0x0000000037680000,0x0000000037780000)]
  0x0000000030357000 JavaThread "Rebuild spatial indices" daemon [_thread_blocked, id=21740, stack(0x000000003d8e0000,0x000000003d9e0000)]
  0x0000000030357800 JavaThread "Fetcher-0" daemon [_thread_blocked, id=8428, stack(0x000000003d7e0000,0x000000003d8e0000)]
  0x0000000030ef3800 JavaThread "DestroyJavaVM" [_thread_blocked, id=10728, stack(0x00000000031b0000,0x00000000032b0000)]
  0x0000000030ef3000 JavaThread "Swing-Shell" daemon [_thread_blocked, id=3264, stack(0x0000000038580000,0x0000000038680000)]
  0x0000000030ef0800 JavaThread "Rebuild spatial indices" daemon [_thread_blocked, id=15092, stack(0x0000000038940000,0x0000000038a40000)]
  0x0000000030eef000 JavaThread "PainterThread" [_thread_blocked, id=12752, stack(0x0000000037dd0000,0x0000000037ed0000)]
  0x0000000030ef1800 JavaThread "TrackScheme transform animation" daemon [_thread_blocked, id=11776, stack(0x0000000037ca0000,0x0000000037da0000)]
  0x0000000030eee800 JavaThread "TimerQueue" daemon [_thread_blocked, id=19216, stack(0x000000003c630000,0x000000003c730000)]
  0x0000000030ef2000 JavaThread "SciJava-16f7b4af-Thread-1" [_thread_blocked, id=1640, stack(0x000000003c530000,0x000000003c630000)]
  0x0000000031a9f800 JavaThread "AWT-EventQueue-0" [_thread_blocked, id=18920, stack(0x000000002d740000,0x000000002d840000)]
  0x0000000032138000 JavaThread "AWT-Shutdown" [_thread_blocked, id=17032, stack(0x000000002ca30000,0x000000002cb30000)]
  0x000000002e903000 JavaThread "SciJava-16f7b4af-Thread-0" [_thread_blocked, id=11456, stack(0x000000002c810000,0x000000002c910000)]
  0x000000002b22a000 JavaThread "AWT-Windows" daemon [_thread_in_native, id=18368, stack(0x000000002cb30000,0x000000002cc30000)]
  0x000000002b3a0000 JavaThread "Java2D Disposer" daemon [_thread_blocked, id=1548, stack(0x000000002c930000,0x000000002ca30000)]
  0x000000002861b800 JavaThread "Service Thread" daemon [_thread_blocked, id=3336, stack(0x000000002ad90000,0x000000002ae90000)]
  0x00000000285e3000 JavaThread "C1 CompilerThread11" daemon [_thread_blocked, id=18248, stack(0x000000002ac90000,0x000000002ad90000)]
  0x00000000285c8000 JavaThread "C1 CompilerThread10" daemon [_thread_blocked, id=22148, stack(0x000000002ab90000,0x000000002ac90000)]
  0x00000000285a6000 JavaThread "C1 CompilerThread9" daemon [_thread_blocked, id=20096, stack(0x000000002aa90000,0x000000002ab90000)]
  0x0000000028590800 JavaThread "C1 CompilerThread8" daemon [_thread_blocked, id=24268, stack(0x000000002a990000,0x000000002aa90000)]
  0x000000002856d800 JavaThread "C2 CompilerThread7" daemon [_thread_blocked, id=15760, stack(0x000000002a890000,0x000000002a990000)]
  0x0000000028553000 JavaThread "C2 CompilerThread6" daemon [_thread_blocked, id=4412, stack(0x000000002a790000,0x000000002a890000)]
  0x000000002854a800 JavaThread "C2 CompilerThread5" daemon [_thread_blocked, id=7204, stack(0x000000002a690000,0x000000002a790000)]
  0x0000000028547800 JavaThread "C2 CompilerThread4" daemon [_thread_in_native, id=14876, stack(0x000000002a590000,0x000000002a690000)]
  0x0000000028532000 JavaThread "C2 CompilerThread3" daemon [_thread_blocked, id=8996, stack(0x000000002a490000,0x000000002a590000)]
  0x000000002852f000 JavaThread "C2 CompilerThread2" daemon [_thread_in_native, id=21644, stack(0x000000002a390000,0x000000002a490000)]
  0x000000002852c000 JavaThread "C2 CompilerThread1" daemon [_thread_in_native, id=14580, stack(0x000000002a290000,0x000000002a390000)]
  0x000000002852a800 JavaThread "C2 CompilerThread0" daemon [_thread_blocked, id=10104, stack(0x000000002a190000,0x000000002a290000)]
  0x0000000028521000 JavaThread "Monitor Ctrl-Break" daemon [_thread_in_native, id=16488, stack(0x000000002a090000,0x000000002a190000)]
  0x00000000284bb000 JavaThread "Attach Listener" daemon [_thread_blocked, id=11492, stack(0x0000000029f90000,0x000000002a090000)]
  0x00000000284b6800 JavaThread "Signal Dispatcher" daemon [_thread_blocked, id=17052, stack(0x0000000029e90000,0x0000000029f90000)]
  0x00000000284a6000 JavaThread "Finalizer" daemon [_thread_blocked, id=13000, stack(0x0000000029d30000,0x0000000029e30000)]
  0x0000000026a2f800 JavaThread "Reference Handler" daemon [_thread_blocked, id=8840, stack(0x0000000029c30000,0x0000000029d30000)]

Other Threads:
  0x0000000028482800 VMThread [stack: 0x0000000029b30000,0x0000000029c30000] [id=18356]
  0x0000000028639000 WatcherThread [stack: 0x000000002ae90000,0x000000002af90000] [id=8716]

VM state:not at safepoint (normal execution)

VM Mutex/Monitor currently owned by a thread: None

Heap:
 PSYoungGen      total 914432K, used 785687K [0x0000000716100000, 0x000000075fa00000, 0x00000007c0000000)
  eden space 794624K, 86% used [0x0000000716100000,0x00000007400724c8,0x0000000746900000)
  from space 119808K, 81% used [0x0000000746900000,0x000000074c8d3980,0x000000074de00000)
  to   space 130048K, 0% used [0x0000000757b00000,0x0000000757b00000,0x000000075fa00000)
 ParOldGen       total 627712K, used 189594K [0x00000005c2200000, 0x00000005e8700000, 0x0000000716100000)
  object space 627712K, 30% used [0x00000005c2200000,0x00000005cdb26b70,0x00000005e8700000)
 Metaspace       used 111731K, capacity 115755K, committed 115788K, reserved 1148928K
  class space    used 16430K, capacity 17011K, committed 17024K, reserved 1048576K

Card table byte_map: [0x0000000012930000,0x0000000013920000] byte_map_base: 0x000000000fb1f000

Marking Bits: (ParMarkBitMap*) 0x0000000069e5d850
 Begin Bits: [0x00000000150c0000, 0x000000001d038000)
 End Bits:   [0x000000001d038000, 0x0000000024fb0000)

Polling page: 0x0000000001380000

CodeCache: size=245760Kb used=57443Kb max_used=57453Kb free=188317Kb
 bounds [0x0000000003570000, 0x0000000006dd0000, 0x0000000012570000]
 total_blobs=17087 nmethods=15266 adapters=1724
 compilation: enabled

Compilation events (10 events):
Event: 62.100 Thread 0x00000000285c8000 19034       3       java.util.HashMap$HashIterator::remove (77 bytes)
Event: 62.100 Thread 0x00000000285e3000 nmethod 19033 0x0000000006a6fe50 code [0x0000000006a6ffc0, 0x0000000006a701e8]
Event: 62.100 Thread 0x00000000285c8000 nmethod 19034 0x0000000006a6f410 code [0x0000000006a6f5c0, 0x0000000006a6fbb8]
Event: 62.101 Thread 0x00000000285a6000 19035       3       java.util.Arrays$ArrayList::toArray (47 bytes)
Event: 62.101 Thread 0x00000000285e3000 19036       3       graphics.scenery.backends.vulkan.VulkanPipeline$orderedDescriptorSpecs$$inlined$sortedBy$1::<init> (5 bytes)
Event: 62.101 Thread 0x00000000285c8000 19037       3       graphics.scenery.backends.vulkan.VulkanPipeline$orderedDescriptorSpecs$$inlined$sortedBy$2::<init> (5 bytes)
Event: 62.101 Thread 0x0000000028590800 nmethod 19032 0x0000000006a71dd0 code [0x0000000006a72100, 0x0000000006a73e58]
Event: 62.101 Thread 0x00000000285c8000 nmethod 19037 0x00000000069f6ad0 code [0x00000000069f6c20, 0x00000000069f6dd0]
Event: 62.101 Thread 0x00000000285e3000 nmethod 19036 0x00000000069f6710 code [0x00000000069f6860, 0x00000000069f6a10]
Event: 62.101 Thread 0x00000000285a6000 nmethod 19035 0x00000000069f5d90 code [0x00000000069f5f40, 0x00000000069f6558]

GC Heap History (10 events):
Event: 34.948 GC heap before
{Heap before GC invocations=13 (full 3):
 PSYoungGen      total 614912K, used 272253K [0x0000000716100000, 0x0000000747d80000, 0x00000007c0000000)
  eden space 534016K, 41% used [0x0000000716100000,0x00000007239e1850,0x0000000736a80000)
  from space 80896K, 62% used [0x0000000736a80000,0x0000000739b7dc90,0x000000073b980000)
  to   space 81920K, 0% used [0x0000000742d80000,0x0000000742d80000,0x0000000747d80000)
 ParOldGen       total 478720K, used 115123K [0x00000005c2200000, 0x00000005df580000, 0x0000000716100000)
  object space 478720K, 24% used [0x00000005c2200000,0x00000005c926cef0,0x00000005df580000)
 Metaspace       used 94788K, capacity 98199K, committed 98380K, reserved 1132544K
  class space    used 14901K, capacity 15370K, committed 15488K, reserved 1048576K
Event: 34.967 GC heap after
Heap after GC invocations=13 (full 3):
 PSYoungGen      total 735232K, used 46142K [0x0000000716100000, 0x0000000748580000, 0x00000007c0000000)
  eden space 653312K, 0% used [0x0000000716100000,0x0000000716100000,0x000000073df00000)
  from space 81920K, 56% used [0x0000000742d80000,0x0000000745a8f8e8,0x0000000747d80000)
  to   space 80384K, 0% used [0x000000073df00000,0x000000073df00000,0x0000000742d80000)
 ParOldGen       total 478720K, used 115131K [0x00000005c2200000, 0x00000005df580000, 0x0000000716100000)
  object space 478720K, 24% used [0x00000005c2200000,0x00000005c926eef0,0x00000005df580000)
 Metaspace       used 94788K, capacity 98199K, committed 98380K, reserved 1132544K
  class space    used 14901K, capacity 15370K, committed 15488K, reserved 1048576K
}
Event: 34.967 GC heap before
{Heap before GC invocations=14 (full 4):
 PSYoungGen      total 735232K, used 46142K [0x0000000716100000, 0x0000000748580000, 0x00000007c0000000)
  eden space 653312K, 0% used [0x0000000716100000,0x0000000716100000,0x000000073df00000)
  from space 81920K, 56% used [0x0000000742d80000,0x0000000745a8f8e8,0x0000000747d80000)
  to   space 80384K, 0% used [0x000000073df00000,0x000000073df00000,0x0000000742d80000)
 ParOldGen       total 478720K, used 115131K [0x00000005c2200000, 0x00000005df580000, 0x0000000716100000)
  object space 478720K, 24% used [0x00000005c2200000,0x00000005c926eef0,0x00000005df580000)
 Metaspace       used 94788K, capacity 98199K, committed 98380K, reserved 1132544K
  class space    used 14901K, capacity 15370K, committed 15488K, reserved 1048576K
Event: 35.114 GC heap after
Heap after GC invocations=14 (full 4):
 PSYoungGen      total 735232K, used 0K [0x0000000716100000, 0x0000000748580000, 0x00000007c0000000)
  eden space 653312K, 0% used [0x0000000716100000,0x0000000716100000,0x000000073df00000)
  from space 81920K, 0% used [0x0000000742d80000,0x0000000742d80000,0x0000000747d80000)
  to   space 80384K, 0% used [0x000000073df00000,0x000000073df00000,0x0000000742d80000)
 ParOldGen       total 627712K, used 149236K [0x00000005c2200000, 0x00000005e8700000, 0x0000000716100000)
  object space 627712K, 23% used [0x00000005c2200000,0x00000005cb3bd150,0x00000005e8700000)
 Metaspace       used 94722K, capacity 98033K, committed 98380K, reserved 1132544K
  class space    used 14898K, capacity 15360K, committed 15488K, reserved 1048576K
}
Event: 37.860 GC heap before
{Heap before GC invocations=15 (full 4):
 PSYoungGen      total 735232K, used 653312K [0x0000000716100000, 0x0000000748580000, 0x00000007c0000000)
  eden space 653312K, 100% used [0x0000000716100000,0x000000073df00000,0x000000073df00000)
  from space 81920K, 0% used [0x0000000742d80000,0x0000000742d80000,0x0000000747d80000)
  to   space 80384K, 0% used [0x000000073df00000,0x000000073df00000,0x0000000742d80000)
 ParOldGen       total 627712K, used 149236K [0x00000005c2200000, 0x00000005e8700000, 0x0000000716100000)
  object space 627712K, 23% used [0x00000005c2200000,0x00000005cb3bd150,0x00000005e8700000)
 Metaspace       used 102463K, capacity 105957K, committed 106188K, reserved 1138688K
  class space    used 15526K, capacity 16014K, committed 16128K, reserved 1048576K
Event: 37.899 GC heap after
Heap after GC invocations=15 (full 4):
 PSYoungGen      total 733696K, used 80364K [0x0000000716100000, 0x0000000754b80000, 0x00000007c0000000)
  eden space 653312K, 0% used [0x0000000716100000,0x0000000716100000,0x000000073df00000)
  from space 80384K, 99% used [0x000000073df00000,0x0000000742d7b200,0x0000000742d80000)
  to   space 106496K, 0% used [0x000000074e380000,0x000000074e380000,0x0000000754b80000)
 ParOldGen       total 627712K, used 189570K [0x00000005c2200000, 0x00000005e8700000, 0x0000000716100000)
  object space 627712K, 30% used [0x00000005c2200000,0x00000005cdb20b70,0x00000005e8700000)
 Metaspace       used 102463K, capacity 105957K, committed 106188K, reserved 1138688K
  class space    used 15526K, capacity 16014K, committed 16128K, reserved 1048576K
}
Event: 48.144 GC heap before
{Heap before GC invocations=16 (full 4):
 PSYoungGen      total 733696K, used 733676K [0x0000000716100000, 0x0000000754b80000, 0x00000007c0000000)
  eden space 653312K, 100% used [0x0000000716100000,0x000000073df00000,0x000000073df00000)
  from space 80384K, 99% used [0x000000073df00000,0x0000000742d7b200,0x0000000742d80000)
  to   space 106496K, 0% used [0x000000074e380000,0x000000074e380000,0x0000000754b80000)
 ParOldGen       total 627712K, used 189570K [0x00000005c2200000, 0x00000005e8700000, 0x0000000716100000)
  object space 627712K, 30% used [0x00000005c2200000,0x00000005cdb20b70,0x00000005e8700000)
 Metaspace       used 109150K, capacity 113069K, committed 113228K, reserved 1146880K
  class space    used 16168K, capacity 16734K, committed 16768K, reserved 1048576K
Event: 48.179 GC heap after
Heap after GC invocations=16 (full 4):
 PSYoungGen      total 901120K, used 98598K [0x0000000716100000, 0x0000000755300000, 0x00000007c0000000)
  eden space 794624K, 0% used [0x0000000716100000,0x0000000716100000,0x0000000746900000)
  from space 106496K, 92% used [0x000000074e380000,0x00000007543c98d8,0x0000000754b80000)
  to   space 119808K, 0% used [0x0000000746900000,0x0000000746900000,0x000000074de00000)
 ParOldGen       total 627712K, used 189586K [0x00000005c2200000, 0x00000005e8700000, 0x0000000716100000)
  object space 627712K, 30% used [0x00000005c2200000,0x00000005cdb24b70,0x00000005e8700000)
 Metaspace       used 109150K, capacity 113069K, committed 113228K, reserved 1146880K
  class space    used 16168K, capacity 16734K, committed 16768K, reserved 1048576K
}
Event: 58.466 GC heap before
{Heap before GC invocations=17 (full 4):
 PSYoungGen      total 901120K, used 893222K [0x0000000716100000, 0x0000000755300000, 0x00000007c0000000)
  eden space 794624K, 100% used [0x0000000716100000,0x0000000746900000,0x0000000746900000)
  from space 106496K, 92% used [0x000000074e380000,0x00000007543c98d8,0x0000000754b80000)
  to   space 119808K, 0% used [0x0000000746900000,0x0000000746900000,0x000000074de00000)
 ParOldGen       total 627712K, used 189586K [0x00000005c2200000, 0x00000005e8700000, 0x0000000716100000)
  object space 627712K, 30% used [0x00000005c2200000,0x00000005cdb24b70,0x00000005e8700000)
 Metaspace       used 110664K, capacity 114575K, committed 114764K, reserved 1146880K
  class space    used 16347K, capacity 16895K, committed 17024K, reserved 1048576K
Event: 58.500 GC heap after
Heap after GC invocations=17 (full 4):
 PSYoungGen      total 914432K, used 98126K [0x0000000716100000, 0x000000075fa00000, 0x00000007c0000000)
  eden space 794624K, 0% used [0x0000000716100000,0x0000000716100000,0x0000000746900000)
  from space 119808K, 81% used [0x0000000746900000,0x000000074c8d3980,0x000000074de00000)
  to   space 130048K, 0% used [0x0000000757b00000,0x0000000757b00000,0x000000075fa00000)
 ParOldGen       total 627712K, used 189594K [0x00000005c2200000, 0x00000005e8700000, 0x0000000716100000)
  object space 627712K, 30% used [0x00000005c2200000,0x00000005cdb26b70,0x00000005e8700000)
 Metaspace       used 110664K, capacity 114575K, committed 114764K, reserved 1146880K
  class space    used 16347K, capacity 16895K, committed 17024K, reserved 1048576K
}

Deoptimization events (10 events):
Event: 62.054 Thread 0x0000000030353000 Uncommon trap: reason=unstable_if action=reinterpret pc=0x00000000041edd18 method=graphics.scenery.backends.vulkan.VulkanNodeHelpers.canBeReused(Lgraphics/scenery/backends/vulkan/VulkanTexture;Lgraphics/scenery/textures/Texture;ILgraphics/scenery/backends
Event: 62.054 Thread 0x0000000030353000 Uncommon trap: reason=unstable_if action=reinterpret pc=0x000000000616add8 method=graphics.scenery.backends.vulkan.VulkanBuffer.mapIfUnmapped()Lorg/lwjgl/PointerBuffer; @ 10
Event: 62.056 Thread 0x0000000030353000 Uncommon trap: reason=bimorphic action=maybe_recompile pc=0x0000000006cb1af0 method=graphics.scenery.backends.vulkan.VulkanNodeHelpers.loadTexturesForNode(Lgraphics/scenery/backends/vulkan/VulkanDevice;Lgraphics/scenery/Node;Lgraphics/scenery/backends/vul
Event: 62.061 Thread 0x0000000030353000 Uncommon trap: reason=bimorphic action=maybe_recompile pc=0x0000000006cb1af0 method=graphics.scenery.backends.vulkan.VulkanNodeHelpers.loadTexturesForNode(Lgraphics/scenery/backends/vulkan/VulkanDevice;Lgraphics/scenery/Node;Lgraphics/scenery/backends/vul
Event: 62.068 Thread 0x0000000030353000 Uncommon trap: reason=class_check action=maybe_recompile pc=0x0000000006b3f7b8 method=graphics.scenery.Node.getShaderProperty(Ljava/lang/String;)Ljava/lang/Object; @ 244
Event: 62.069 Thread 0x0000000030353000 Uncommon trap: reason=class_check action=maybe_recompile pc=0x0000000006b3f7b8 method=graphics.scenery.Node.getShaderProperty(Ljava/lang/String;)Ljava/lang/Object; @ 244
Event: 62.072 Thread 0x0000000030353000 Uncommon trap: reason=class_check action=maybe_recompile pc=0x0000000006b3f7b8 method=graphics.scenery.Node.getShaderProperty(Ljava/lang/String;)Ljava/lang/Object; @ 244
Event: 62.073 Thread 0x0000000030353000 Uncommon trap: reason=class_check action=maybe_recompile pc=0x0000000006b3f7b8 method=graphics.scenery.Node.getShaderProperty(Ljava/lang/String;)Ljava/lang/Object; @ 244
Event: 62.083 Thread 0x0000000030353000 Uncommon trap: reason=null_check action=make_not_entrant pc=0x0000000006c48f94 method=graphics.scenery.backends.vulkan.VulkanScenePass$record$1.invokeSuspend(Ljava/lang/Object;)Ljava/lang/Object; @ 187
Event: 62.101 Thread 0x0000000030353000 Uncommon trap: reason=unstable_if action=reinterpret pc=0x0000000004148664 method=graphics.scenery.backends.vulkan.VulkanPostprocessPass.record(Lgraphics/scenery/backends/vulkan/VulkanRenderpass;Lgraphics/scenery/backends/vulkan/VulkanCommandBuffer;Lgraph

Internal exceptions (10 events):
Event: 60.887 Thread 0x0000000030353000 Exception <a 'java/lang/ClassNotFoundException': graphics/scenery/backends/vulkan/OpenGLSwapchain> (0x000000072021eb78) thrown at [C:\re\workspace\8-2-build-windows-amd64-cygwin\jdk8u141\9370\hotspot\src\share\vm\classfile\systemDictionary.cpp, line 210]
Event: 60.887 Thread 0x0000000030353000 Exception <a 'java/lang/ClassNotFoundException': graphics/scenery/backends/vulkan/SwingSwapchain> (0x000000072021f080) thrown at [C:\re\workspace\8-2-build-windows-amd64-cygwin\jdk8u141\9370\hotspot\src\share\vm\classfile\systemDictionary.cpp, line 210]
Event: 61.054 Thread 0x0000000030353000 Implicit null exception at 0x000000000680f427 to 0x0000000006814b19
Event: 61.247 Thread 0x0000000030353000 Exception <a 'java/lang/ClassNotFoundException': graphics/scenery/controls/GLFWMouseAndKeyHandler> (0x000000072eb4e8e8) thrown at [C:\re\workspace\8-2-build-windows-amd64-cygwin\jdk8u141\9370\hotspot\src\share\vm\classfile\systemDictionary.cpp, line 210]
Event: 61.247 Thread 0x0000000030353000 Exception <a 'java/lang/ClassNotFoundException': graphics/scenery/controls/JOGLMouseAndKeyHandler> (0x000000072eb4f010) thrown at [C:\re\workspace\8-2-build-windows-amd64-cygwin\jdk8u141\9370\hotspot\src\share\vm\classfile\systemDictionary.cpp, line 210]
Event: 61.248 Thread 0x0000000030353000 Exception <a 'java/lang/ClassNotFoundException': graphics/scenery/controls/SwingMouseAndKeyHandler> (0x000000072eb4f728) thrown at [C:\re\workspace\8-2-build-windows-amd64-cygwin\jdk8u141\9370\hotspot\src\share\vm\classfile\systemDictionary.cpp, line 210]
Event: 61.633 Thread 0x0000000030353000 Exception <a 'java/io/FileNotFoundException'> (0x000000073d79e500) thrown at [C:\re\workspace\8-2-build-windows-amd64-cygwin\jdk8u141\9370\hotspot\src\share\vm\prims\jni.cpp, line 709]
Event: 61.701 Thread 0x0000000030353000 Implicit null exception at 0x0000000006ca82f6 to 0x0000000006ca8601
Event: 62.011 Thread 0x0000000030353000 Implicit null exception at 0x0000000003b4e310 to 0x0000000003b4eaa1
Event: 62.083 Thread 0x0000000030353000 Implicit null exception at 0x0000000006c45313 to 0x0000000006c48f7d

Events (10 events):
Event: 62.072 Thread 0x0000000030353000 DEOPT UNPACKING pc=0x00000000035b582a sp=0x000000003eeedd60 mode 2
Event: 62.073 Thread 0x0000000030353000 Uncommon trap: trap_request=0xffffffde fr.pc=0x0000000006b3f7b8
Event: 62.073 Thread 0x0000000030353000 DEOPT PACKING pc=0x0000000006b3f7b8 sp=0x000000003eeedd80
Event: 62.073 Thread 0x0000000030353000 DEOPT UNPACKING pc=0x00000000035b582a sp=0x000000003eeedd60 mode 2
Event: 62.083 Thread 0x0000000030353000 Uncommon trap: trap_request=0xfffffff4 fr.pc=0x0000000006c48f94
Event: 62.083 Thread 0x0000000030353000 DEOPT PACKING pc=0x0000000006c48f94 sp=0x000000003eeee030
Event: 62.083 Thread 0x0000000030353000 DEOPT UNPACKING pc=0x00000000035b582a sp=0x000000003eeedeb0 mode 2
Event: 62.101 Thread 0x0000000030353000 Uncommon trap: trap_request=0xffffff65 fr.pc=0x0000000004148664
Event: 62.101 Thread 0x0000000030353000 DEOPT PACKING pc=0x0000000004148664 sp=0x000000003eeee2f0
Event: 62.101 Thread 0x0000000030353000 DEOPT UNPACKING pc=0x00000000035b582a sp=0x000000003eeee268 mode 2


Dynamic libraries:
0x00007ff718590000 - 0x00007ff7185c7000 	C:\Program Files\Java\jdk1.8.0_141\bin\java.exe
0x00007ffac3df0000 - 0x00007ffac3fe5000 	C:\Windows\SYSTEM32\ntdll.dll
0x00007ffac3650000 - 0x00007ffac370d000 	C:\Windows\System32\KERNEL32.DLL
0x00007ffac1530000 - 0x00007ffac17f9000 	C:\Windows\System32\KERNELBASE.dll
0x00007ffac1e60000 - 0x00007ffac1f0c000 	C:\Windows\System32\ADVAPI32.dll
0x00007ffac2cb0000 - 0x00007ffac2d4e000 	C:\Windows\System32\msvcrt.dll
0x00007ffac33e0000 - 0x00007ffac347b000 	C:\Windows\System32\sechost.dll
0x00007ffac1ff0000 - 0x00007ffac211a000 	C:\Windows\System32\RPCRT4.dll
0x00007ffac2120000 - 0x00007ffac22c0000 	C:\Windows\System32\USER32.dll
0x00007ffac1960000 - 0x00007ffac1982000 	C:\Windows\System32\win32u.dll
0x00007ffac2c80000 - 0x00007ffac2caa000 	C:\Windows\System32\GDI32.dll
0x00007ffac1a70000 - 0x00007ffac1b7b000 	C:\Windows\System32\gdi32full.dll
0x00007ffac1c70000 - 0x00007ffac1d0d000 	C:\Windows\System32\msvcp_win.dll
0x00007ffac1d60000 - 0x00007ffac1e60000 	C:\Windows\System32\ucrtbase.dll
0x00007ffaa7ba0000 - 0x00007ffaa7e3a000 	C:\Windows\WinSxS\amd64_microsoft.windows.common-controls_6595b64144ccf1df_6.0.19041.1110_none_60b5254171f9507e\COMCTL32.dll
0x00007ffac34e0000 - 0x00007ffac3510000 	C:\Windows\System32\IMM32.DLL
0x000000006a210000 - 0x000000006a2e2000 	C:\Program Files\Java\jdk1.8.0_141\jre\bin\msvcr100.dll
0x0000000069640000 - 0x0000000069edd000 	C:\Program Files\Java\jdk1.8.0_141\jre\bin\server\jvm.dll
0x00007ffac3710000 - 0x00007ffac3718000 	C:\Windows\System32\PSAPI.DLL
0x00007ffaa7700000 - 0x00007ffaa7727000 	C:\Windows\SYSTEM32\WINMM.dll
0x00007ffaba780000 - 0x00007ffaba78a000 	C:\Windows\SYSTEM32\VERSION.dll
0x00007ffabcbf0000 - 0x00007ffabcbf9000 	C:\Windows\SYSTEM32\WSOCK32.dll
0x00007ffac3520000 - 0x00007ffac358b000 	C:\Windows\System32\WS2_32.dll
0x000000006a200000 - 0x000000006a20f000 	C:\Program Files\Java\jdk1.8.0_141\jre\bin\verify.dll
0x000000006a1d0000 - 0x000000006a1f9000 	C:\Program Files\Java\jdk1.8.0_141\jre\bin\java.dll
0x000000006a140000 - 0x000000006a163000 	C:\Program Files\Java\jdk1.8.0_141\jre\bin\instrument.dll
0x000000006a1b0000 - 0x000000006a1c6000 	C:\Program Files\Java\jdk1.8.0_141\jre\bin\zip.dll
0x00007ffac22c0000 - 0x00007ffac29ff000 	C:\Windows\System32\SHELL32.dll
0x00007ffabf5f0000 - 0x00007ffabfd81000 	C:\Windows\SYSTEM32\windows.storage.dll
0x00007ffac37f0000 - 0x00007ffac3b45000 	C:\Windows\System32\combase.dll
0x00007ffac0fa0000 - 0x00007ffac0fcc000 	C:\Windows\SYSTEM32\Wldp.dll
0x00007ffac3b50000 - 0x00007ffac3bfe000 	C:\Windows\System32\SHCORE.dll
0x00007ffac3590000 - 0x00007ffac35e5000 	C:\Windows\System32\shlwapi.dll
0x00007ffac1470000 - 0x00007ffac148f000 	C:\Windows\SYSTEM32\profapi.dll
0x00007ffa2d7e0000 - 0x00007ffa2d7fa000 	D:\intellij\IntelliJ IDEA Community Edition 2020.3.3\bin\breakgen64.dll
0x000000006a190000 - 0x000000006a1aa000 	C:\Program Files\Java\jdk1.8.0_141\jre\bin\net.dll
0x00007ffac0d00000 - 0x00007ffac0d6a000 	C:\Windows\system32\mswsock.dll
0x00000000685d0000 - 0x0000000068768000 	C:\Program Files\Java\jdk1.8.0_141\jre\bin\awt.dll
0x00007ffac2bb0000 - 0x00007ffac2c7d000 	C:\Windows\System32\OLEAUT32.dll
0x00007ffabe9a0000 - 0x00007ffabea30000 	C:\Windows\SYSTEM32\apphelp.dll
0x00007ffabeb10000 - 0x00007ffabebae000 	C:\Windows\system32\uxtheme.dll
0x00007ffac2df0000 - 0x00007ffac2f05000 	C:\Windows\System32\MSCTF.dll
0x00007ffac3c80000 - 0x00007ffac3daa000 	C:\Windows\System32\ole32.dll
0x00007ffabfdf0000 - 0x00007ffabfe02000 	C:\Windows\SYSTEM32\kernel.appcore.dll
0x00007ffac1be0000 - 0x00007ffac1c63000 	C:\Windows\System32\bcryptPrimitives.dll
0x00007ffabee70000 - 0x00007ffabee9f000 	C:\Windows\system32\DWMAPI.DLL
0x00007ffaa75b0000 - 0x00007ffaa76d5000 	C:\Windows\system32\opengl32.dll
0x00007ffaadda0000 - 0x00007ffaaddcc000 	C:\Windows\SYSTEM32\GLU32.dll
0x000000006a0f0000 - 0x000000006a137000 	C:\Program Files\Java\jdk1.8.0_141\jre\bin\fontmanager.dll
0x000000006a170000 - 0x000000006a181000 	C:\Program Files\Java\jdk1.8.0_141\jre\bin\nio.dll
0x000000006a0a0000 - 0x000000006a0e2000 	C:\Program Files\Java\jdk1.8.0_141\jre\bin\t2k.dll
0x00007ffac0ef0000 - 0x00007ffac0f08000 	C:\Windows\SYSTEM32\CRYPTSP.dll
0x00007ffac0630000 - 0x00007ffac0664000 	C:\Windows\system32\rsaenh.dll
0x00007ffac1a40000 - 0x00007ffac1a67000 	C:\Windows\System32\bcrypt.dll
0x00007ffac13f0000 - 0x00007ffac141e000 	C:\Windows\SYSTEM32\USERENV.dll
0x00007ffac0ee0000 - 0x00007ffac0eec000 	C:\Windows\SYSTEM32\CRYPTBASE.dll
0x00007ffac09a0000 - 0x00007ffac09db000 	C:\Windows\SYSTEM32\IPHLPAPI.DLL
0x00007ffac2de0000 - 0x00007ffac2de8000 	C:\Windows\System32\NSI.dll
0x00007ffab8b80000 - 0x00007ffab8b97000 	C:\Windows\SYSTEM32\dhcpcsvc6.DLL
0x00007ffab8e30000 - 0x00007ffab8e4d000 	C:\Windows\SYSTEM32\dhcpcsvc.DLL
0x00007ffac09e0000 - 0x00007ffac0aac000 	C:\Windows\SYSTEM32\DNSAPI.dll
0x00007ffac3720000 - 0x00007ffac37c9000 	C:\Windows\System32\clbcatq.dll
0x00007ffab9e00000 - 0x00007ffab9fb4000 	C:\Windows\SYSTEM32\WindowsCodecs.dll
0x00007ffaa9ba0000 - 0x00007ffaa9bde000 	C:\Windows\system32\dataexchange.dll
0x00007ffabda10000 - 0x00007ffabdc74000 	C:\Windows\system32\d3d11.dll
0x00007ffabddc0000 - 0x00007ffabdfa6000 	C:\Windows\system32\dcomp.dll
0x00007ffabfe60000 - 0x00007ffabff54000 	C:\Windows\system32\dxgi.dll
0x00007ffaba040000 - 0x00007ffaba241000 	C:\Windows\system32\twinapi.appcore.dll
0x00007ffaab740000 - 0x00007ffaab839000 	C:\Windows\SYSTEM32\textinputframework.dll
0x00007ffabe330000 - 0x00007ffabe68e000 	C:\Windows\System32\CoreUIComponents.dll
0x00007ffabe690000 - 0x00007ffabe782000 	C:\Windows\System32\CoreMessaging.dll
0x00007ffac0260000 - 0x00007ffac0293000 	C:\Windows\SYSTEM32\ntmarta.dll
0x00007ffabce60000 - 0x00007ffabcfb4000 	C:\Windows\SYSTEM32\wintypes.dll
0x00007ffa7d560000 - 0x00007ffa7d74f000 	C:\Windows\system32\SogouTSF.ime
0x00007ffabe920000 - 0x00007ffabe927000 	C:\Windows\system32\MSIMG32.dll
0x00007ffa75e60000 - 0x00007ffa766fa000 	C:\Windows\system32\SogouPy.ime
0x00007ffabba80000 - 0x00007ffabbae6000 	C:\Windows\SYSTEM32\OLEACC.dll
0x00007ffaad5b0000 - 0x00007ffaad6ba000 	C:\Windows\SYSTEM32\WINHTTP.dll
0x0000000037880000 - 0x000000003799e000 	D:\?????\SogouInput\10.1.0.4428\Resource.dll
0x00007ffa7c4e0000 - 0x00007ffa7c74a000 	D:\?????\SogouInput\Components\PicFace\1.1.0.1879\PicFace64.dll
0x00007ffac1f10000 - 0x00007ffac1fea000 	C:\Windows\System32\COMDLG32.dll
0x00007ffaab370000 - 0x00007ffaab41c000 	C:\Windows\SYSTEM32\TextShaping.dll
0x0000000069610000 - 0x000000006963a000 	C:\Program Files\Java\jdk1.8.0_141\jre\bin\dcpr.dll
0x00007ffaa6a60000 - 0x00007ffaa6b10000 	C:\Windows\WinSxS\amd64_microsoft.windows.common-controls_6595b64144ccf1df_5.82.19041.1110_none_792d1c772443f647\comctl32.dll
0x00007ffac1d10000 - 0x00007ffac1d5e000 	C:\Windows\System32\CFGMGR32.dll
0x00007ffabc740000 - 0x00007ffabc836000 	C:\Windows\system32\propsys.dll
0x00007ffaadb80000 - 0x00007ffaadb97000 	C:\Windows\system32\NetworkExplorer.dll
0x00007ffa9dee0000 - 0x00007ffa9df46000 	C:\Windows\System32\thumbcache.dll
0x00007ffa97a60000 - 0x00007ffa97a7d000 	C:\Windows\SYSTEM32\MPR.dll
0x00007ffaa9520000 - 0x00007ffaa952b000 	C:\Windows\System32\drprov.dll
0x00007ffac0310000 - 0x00007ffac036a000 	C:\Windows\System32\WINSTA.dll
0x00007ffa82180000 - 0x00007ffa82198000 	C:\Windows\System32\ntlanman.dll
0x00007ffa82160000 - 0x00007ffa8217e000 	C:\Windows\System32\davclnt.dll
0x00007ffabcb80000 - 0x00007ffabcb8d000 	C:\Windows\System32\DAVHLPR.dll
0x00007ffac0750000 - 0x00007ffac0767000 	C:\Windows\System32\wkscli.dll
0x00007ffaa5de0000 - 0x00007ffaa5df2000 	C:\Windows\SYSTEM32\cscapi.dll
0x00007ffac0b00000 - 0x00007ffac0b0c000 	C:\Windows\System32\netutils.dll
0x00007ffa84110000 - 0x00007ffa84168000 	C:\Windows\System32\dlnashext.dll
0x00007ffa6b5f0000 - 0x00007ffa6b654000 	C:\Windows\System32\PlayToDevice.dll
0x00007ffaa58e0000 - 0x00007ffaa5900000 	C:\Windows\System32\DevDispItemProvider.dll
0x00007ffab9c30000 - 0x00007ffab9cb5000 	C:\Windows\System32\MMDevApi.dll
0x00007ffac12e0000 - 0x00007ffac130c000 	C:\Windows\System32\DEVOBJ.dll
0x00007ffa6b540000 - 0x00007ffa6b5e3000 	C:\Windows\system32\wpdshext.dll
0x00007ffaacc40000 - 0x00007ffaacde9000 	C:\Windows\WinSxS\amd64_microsoft.windows.gdiplus_6595b64144ccf1df_1.1.19041.1110_none_91a01826cc8bca4c\gdiplus.dll
0x00007ffab7530000 - 0x00007ffab7cc7000 	C:\Windows\System32\OneCoreUAPCommonProxyStub.dll
0x00007ffa86430000 - 0x00007ffa864d3000 	C:\Windows\System32\PortableDeviceApi.dll
0x00007ffac2f70000 - 0x00007ffac33d9000 	C:\Windows\System32\SETUPAPI.dll
0x00007ffac1b80000 - 0x00007ffac1be0000 	C:\Windows\System32\WINTRUST.dll
0x00007ffac1800000 - 0x00007ffac195f000 	C:\Windows\System32\CRYPT32.dll
0x00007ffac1120000 - 0x00007ffac1132000 	C:\Windows\System32\MSASN1.dll
0x00007ffa7c320000 - 0x00007ffa7c357000 	C:\Windows\System32\EhStorShell.dll
0x00007ffa70df0000 - 0x00007ffa70e16000 	C:\Windows\System32\EhStorAPI.dll
0x00007ffabcc10000 - 0x00007ffabcc24000 	C:\Windows\System32\WTSAPI32.dll
0x00007ffaad700000 - 0x00007ffaad70d000 	C:\Windows\SYSTEM32\LINKINFO.dll
0x00007ffaa1090000 - 0x00007ffaa109c000 	C:\Windows\SYSTEM32\Secur32.dll
0x00007ffac1420000 - 0x00007ffac1451000 	C:\Windows\SYSTEM32\SSPICLI.DLL
0x00007ffaa73c0000 - 0x00007ffaa7422000 	C:\Windows\System32\Windows.FileExplorer.Common.dll
0x00007ffaabfa0000 - 0x00007ffaac250000 	C:\Windows\System32\iertutil.dll
0x00007ffa86260000 - 0x00007ffa86284000 	C:\Windows\SYSTEM32\edputil.dll
0x00007ffaa9120000 - 0x00007ffaa9266000 	C:\Windows\System32\Windows.StateRepositoryPS.dll
0x00007ffaabb50000 - 0x00007ffaabd3c000 	C:\Windows\SYSTEM32\urlmon.dll
0x00007ffaab990000 - 0x00007ffaab9b8000 	C:\Windows\SYSTEM32\srvcli.dll
0x00007ffaaba00000 - 0x00007ffaaba23000 	C:\Windows\System32\cldapi.dll
0x00007ffaa62d0000 - 0x00007ffaa62db000 	C:\Windows\System32\FLTLIB.DLL
0x00007ffaa6fa0000 - 0x00007ffaa7031000 	C:\Windows\System32\appresolver.dll
0x00007ffaaddd0000 - 0x00007ffaade2b000 	C:\Windows\System32\Bcp47Langs.dll
0x00007ffac00f0000 - 0x00007ffac0119000 	C:\Windows\System32\SLC.dll
0x00007ffac00c0000 - 0x00007ffac00e5000 	C:\Windows\System32\sppc.dll

VM Arguments:
jvm_args: -javaagent:D:\intellij\IntelliJ IDEA Community Edition 2020.3.3\lib\idea_rt.jar=50155:D:\intellij\IntelliJ IDEA Community Edition 2020.3.3\bin -Dfile.encoding=UTF-8 
java_command: com.intellij.rt.execution.CommandLineWrapper C:\Users\lanru\AppData\Local\Temp\idea_classpath47299048 org.mastodon.tomancak.SciViewPlugin
java_class_path (initial): D:\intellij\IntelliJ IDEA Community Edition 2020.3.3\lib\idea_rt.jar;D:\intellij\IntelliJ IDEA Community Edition 2020.3.3\lib\idea_rt.jar
Launcher Type: SUN_STANDARD

Environment Variables:
JAVA_HOME=C:\Program Files\Java\jdk1.8.0_141
CLASSPATH=.;C:\Program Files\Java\jdk1.8.0_141\lib\dt.jar;C:\Program Files\Java\jdk1.8.0_141\lib\tools.jar;  
PATH=C:\Python36\Scripts\;C:\Python36\;C:\Program Files\Oculus\Support\oculus-runtime;C:\Program Files\Java\jdk1.8.0_141\bin;C:\Program Files\Java\jdk1.8.0_141\jre\bin;D:\CMake\bin;C:\Program Files\dotnet\;D:\maven\apache-maven-3.8.1\bin;C:\Program Files\Git\cmd;C:\Users\lanru\AppData\Local\Microsoft\WindowsApps;;D:\VScode\Microsoft VS Code\bin;C:\Users\lanru\.dotnet\tools
USERNAME=lanru
OS=Windows_NT
PROCESSOR_IDENTIFIER=Intel64 Family 6 Model 165 Stepping 2, GenuineIntel



---------------  S Y S T E M  ---------------

OS: Windows 10.0 , 64 bit Build 19041 (10.0.19041.1023)

CPU:total 16 (initial active 16) (8 cores per cpu, 2 threads per core) family 6 model 165 stepping 2, cmov, cx8, fxsr, mmx, sse, sse2, sse3, ssse3, sse4.1, sse4.2, popcnt, avx, avx2, aes, clmul, erms, 3dnowpref, lzcnt, ht, tsc, tscinvbit, bmi1, bmi2, adx

Memory: 4k page, physical 33413348k(17171160k free), swap 57056292k(9456512k free)

vm_info: Java HotSpot(TM) 64-Bit Server VM (25.141-b15) for windows-amd64 JRE (1.8.0_141-b15), built on Jul 12 2017 04:25:12 by "java_re" with MS VC++ 10.0 (VS2010)

time: Mon Aug 02 13:11:55 2021
elapsed time: 62 seconds (0d 0h 1m 2s)

