#
# A fatal error has been detected by the Java Runtime Environment:
#
#  EXCEPTION_ACCESS_VIOLATION (0xc0000005) at pc=0x00007ffa3de3a904, pid=15520, tid=0x0000000000000e38
#
# JRE version: Java(TM) SE Runtime Environment (8.0_141-b15) (build 1.8.0_141-b15)
# Java VM: Java HotSpot(TM) 64-Bit Server VM (25.141-b15 mixed mode windows-amd64 compressed oops)
# Problematic frame:
# C  0x00007ffa3de3a904
#
# Failed to write core dump. Minidumps are not enabled by default on client versions of Windows
#
# If you would like to submit a bug report, please visit:
#   http://bugreport.java.com/bugreport/crash.jsp
# The crash happened outside the Java Virtual Machine in native code.
# See problematic frame for where to report the bug.
#

---------------  T H R E A D  ---------------

Current thread (0x000000003173a000):  JavaThread "SciJava-2a11d293-Thread-1" [_thread_in_native, id=3640, stack(0x000000003da30000,0x000000003db30000)]

siginfo: ExceptionCode=0xc0000005, reading address 0x00000000483d6988

Registers:
RAX=0x00000000483d68f8, RBX=0x0000000000000001, RCX=0x0000000000000000, RDX=0x0000000000000000
RSP=0x000000003db2e050, RBP=0x0000000000000003, RSI=0x0000000052ecb70c, RDI=0x0000000042456630
R8 =0x0000000000000000, R9 =0x0000000000000004, R10=0x0000000000000006, R11=0x00000000483d68b0
R12=0x0000000000000000, R13=0x0000000000000005, R14=0x000000003c3e02e0, R15=0x0000000052ecb6e8
RIP=0x00007ffa3de3a904, EFLAGS=0x0000000000010202

Top of Stack: (sp=0x000000003db2e050)
0x000000003db2e050:   0000000045f20140 000000003c3e02d0
0x000000003db2e060:   0000000000000002 00007ffa3de3a80b
0x000000003db2e070:   0000000052ecb6b0 0000000000000000
0x000000003db2e080:   0000000052c1d0d0 0000000000000000
0x000000003db2e090:   0000000000000005 000000003c3e02d0
0x000000003db2e0a0:   0000000000000002 0000000045f20140
0x000000003db2e0b0:   0000000000000000 000000003c3e02d0
0x000000003db2e0c0:   0000000000000002 0000000045f20140
0x000000003db2e0d0:   0000000052c1d0d0 00007ffa3ddf1611
0x000000003db2e0e0:   0000000000000000 0000000000000005
0x000000003db2e0f0:   0000000000000000 0000000000000000
0x000000003db2e100:   0000000000000005 000000003c3e02d0
0x000000003db2e110:   0000000000000002 0000000045f20140
0x000000003db2e120:   000000004204c4f0 0000000718f9dfc0
0x000000003db2e130:   000000003173a000 000000003db2e238
0x000000003db2e140:   00007ffa3ddb0a80 0000000000000000 

Instructions: (pc=0x00007ffa3de3a904)
0x00007ffa3de3a8e4:   74 24 48 66 0f 1f 84 00 00 00 00 00 49 8b 06 41
0x00007ffa3de3a8f4:   8b cc 48 85 c0 45 8b c4 4c 8d 58 b8 4d 0f 44 dc
0x00007ffa3de3a904:   49 8b bb d8 00 00 00 8b 9f bc 00 00 00 85 db 74
0x00007ffa3de3a914:   48 4d 8b cc 0f 1f 84 00 00 00 00 00 48 8b 87 c0 


Register to memory mapping:

RAX=0x00000000483d68f8 is pointing into the stack for thread: 0x00000000342b6000
RBX=0x0000000000000001 is an unknown value
RCX=0x0000000000000000 is an unknown value
RDX=0x0000000000000000 is an unknown value
RSP=0x000000003db2e050 is pointing into the stack for thread: 0x000000003173a000
RBP=0x0000000000000003 is an unknown value
RSI=0x0000000052ecb70c is an unknown value
RDI=0x0000000042456630 is an unknown value
R8 =0x0000000000000000 is an unknown value
R9 =0x0000000000000004 is an unknown value
R10=0x0000000000000006 is an unknown value
R11=0x00000000483d68b0 is pointing into the stack for thread: 0x00000000342b6000
R12=0x0000000000000000 is an unknown value
R13=0x0000000000000005 is an unknown value
R14=0x000000003c3e02e0 is an unknown value
R15=0x0000000052ecb6e8 is an unknown value


Stack: [0x000000003da30000,0x000000003db30000],  sp=0x000000003db2e050,  free space=1016k
Native frames: (J=compiled Java code, j=interpreted, Vv=VM code, C=native code)
C  0x00007ffa3de3a904
C  0x00007ffa3de3a80b
C  0x00007ffa3ddf1611
C  0x00007ffa39e6871b
C  0x000000000593b942

Java frames: (J=compiled Java code, j=interpreted, Vv=VM code)
J 17989  org.lwjgl.system.JNI.callPJPPV(JIJIIJIJJ)V (0 bytes) @ 0x000000000593b8bc [0x000000000593b840+0x7c]
j  org.lwjgl.vulkan.VK10.nvkCmdBindDescriptorSets(Lorg/lwjgl/vulkan/VkCommandBuffer;IJIIJIJ)V+27
j  org.lwjgl.vulkan.VK10.vkCmdBindDescriptorSets(Lorg/lwjgl/vulkan/VkCommandBuffer;IJILjava/nio/LongBuffer;Ljava/nio/IntBuffer;)V+25
j  graphics.scenery.backends.vulkan.VulkanScenePass$record$1.invokeSuspend(Ljava/lang/Object;)Ljava/lang/Object;+5121
J 14823 C2 kotlin.coroutines.jvm.internal.BaseContinuationImpl.resumeWith(Ljava/lang/Object;)V (142 bytes) @ 0x000000000598c5fc [0x000000000598c5a0+0x5c]
J 14843 C2 kotlinx.coroutines.DispatchedTask.run()V (658 bytes) @ 0x000000000599dd78 [0x000000000599dae0+0x298]
J 16907 C2 kotlinx.coroutines.EventLoopImplBase.processNextEvent()J (214 bytes) @ 0x00000000038f39f8 [0x00000000038f37a0+0x258]
J 17352 C2 kotlinx.coroutines.BuildersKt__BuildersKt.runBlocking(Lkotlin/coroutines/CoroutineContext;Lkotlin/jvm/functions/Function2;)Ljava/lang/Object; (185 bytes) @ 0x0000000005fed780 [0x0000000005fed080+0x700]
J 17523 C2 graphics.scenery.backends.vulkan.VulkanScenePass.record(Lgraphics/scenery/Hub;Lgraphics/scenery/backends/vulkan/VulkanRenderpass;Lgraphics/scenery/backends/vulkan/VulkanCommandBuffer;Lgraphics/scenery/backends/vulkan/VulkanRenderer$CommandPools;Ljava/util/Map;Lgraphics/scenery/backends/RenderConfigReader$RenderConfig;Ljava/util/Map;Ljava/util/List;Lkotlin/jvm/functions/Function1;Z)V (89 bytes) @ 0x00000000034e2898 [0x00000000034e2700+0x198]
j  graphics.scenery.backends.vulkan.VulkanRenderer$render$1.invokeSuspend(Ljava/lang/Object;)Ljava/lang/Object;+3230
J 14823 C2 kotlin.coroutines.jvm.internal.BaseContinuationImpl.resumeWith(Ljava/lang/Object;)V (142 bytes) @ 0x000000000598c5fc [0x000000000598c5a0+0x5c]
J 14843 C2 kotlinx.coroutines.DispatchedTask.run()V (658 bytes) @ 0x000000000599dd78 [0x000000000599dae0+0x298]
J 16907 C2 kotlinx.coroutines.EventLoopImplBase.processNextEvent()J (214 bytes) @ 0x00000000038f39f8 [0x00000000038f37a0+0x258]
J 17352 C2 kotlinx.coroutines.BuildersKt__BuildersKt.runBlocking(Lkotlin/coroutines/CoroutineContext;Lkotlin/jvm/functions/Function2;)Ljava/lang/Object; (185 bytes) @ 0x0000000005fed780 [0x0000000005fed080+0x700]
J 17734 C2 graphics.scenery.backends.vulkan.VulkanRenderer.render(Lgraphics/scenery/Camera;Ljava/util/List;)V (36 bytes) @ 0x00000000043b5c0c [0x00000000043b5b20+0xec]
J 14651% C2 graphics.scenery.SceneryBase.sceneryMain$suspendImpl(Lgraphics/scenery/SceneryBase;Lkotlin/coroutines/Continuation;)Ljava/lang/Object; (3838 bytes) @ 0x00000000058ee68c [0x00000000058edec0+0x7cc]
J 17661 C2 graphics.scenery.SceneryBase$sceneryMain$1.invokeSuspend(Ljava/lang/Object;)Ljava/lang/Object; (28 bytes) @ 0x000000000613b344 [0x000000000613b2e0+0x64]
J 14823 C2 kotlin.coroutines.jvm.internal.BaseContinuationImpl.resumeWith(Ljava/lang/Object;)V (142 bytes) @ 0x000000000598c5fc [0x000000000598c5a0+0x5c]
J 14843 C2 kotlinx.coroutines.DispatchedTask.run()V (658 bytes) @ 0x000000000599dd78 [0x000000000599dae0+0x298]
J 16907 C2 kotlinx.coroutines.EventLoopImplBase.processNextEvent()J (214 bytes) @ 0x00000000038f39f8 [0x00000000038f37a0+0x258]
j  kotlinx.coroutines.BlockingCoroutine.joinBlocking()Ljava/lang/Object;+94
j  kotlinx.coroutines.BuildersKt__BuildersKt.runBlocking(Lkotlin/coroutines/CoroutineContext;Lkotlin/jvm/functions/Function2;)Ljava/lang/Object;+181
j  kotlinx.coroutines.BuildersKt.runBlocking(Lkotlin/coroutines/CoroutineContext;Lkotlin/jvm/functions/Function2;)Ljava/lang/Object;+2
j  kotlinx.coroutines.BuildersKt__BuildersKt.runBlocking$default(Lkotlin/coroutines/CoroutineContext;Lkotlin/jvm/functions/Function2;ILjava/lang/Object;)Ljava/lang/Object;+15
j  kotlinx.coroutines.BuildersKt.runBlocking$default(Lkotlin/coroutines/CoroutineContext;Lkotlin/jvm/functions/Function2;ILjava/lang/Object;)Ljava/lang/Object;+4
j  graphics.scenery.SceneryBase.main()V+15
j  sc.iview.DefaultSciViewService.lambda$makeSciView$0(Lsc/iview/SciView;)V+1
j  sc.iview.DefaultSciViewService$$Lambda$418.run()V+4
j  org.scijava.thread.DefaultThreadService.lambda$wrap$1(Ljava/lang/Thread;Ljava/lang/Runnable;)V+19
j  org.scijava.thread.DefaultThreadService$$Lambda$16.run()V+8
j  java.util.concurrent.Executors$RunnableAdapter.call()Ljava/lang/Object;+4
J 5920 C1 java.util.concurrent.FutureTask.run()V (126 bytes) @ 0x0000000003bf8c94 [0x0000000003bf8a40+0x254]
j  java.util.concurrent.ThreadPoolExecutor.runWorker(Ljava/util/concurrent/ThreadPoolExecutor$Worker;)V+95
j  java.util.concurrent.ThreadPoolExecutor$Worker.run()V+5
j  java.lang.Thread.run()V+11
v  ~StubRoutines::call_stub

---------------  P R O C E S S  ---------------

Java Threads: ( => current thread )
  0x00000000342b5000 JavaThread "DefaultDispatcher-worker-5" daemon [_thread_blocked, id=13108, stack(0x0000000049120000,0x0000000049220000)]
  0x00000000342b8000 JavaThread "DefaultDispatcher-worker-4" daemon [_thread_blocked, id=11364, stack(0x0000000049020000,0x0000000049120000)]
  0x00000000342ba800 JavaThread "Thread-24" [_thread_blocked, id=10712, stack(0x00000000489c0000,0x0000000048ac0000)]
  0x00000000342b9000 JavaThread "Thread-21" [_thread_blocked, id=10400, stack(0x00000000484c0000,0x00000000485c0000)]
  0x00000000342b6000 JavaThread "Thread-20" [_thread_blocked, id=1708, stack(0x00000000483c0000,0x00000000484c0000)]
  0x00000000342b7800 JavaThread "Timer-2" [_thread_blocked, id=5536, stack(0x000000003f730000,0x000000003f830000)]
  0x000000003433b800 JavaThread "iothread-5" daemon [_thread_in_native, id=15744, stack(0x0000000098de0000,0x0000000098ee0000)]
  0x0000000031738000 JavaThread "iothread-4" daemon [_thread_in_native, id=5308, stack(0x0000000098ce0000,0x0000000098de0000)]
  0x0000000031736800 JavaThread "iothread-3" daemon [_thread_in_native, id=17524, stack(0x0000000098be0000,0x0000000098ce0000)]
  0x000000003173b000 JavaThread "iothread-2" daemon [_thread_in_native, id=10308, stack(0x0000000098ae0000,0x0000000098be0000)]
  0x000000002de49000 JavaThread "reaper-1" daemon [_thread_in_native, id=3000, stack(0x00000000989e0000,0x0000000098ae0000)]
  0x000000002de48000 JavaThread "iothread-5" daemon [_thread_in_native, id=12228, stack(0x00000000988e0000,0x00000000989e0000)]
  0x000000002de47800 JavaThread "iothread-4" daemon [_thread_in_native, id=2200, stack(0x00000000977f0000,0x00000000978f0000)]
  0x000000002de46800 JavaThread "iothread-3" daemon [_thread_in_native, id=17472, stack(0x00000000976f0000,0x00000000977f0000)]
  0x000000002de4c000 JavaThread "iothread-2" daemon [_thread_in_native, id=21392, stack(0x00000000975f0000,0x00000000976f0000)]
  0x000000002de4d800 JavaThread "reaper-1" daemon [_thread_in_native, id=15272, stack(0x00000000974f0000,0x00000000975f0000)]
  0x000000002de4c800 JavaThread "iothread-5" daemon [_thread_in_native, id=23576, stack(0x00000000973f0000,0x00000000974f0000)]
  0x000000002de4b000 JavaThread "iothread-4" daemon [_thread_in_native, id=21800, stack(0x00000000972f0000,0x00000000973f0000)]
  0x000000002de4a800 JavaThread "iothread-3" daemon [_thread_in_native, id=17276, stack(0x00000000961d0000,0x00000000962d0000)]
  0x000000002de49800 JavaThread "iothread-2" daemon [_thread_in_native, id=11880, stack(0x00000000950c0000,0x00000000951c0000)]
  0x000000002de3f000 JavaThread "reaper-1" daemon [_thread_in_native, id=10676, stack(0x000000007fec0000,0x000000007ffc0000)]
  0x000000002de46000 JavaThread "SciJava-2a11d293-Thread-2" [_thread_blocked, id=14568, stack(0x000000006e070000,0x000000006e170000)]
  0x000000002de41800 JavaThread "iothread-5" daemon [_thread_in_native, id=9668, stack(0x00000000457f0000,0x00000000458f0000)]
  0x000000002de40000 JavaThread "iothread-4" daemon [_thread_in_native, id=12116, stack(0x000000003d000000,0x000000003d100000)]
  0x000000002de3e800 JavaThread "iothread-3" daemon [_thread_in_native, id=15620, stack(0x00000000378c0000,0x00000000379c0000)]
  0x000000002de45000 JavaThread "iothread-2" daemon [_thread_in_native, id=17552, stack(0x0000000000210000,0x0000000000310000)]
  0x000000002de43800 JavaThread "reaper-1" daemon [_thread_in_native, id=18600, stack(0x0000000000110000,0x0000000000210000)]
  0x000000002de44800 JavaThread "DefaultDispatcher-worker-3" daemon [_thread_in_native, id=23128, stack(0x0000000000010000,0x0000000000110000)]
  0x000000002de42000 JavaThread "SciJava-16f7b4af-Thread-2" [_thread_blocked, id=1288, stack(0x000000007fdc0000,0x000000007fec0000)]
  0x000000003433b000 JavaThread "ForkJoinPool-1-worker-12" daemon [_thread_blocked, id=18584, stack(0x000000006dc70000,0x000000006dd70000)]
  0x0000000034341800 JavaThread "ForkJoinPool-1-worker-3" daemon [_thread_blocked, id=19732, stack(0x000000006db70000,0x000000006dc70000)]
  0x0000000034341000 JavaThread "ForkJoinPool-1-worker-10" daemon [_thread_blocked, id=7840, stack(0x000000006da70000,0x000000006db70000)]
  0x0000000034340000 JavaThread "ForkJoinPool-1-worker-1" daemon [_thread_blocked, id=19476, stack(0x0000000069ee0000,0x0000000069fe0000)]
  0x000000003433e000 JavaThread "ForkJoinPool-1-worker-8" daemon [_thread_blocked, id=22728, stack(0x0000000069ca0000,0x0000000069da0000)]
  0x000000003433c800 JavaThread "ForkJoinPool-1-worker-15" daemon [_thread_blocked, id=11828, stack(0x0000000069ba0000,0x0000000069ca0000)]
  0x000000003433d000 JavaThread "ForkJoinPool-1-worker-6" daemon [_thread_blocked, id=18244, stack(0x00000000699a0000,0x0000000069aa0000)]
  0x000000002dbd2000 JavaThread "ForkJoinPool-1-worker-13" daemon [_thread_blocked, id=18008, stack(0x0000000050320000,0x0000000050420000)]
  0x000000002dbd1000 JavaThread "ForkJoinPool-1-worker-4" daemon [_thread_blocked, id=21048, stack(0x0000000050220000,0x0000000050320000)]
  0x000000002dbd0800 JavaThread "ForkJoinPool-1-worker-11" daemon [_thread_blocked, id=12412, stack(0x0000000050120000,0x0000000050220000)]
  0x000000002dbd3800 JavaThread "ForkJoinPool-1-worker-2" daemon [_thread_blocked, id=21992, stack(0x0000000050020000,0x0000000050120000)]
  0x000000002dbd2800 JavaThread "ForkJoinPool-1-worker-9" daemon [_thread_blocked, id=19228, stack(0x0000000045fa0000,0x00000000460a0000)]
  0x000000002dbc8000 JavaThread "SciJava-24450173-Thread-0" [_thread_blocked, id=15100, stack(0x0000000068ce0000,0x0000000068de0000)]
  0x000000002dbd4000 JavaThread "DefaultDispatcher-worker-2" daemon [_thread_in_native, id=14768, stack(0x000000004a670000,0x000000004a770000)]
  0x000000002dbd5000 JavaThread "DefaultDispatcher-worker-1" daemon [_thread_blocked, id=17080, stack(0x000000004a570000,0x000000004a670000)]
  0x000000002dbcf000 JavaThread "Thread-14" [_thread_blocked, id=18972, stack(0x000000004a370000,0x000000004a470000)]
  0x000000002dbc7800 JavaThread "Thread-13" [_thread_blocked, id=15000, stack(0x000000004a270000,0x000000004a370000)]
  0x000000002dbce000 JavaThread "Thread-12" daemon [_thread_in_native, id=9076, stack(0x000000004a170000,0x000000004a270000)]
  0x000000003433f800 JavaThread "pool-2-thread-1" [_thread_blocked, id=14380, stack(0x0000000045bf0000,0x0000000045cf0000)]
  0x000000002dbcb000 JavaThread "bdv-panel-1-thread-3" daemon [_thread_blocked, id=12276, stack(0x000000003f630000,0x000000003f730000)]
  0x000000002dbc9000 JavaThread "bdv-panel-1-thread-2" daemon [_thread_blocked, id=924, stack(0x000000003f530000,0x000000003f630000)]
  0x000000002dbcd800 JavaThread "bdv-panel-1-thread-1" daemon [_thread_blocked, id=4652, stack(0x000000003f430000,0x000000003f530000)]
  0x000000002dbc9800 JavaThread "PainterThread" daemon [_thread_blocked, id=10848, stack(0x000000003ed30000,0x000000003ee30000)]
  0x000000003173d000 JavaThread "pool-4-thread-1" [_thread_blocked, id=24012, stack(0x000000003e230000,0x000000003e330000)]
  0x000000003173c800 JavaThread "pool-3-thread-1" [_thread_blocked, id=20724, stack(0x000000003e130000,0x000000003e230000)]
  0x0000000031739800 JavaThread "Timer-0" [_thread_blocked, id=13296, stack(0x000000003db30000,0x000000003dc30000)]
=>0x000000003173a000 JavaThread "SciJava-2a11d293-Thread-1" [_thread_in_native, id=3640, stack(0x000000003da30000,0x000000003db30000)]
  0x000000003173b800 JavaThread "SciJava-2a11d293-Thread-0" [_thread_blocked, id=14856, stack(0x000000003d930000,0x000000003da30000)]
  0x0000000031732000 JavaThread "Rebuild spatial indices" daemon [_thread_blocked, id=16292, stack(0x000000003c2a0000,0x000000003c3a0000)]
  0x000000003172e000 JavaThread "Fetcher-0" daemon [_thread_blocked, id=10992, stack(0x000000003a6c0000,0x000000003a7c0000)]
  0x0000000031738800 JavaThread "Rebuild spatial indices" daemon [_thread_blocked, id=21268, stack(0x000000003c990000,0x000000003ca90000)]
  0x0000000031735800 JavaThread "Fetcher-0" daemon [_thread_blocked, id=21920, stack(0x000000003c890000,0x000000003c990000)]
  0x0000000031735000 JavaThread "DestroyJavaVM" [_thread_blocked, id=15908, stack(0x0000000002670000,0x0000000002770000)]
  0x0000000031730800 JavaThread "Swing-Shell" daemon [_thread_blocked, id=6048, stack(0x000000003c420000,0x000000003c520000)]
  0x000000003172f000 JavaThread "Rebuild spatial indices" daemon [_thread_blocked, id=19264, stack(0x00000000376b0000,0x00000000377b0000)]
  0x0000000031733800 JavaThread "PainterThread" [_thread_blocked, id=16960, stack(0x0000000035a10000,0x0000000035b10000)]
  0x0000000031731000 JavaThread "TrackScheme transform animation" daemon [_thread_blocked, id=19748, stack(0x0000000035520000,0x0000000035620000)]
  0x000000003172f800 JavaThread "TimerQueue" daemon [_thread_blocked, id=21324, stack(0x00000000352f0000,0x00000000353f0000)]
  0x0000000031732800 JavaThread "SciJava-16f7b4af-Thread-1" [_thread_blocked, id=12268, stack(0x00000000351e0000,0x00000000352e0000)]
  0x000000002eab4000 JavaThread "AWT-EventQueue-0" [_thread_blocked, id=3916, stack(0x00000000330a0000,0x00000000331a0000)]
  0x0000000030eb8800 JavaThread "AWT-Shutdown" [_thread_blocked, id=14176, stack(0x000000002be60000,0x000000002bf60000)]
  0x000000002cffc800 JavaThread "SciJava-16f7b4af-Thread-0" [_thread_blocked, id=17800, stack(0x000000002bc40000,0x000000002bd40000)]
  0x000000002ae13800 JavaThread "AWT-Windows" daemon [_thread_in_native, id=11472, stack(0x000000002bf60000,0x000000002c060000)]
  0x000000002a9bd000 JavaThread "Java2D Disposer" daemon [_thread_blocked, id=16472, stack(0x000000002bd60000,0x000000002be60000)]
  0x0000000027a92800 JavaThread "Service Thread" daemon [_thread_blocked, id=17332, stack(0x000000002a1c0000,0x000000002a2c0000)]
  0x0000000027a2b000 JavaThread "C1 CompilerThread11" daemon [_thread_blocked, id=15332, stack(0x000000002a0c0000,0x000000002a1c0000)]
  0x0000000027a31000 JavaThread "C1 CompilerThread10" daemon [_thread_blocked, id=9244, stack(0x0000000029fc0000,0x000000002a0c0000)]
  0x0000000027a2e000 JavaThread "C1 CompilerThread9" daemon [_thread_blocked, id=15544, stack(0x0000000029ec0000,0x0000000029fc0000)]
  0x0000000027a2a000 JavaThread "C1 CompilerThread8" daemon [_thread_blocked, id=18208, stack(0x0000000029dc0000,0x0000000029ec0000)]
  0x0000000027a2b800 JavaThread "C2 CompilerThread7" daemon [_thread_blocked, id=9760, stack(0x0000000029cc0000,0x0000000029dc0000)]
  0x0000000027a0d000 JavaThread "C2 CompilerThread6" daemon [_thread_blocked, id=18032, stack(0x0000000029bc0000,0x0000000029cc0000)]
  0x00000000279d9800 JavaThread "C2 CompilerThread5" daemon [_thread_blocked, id=12144, stack(0x0000000029ac0000,0x0000000029bc0000)]
  0x00000000279bf000 JavaThread "C2 CompilerThread4" daemon [_thread_blocked, id=12604, stack(0x00000000299c0000,0x0000000029ac0000)]
  0x00000000279a2000 JavaThread "C2 CompilerThread3" daemon [_thread_blocked, id=13780, stack(0x00000000298c0000,0x00000000299c0000)]
  0x00000000279a1000 JavaThread "C2 CompilerThread2" daemon [_thread_blocked, id=14628, stack(0x00000000297c0000,0x00000000298c0000)]
  0x000000002799e000 JavaThread "C2 CompilerThread1" daemon [_thread_blocked, id=19600, stack(0x00000000296c0000,0x00000000297c0000)]
  0x000000002799c800 JavaThread "C2 CompilerThread0" daemon [_thread_in_native, id=15264, stack(0x00000000295c0000,0x00000000296c0000)]
  0x0000000027993000 JavaThread "Monitor Ctrl-Break" daemon [_thread_in_native, id=23080, stack(0x00000000294c0000,0x00000000295c0000)]
  0x000000002792b800 JavaThread "Attach Listener" daemon [_thread_blocked, id=13860, stack(0x00000000293b0000,0x00000000294b0000)]
  0x0000000027927000 JavaThread "Signal Dispatcher" daemon [_thread_blocked, id=7712, stack(0x00000000292b0000,0x00000000293b0000)]
  0x0000000027916800 JavaThread "Finalizer" daemon [_thread_blocked, id=5724, stack(0x0000000029170000,0x0000000029270000)]
  0x0000000025e9c000 JavaThread "Reference Handler" daemon [_thread_blocked, id=19400, stack(0x0000000029070000,0x0000000029170000)]

Other Threads:
  0x00000000278f4000 VMThread [stack: 0x0000000028f70000,0x0000000029070000] [id=17512]
  0x0000000027aab000 WatcherThread [stack: 0x000000002a2c0000,0x000000002a3c0000] [id=8428]

VM state:not at safepoint (normal execution)

VM Mutex/Monitor currently owned by a thread: None

Heap:
 PSYoungGen      total 1399296K, used 617709K [0x0000000716100000, 0x0000000775600000, 0x00000007c0000000)
  eden space 1327104K, 46% used [0x0000000716100000,0x000000073b63cb20,0x0000000767100000)
  from space 72192K, 8% used [0x0000000770f80000,0x000000077157eb28,0x0000000775600000)
  to   space 117248K, 0% used [0x0000000767100000,0x0000000767100000,0x000000076e380000)
 ParOldGen       total 726016K, used 314580K [0x00000005c2200000, 0x00000005ee700000, 0x0000000716100000)
  object space 726016K, 43% used [0x00000005c2200000,0x00000005d5535130,0x00000005ee700000)
 Metaspace       used 111729K, capacity 115667K, committed 115928K, reserved 1148928K
  class space    used 16453K, capacity 17023K, committed 17152K, reserved 1048576K

Card table byte_map: [0x0000000011da0000,0x0000000012d90000] byte_map_base: 0x000000000ef8f000

Marking Bits: (ParMarkBitMap*) 0x000000006a93d850
 Begin Bits: [0x0000000014530000, 0x000000001c4a8000)
 End Bits:   [0x000000001c4a8000, 0x0000000024420000)

Polling page: 0x0000000000ca0000

CodeCache: size=245760Kb used=55861Kb max_used=56507Kb free=189898Kb
 bounds [0x00000000029e0000, 0x0000000006180000, 0x00000000119e0000]
 total_blobs=16841 nmethods=15020 adapters=1725
 compilation: enabled

Compilation events (10 events):
Event: 95.799 Thread 0x0000000027a31000 18721       3       sun.security.provider.SecureRandom::updateState (81 bytes)
Event: 95.800 Thread 0x0000000027a31000 nmethod 18721 0x0000000005e45410 code [0x0000000005e45580, 0x0000000005e45870]
Event: 95.800 Thread 0x0000000027a2e000 18722       3       java.util.Arrays$ArrayList::toArray (47 bytes)
Event: 95.800 Thread 0x0000000027a2a000 18723       3       graphics.scenery.backends.vulkan.VulkanPipeline$orderedDescriptorSpecs$$inlined$sortedBy$1::<init> (5 bytes)
Event: 95.800 Thread 0x0000000027a2b000 18724       3       graphics.scenery.backends.vulkan.VulkanPipeline$orderedDescriptorSpecs$$inlined$sortedBy$2::<init> (5 bytes)
Event: 95.801 Thread 0x0000000027a2b000 nmethod 18724 0x0000000005e3af10 code [0x0000000005e3b060, 0x0000000005e3b210]
Event: 95.801 Thread 0x0000000027a2a000 nmethod 18723 0x0000000005e3ab50 code [0x0000000005e3aca0, 0x0000000005e3ae50]
Event: 95.801 Thread 0x0000000027a2b000 18725       1       graphics.scenery.backends.vulkan.VulkanObjectState::getIndexCount (5 bytes)
Event: 95.801 Thread 0x0000000027a2b000 nmethod 18725 0x0000000005e3a890 code [0x0000000005e3a9e0, 0x0000000005e3aaf0]
Event: 95.801 Thread 0x0000000027a2e000 nmethod 18722 0x0000000005e39f10 code [0x0000000005e3a0c0, 0x0000000005e3a6d8]

GC Heap History (10 events):
Event: 59.378 GC heap before
{Heap before GC invocations=12 (full 3):
 PSYoungGen      total 869376K, used 125860K [0x0000000716100000, 0x0000000752900000, 0x00000007c0000000)
  eden space 808960K, 10% used [0x0000000716100000,0x000000071b5053b0,0x0000000747700000)
  from space 60416K, 65% used [0x000000074ee00000,0x00000007514e3ee8,0x0000000752900000)
  to   space 91136K, 0% used [0x0000000747700000,0x0000000747700000,0x000000074d000000)
 ParOldGen       total 610304K, used 146141K [0x00000005c2200000, 0x00000005e7600000, 0x0000000716100000)
  object space 610304K, 23% used [0x00000005c2200000,0x00000005cb0b77f8,0x00000005e7600000)
 Metaspace       used 94675K, capacity 98183K, committed 98280K, reserved 1132544K
  class space    used 14953K, capacity 15440K, committed 15488K, reserved 1048576K
Event: 59.394 GC heap after
Heap after GC invocations=12 (full 3):
 PSYoungGen      total 900096K, used 35780K [0x0000000716100000, 0x0000000764480000, 0x00000007c0000000)
  eden space 808960K, 0% used [0x0000000716100000,0x0000000716100000,0x0000000747700000)
  from space 91136K, 39% used [0x0000000747700000,0x00000007499f11e8,0x000000074d000000)
  to   space 86528K, 0% used [0x000000075f000000,0x000000075f000000,0x0000000764480000)
 ParOldGen       total 610304K, used 146155K [0x00000005c2200000, 0x00000005e7600000, 0x0000000716100000)
  object space 610304K, 23% used [0x00000005c2200000,0x00000005cb0bae90,0x00000005e7600000)
 Metaspace       used 94675K, capacity 98183K, committed 98280K, reserved 1132544K
  class space    used 14953K, capacity 15440K, committed 15488K, reserved 1048576K
}
Event: 59.394 GC heap before
{Heap before GC invocations=13 (full 4):
 PSYoungGen      total 900096K, used 35780K [0x0000000716100000, 0x0000000764480000, 0x00000007c0000000)
  eden space 808960K, 0% used [0x0000000716100000,0x0000000716100000,0x0000000747700000)
  from space 91136K, 39% used [0x0000000747700000,0x00000007499f11e8,0x000000074d000000)
  to   space 86528K, 0% used [0x000000075f000000,0x000000075f000000,0x0000000764480000)
 ParOldGen       total 610304K, used 146155K [0x00000005c2200000, 0x00000005e7600000, 0x0000000716100000)
  object space 610304K, 23% used [0x00000005c2200000,0x00000005cb0bae90,0x00000005e7600000)
 Metaspace       used 94675K, capacity 98183K, committed 98280K, reserved 1132544K
  class space    used 14953K, capacity 15440K, committed 15488K, reserved 1048576K
Event: 59.562 GC heap after
Heap after GC invocations=13 (full 4):
 PSYoungGen      total 900096K, used 0K [0x0000000716100000, 0x0000000764480000, 0x00000007c0000000)
  eden space 808960K, 0% used [0x0000000716100000,0x0000000716100000,0x0000000747700000)
  from space 91136K, 0% used [0x0000000747700000,0x0000000747700000,0x000000074d000000)
  to   space 86528K, 0% used [0x000000075f000000,0x000000075f000000,0x0000000764480000)
 ParOldGen       total 726016K, used 179705K [0x00000005c2200000, 0x00000005ee700000, 0x0000000716100000)
  object space 726016K, 24% used [0x00000005c2200000,0x00000005cd17e4e8,0x00000005ee700000)
 Metaspace       used 94609K, capacity 98017K, committed 98280K, reserved 1132544K
  class space    used 14950K, capacity 15430K, committed 15488K, reserved 1048576K
}
Event: 65.855 GC heap before
{Heap before GC invocations=14 (full 4):
 PSYoungGen      total 900096K, used 808960K [0x0000000716100000, 0x0000000764480000, 0x00000007c0000000)
  eden space 808960K, 100% used [0x0000000716100000,0x0000000747700000,0x0000000747700000)
  from space 91136K, 0% used [0x0000000747700000,0x0000000747700000,0x000000074d000000)
  to   space 86528K, 0% used [0x000000075f000000,0x000000075f000000,0x0000000764480000)
 ParOldGen       total 726016K, used 179707K [0x00000005c2200000, 0x00000005ee700000, 0x0000000716100000)
  object space 726016K, 24% used [0x00000005c2200000,0x00000005cd17ed40,0x00000005ee700000)
 Metaspace       used 106929K, capacity 110577K, committed 110808K, reserved 1142784K
  class space    used 16003K, capacity 16516K, committed 16640K, reserved 1048576K
Event: 65.902 GC heap after
Heap after GC invocations=14 (full 4):
 PSYoungGen      total 1155584K, used 86508K [0x0000000716100000, 0x0000000765900000, 0x00000007c0000000)
  eden space 1069056K, 0% used [0x0000000716100000,0x0000000716100000,0x0000000757500000)
  from space 86528K, 99% used [0x000000075f000000,0x000000076447b398,0x0000000764480000)
  to   space 116736K, 0% used [0x0000000757500000,0x0000000757500000,0x000000075e700000)
 ParOldGen       total 726016K, used 227978K [0x00000005c2200000, 0x00000005ee700000, 0x0000000716100000)
  object space 726016K, 31% used [0x00000005c2200000,0x00000005d00a28b8,0x00000005ee700000)
 Metaspace       used 106929K, capacity 110577K, committed 110808K, reserved 1142784K
  class space    used 16003K, capacity 16516K, committed 16640K, reserved 1048576K
}
Event: 80.140 GC heap before
{Heap before GC invocations=15 (full 4):
 PSYoungGen      total 1155584K, used 1155564K [0x0000000716100000, 0x0000000765900000, 0x00000007c0000000)
  eden space 1069056K, 100% used [0x0000000716100000,0x0000000757500000,0x0000000757500000)
  from space 86528K, 99% used [0x000000075f000000,0x000000076447b398,0x0000000764480000)
  to   space 116736K, 0% used [0x0000000757500000,0x0000000757500000,0x000000075e700000)
 ParOldGen       total 726016K, used 227978K [0x00000005c2200000, 0x00000005ee700000, 0x0000000716100000)
  object space 726016K, 31% used [0x00000005c2200000,0x00000005d00a28b8,0x00000005ee700000)
 Metaspace       used 108989K, capacity 112877K, committed 112984K, reserved 1144832K
  class space    used 16155K, capacity 16712K, committed 16768K, reserved 1048576K
Event: 80.170 GC heap after
Heap after GC invocations=15 (full 4):
 PSYoungGen      total 1185792K, used 3711K [0x0000000716100000, 0x0000000778280000, 0x00000007c0000000)
  eden space 1069056K, 0% used [0x0000000716100000,0x0000000716100000,0x0000000757500000)
  from space 116736K, 3% used [0x0000000757500000,0x000000075789fe70,0x000000075e700000)
  to   space 117760K, 0% used [0x0000000770f80000,0x0000000770f80000,0x0000000778280000)
 ParOldGen       total 726016K, used 314572K [0x00000005c2200000, 0x00000005ee700000, 0x0000000716100000)
  object space 726016K, 43% used [0x00000005c2200000,0x00000005d5533130,0x00000005ee700000)
 Metaspace       used 108989K, capacity 112877K, committed 112984K, reserved 1144832K
  class space    used 16155K, capacity 16712K, committed 16768K, reserved 1048576K
}
Event: 93.623 GC heap before
{Heap before GC invocations=16 (full 4):
 PSYoungGen      total 1185792K, used 1072767K [0x0000000716100000, 0x0000000778280000, 0x00000007c0000000)
  eden space 1069056K, 100% used [0x0000000716100000,0x0000000757500000,0x0000000757500000)
  from space 116736K, 3% used [0x0000000757500000,0x000000075789fe70,0x000000075e700000)
  to   space 117760K, 0% used [0x0000000770f80000,0x0000000770f80000,0x0000000778280000)
 ParOldGen       total 726016K, used 314572K [0x00000005c2200000, 0x00000005ee700000, 0x0000000716100000)
  object space 726016K, 43% used [0x00000005c2200000,0x00000005d5533130,0x00000005ee700000)
 Metaspace       used 110594K, capacity 114423K, committed 114776K, reserved 1146880K
  class space    used 16353K, capacity 16907K, committed 17024K, reserved 1048576K
Event: 93.628 GC heap after
Heap after GC invocations=16 (full 4):
 PSYoungGen      total 1399296K, used 6138K [0x0000000716100000, 0x0000000775600000, 0x00000007c0000000)
  eden space 1327104K, 0% used [0x0000000716100000,0x0000000716100000,0x0000000767100000)
  from space 72192K, 8% used [0x0000000770f80000,0x000000077157eb28,0x0000000775600000)
  to   space 117248K, 0% used [0x0000000767100000,0x0000000767100000,0x000000076e380000)
 ParOldGen       total 726016K, used 314580K [0x00000005c2200000, 0x00000005ee700000, 0x0000000716100000)
  object space 726016K, 43% used [0x00000005c2200000,0x00000005d5535130,0x00000005ee700000)
 Metaspace       used 110594K, capacity 114423K, committed 114776K, reserved 1146880K
  class space    used 16353K, capacity 16907K, committed 17024K, reserved 1048576K
}

Deoptimization events (10 events):
Event: 95.759 Thread 0x000000003173a000 Uncommon trap: reason=unstable_if action=reinterpret pc=0x0000000004ff2adc method=tpietzsch.shadergen.AbstractShader$UniformImp1f.set(F)V @ 6
Event: 95.759 Thread 0x000000003173a000 Uncommon trap: reason=unstable_if action=reinterpret pc=0x0000000006132bf0 method=org.joml.Matrix4f.determineProperties()Lorg/joml/Matrix4f; @ 26
Event: 95.759 Thread 0x000000003173a000 Uncommon trap: reason=unstable_if action=reinterpret pc=0x0000000004352c58 method=graphics.scenery.backends.vulkan.VulkanNodeHelpers.canBeReused(Lgraphics/scenery/backends/vulkan/VulkanTexture;Lgraphics/scenery/textures/Texture;ILgraphics/scenery/backends
Event: 95.760 Thread 0x000000003173a000 Uncommon trap: reason=unstable_if action=reinterpret pc=0x00000000059ae594 method=graphics.scenery.backends.vulkan.VulkanBuffer.mapIfUnmapped()Lorg/lwjgl/PointerBuffer; @ 10
Event: 95.773 Thread 0x000000003173a000 Uncommon trap: reason=class_check action=maybe_recompile pc=0x0000000005f2bb74 method=graphics.scenery.Node.getShaderProperty(Ljava/lang/String;)Ljava/lang/Object; @ 244
Event: 95.773 Thread 0x000000003173a000 Uncommon trap: reason=class_check action=maybe_recompile pc=0x0000000005f2bb74 method=graphics.scenery.Node.getShaderProperty(Ljava/lang/String;)Ljava/lang/Object; @ 244
Event: 95.777 Thread 0x000000003173a000 Uncommon trap: reason=class_check action=maybe_recompile pc=0x0000000005f2bb74 method=graphics.scenery.Node.getShaderProperty(Ljava/lang/String;)Ljava/lang/Object; @ 244
Event: 95.777 Thread 0x000000003173a000 Uncommon trap: reason=class_check action=maybe_recompile pc=0x0000000005f2bb74 method=graphics.scenery.Node.getShaderProperty(Ljava/lang/String;)Ljava/lang/Object; @ 244
Event: 95.785 Thread 0x000000003173a000 Uncommon trap: reason=null_check action=make_not_entrant pc=0x0000000005fc427c method=graphics.scenery.backends.vulkan.VulkanScenePass$record$1.invokeSuspend(Ljava/lang/Object;)Ljava/lang/Object; @ 187
Event: 95.801 Thread 0x000000003173a000 Uncommon trap: reason=unstable_if action=reinterpret pc=0x0000000002fae094 method=graphics.scenery.backends.vulkan.VulkanPostprocessPass.record(Lgraphics/scenery/backends/vulkan/VulkanRenderpass;Lgraphics/scenery/backends/vulkan/VulkanCommandBuffer;Lgraph

Internal exceptions (10 events):
Event: 94.574 Thread 0x000000003173a000 Exception <a 'java/lang/ClassNotFoundException': graphics/scenery/backends/vulkan/HeadlessSwapchain> (0x00000007195d7250) thrown at [C:\re\workspace\8-2-build-windows-amd64-cygwin\jdk8u141\9370\hotspot\src\share\vm\classfile\systemDictionary.cpp, line 210
Event: 94.574 Thread 0x000000003173a000 Exception <a 'java/lang/ClassNotFoundException': graphics/scenery/backends/vulkan/OpenGLSwapchain> (0x00000007195d7790) thrown at [C:\re\workspace\8-2-build-windows-amd64-cygwin\jdk8u141\9370\hotspot\src\share\vm\classfile\systemDictionary.cpp, line 210]
Event: 94.574 Thread 0x000000003173a000 Exception <a 'java/lang/ClassNotFoundException': graphics/scenery/backends/vulkan/SwingSwapchain> (0x00000007195d7c98) thrown at [C:\re\workspace\8-2-build-windows-amd64-cygwin\jdk8u141\9370\hotspot\src\share\vm\classfile\systemDictionary.cpp, line 210]
Event: 94.731 Thread 0x000000003173a000 Implicit null exception at 0x000000000615af54 to 0x00000000061601d5
Event: 94.914 Thread 0x000000003173a000 Exception <a 'java/lang/ClassNotFoundException': graphics/scenery/controls/GLFWMouseAndKeyHandler> (0x0000000719d1bfd8) thrown at [C:\re\workspace\8-2-build-windows-amd64-cygwin\jdk8u141\9370\hotspot\src\share\vm\classfile\systemDictionary.cpp, line 210]
Event: 94.915 Thread 0x000000003173a000 Exception <a 'java/lang/ClassNotFoundException': graphics/scenery/controls/JOGLMouseAndKeyHandler> (0x0000000719d1c700) thrown at [C:\re\workspace\8-2-build-windows-amd64-cygwin\jdk8u141\9370\hotspot\src\share\vm\classfile\systemDictionary.cpp, line 210]
Event: 94.915 Thread 0x000000003173a000 Exception <a 'java/lang/ClassNotFoundException': graphics/scenery/controls/SwingMouseAndKeyHandler> (0x0000000719d1ce18) thrown at [C:\re\workspace\8-2-build-windows-amd64-cygwin\jdk8u141\9370\hotspot\src\share\vm\classfile\systemDictionary.cpp, line 210]
Event: 95.317 Thread 0x000000003173a000 Exception <a 'java/io/FileNotFoundException'> (0x0000000738aa7378) thrown at [C:\re\workspace\8-2-build-windows-amd64-cygwin\jdk8u141\9370\hotspot\src\share\vm\prims\jni.cpp, line 709]
Event: 95.386 Thread 0x000000003173a000 Implicit null exception at 0x000000000610cc78 to 0x000000000610cf81
Event: 95.785 Thread 0x000000003173a000 Implicit null exception at 0x0000000005fc0276 to 0x0000000005fc4261

Events (10 events):
Event: 95.777 Thread 0x000000003173a000 DEOPT PACKING pc=0x0000000005f2bb74 sp=0x000000003db2e2d0
Event: 95.777 Thread 0x000000003173a000 DEOPT UNPACKING pc=0x0000000002a2582a sp=0x000000003db2e2b0 mode 2
Event: 95.779 Thread 0x0000000027a2a000 flushing nmethod 0x0000000004292410
Event: 95.785 Thread 0x000000003173a000 Uncommon trap: trap_request=0xfffffff4 fr.pc=0x0000000005fc427c
Event: 95.785 Thread 0x000000003173a000 DEOPT PACKING pc=0x0000000005fc427c sp=0x000000003db2e580
Event: 95.785 Thread 0x000000003173a000 DEOPT UNPACKING pc=0x0000000002a2582a sp=0x000000003db2e400 mode 2
Event: 95.800 Thread 0x0000000027a31000 flushing nmethod 0x0000000005a98b50
Event: 95.801 Thread 0x000000003173a000 Uncommon trap: trap_request=0xffffff65 fr.pc=0x0000000002fae094
Event: 95.801 Thread 0x000000003173a000 DEOPT PACKING pc=0x0000000002fae094 sp=0x000000003db2e840
Event: 95.801 Thread 0x000000003173a000 DEOPT UNPACKING pc=0x0000000002a2582a sp=0x000000003db2e7b8 mode 2


Dynamic libraries:
0x00007ff718590000 - 0x00007ff7185c7000 	C:\Program Files\Java\jdk1.8.0_141\bin\java.exe
0x00007ffac3df0000 - 0x00007ffac3fe5000 	C:\Windows\SYSTEM32\ntdll.dll
0x00007ffac3650000 - 0x00007ffac370d000 	C:\Windows\System32\KERNEL32.DLL
0x00007ffac1530000 - 0x00007ffac17f9000 	C:\Windows\System32\KERNELBASE.dll
0x00007ffac1e60000 - 0x00007ffac1f0c000 	C:\Windows\System32\ADVAPI32.dll
0x00007ffac2cb0000 - 0x00007ffac2d4e000 	C:\Windows\System32\msvcrt.dll
0x00007ffac33e0000 - 0x00007ffac347b000 	C:\Windows\System32\sechost.dll
0x00007ffac1ff0000 - 0x00007ffac211a000 	C:\Windows\System32\RPCRT4.dll
0x00007ffac2120000 - 0x00007ffac22c0000 	C:\Windows\System32\USER32.dll
0x00007ffac1960000 - 0x00007ffac1982000 	C:\Windows\System32\win32u.dll
0x00007ffac2c80000 - 0x00007ffac2caa000 	C:\Windows\System32\GDI32.dll
0x00007ffac1a70000 - 0x00007ffac1b7b000 	C:\Windows\System32\gdi32full.dll
0x00007ffac1c70000 - 0x00007ffac1d0d000 	C:\Windows\System32\msvcp_win.dll
0x00007ffac1d60000 - 0x00007ffac1e60000 	C:\Windows\System32\ucrtbase.dll
0x00007ffaa7ba0000 - 0x00007ffaa7e3a000 	C:\Windows\WinSxS\amd64_microsoft.windows.common-controls_6595b64144ccf1df_6.0.19041.1110_none_60b5254171f9507e\COMCTL32.dll
0x00007ffac34e0000 - 0x00007ffac3510000 	C:\Windows\System32\IMM32.DLL
0x000000006a9c0000 - 0x000000006aa92000 	C:\Program Files\Java\jdk1.8.0_141\jre\bin\msvcr100.dll
0x000000006a120000 - 0x000000006a9bd000 	C:\Program Files\Java\jdk1.8.0_141\jre\bin\server\jvm.dll
0x00007ffac3710000 - 0x00007ffac3718000 	C:\Windows\System32\PSAPI.DLL
0x00007ffabcbf0000 - 0x00007ffabcbf9000 	C:\Windows\SYSTEM32\WSOCK32.dll
0x00007ffaba780000 - 0x00007ffaba78a000 	C:\Windows\SYSTEM32\VERSION.dll
0x00007ffaa7700000 - 0x00007ffaa7727000 	C:\Windows\SYSTEM32\WINMM.dll
0x00007ffac3520000 - 0x00007ffac358b000 	C:\Windows\System32\WS2_32.dll
0x000000006a110000 - 0x000000006a11f000 	C:\Program Files\Java\jdk1.8.0_141\jre\bin\verify.dll
0x000000006a0e0000 - 0x000000006a109000 	C:\Program Files\Java\jdk1.8.0_141\jre\bin\java.dll
0x0000000069eb0000 - 0x0000000069ed3000 	C:\Program Files\Java\jdk1.8.0_141\jre\bin\instrument.dll
0x000000006a0c0000 - 0x000000006a0d6000 	C:\Program Files\Java\jdk1.8.0_141\jre\bin\zip.dll
0x00007ffac22c0000 - 0x00007ffac29ff000 	C:\Windows\System32\SHELL32.dll
0x00007ffabf5f0000 - 0x00007ffabfd81000 	C:\Windows\SYSTEM32\windows.storage.dll
0x00007ffac37f0000 - 0x00007ffac3b45000 	C:\Windows\System32\combase.dll
0x00007ffac0fa0000 - 0x00007ffac0fcc000 	C:\Windows\SYSTEM32\Wldp.dll
0x00007ffac3b50000 - 0x00007ffac3bfe000 	C:\Windows\System32\SHCORE.dll
0x00007ffac3590000 - 0x00007ffac35e5000 	C:\Windows\System32\shlwapi.dll
0x00007ffac1470000 - 0x00007ffac148f000 	C:\Windows\SYSTEM32\profapi.dll
0x00007ffa7dbd0000 - 0x00007ffa7dbea000 	D:\intellij\IntelliJ IDEA Community Edition 2020.3.3\bin\breakgen64.dll
0x000000006a0a0000 - 0x000000006a0ba000 	C:\Program Files\Java\jdk1.8.0_141\jre\bin\net.dll
0x00007ffac0d00000 - 0x00007ffac0d6a000 	C:\Windows\system32\mswsock.dll
0x00000000685d0000 - 0x0000000068768000 	C:\Program Files\Java\jdk1.8.0_141\jre\bin\awt.dll
0x00007ffac2bb0000 - 0x00007ffac2c7d000 	C:\Windows\System32\OLEAUT32.dll
0x00007ffabe9a0000 - 0x00007ffabea30000 	C:\Windows\SYSTEM32\apphelp.dll
0x00007ffabeb10000 - 0x00007ffabebae000 	C:\Windows\system32\uxtheme.dll
0x00007ffac2df0000 - 0x00007ffac2f05000 	C:\Windows\System32\MSCTF.dll
0x00007ffac3c80000 - 0x00007ffac3daa000 	C:\Windows\System32\ole32.dll
0x00007ffabfdf0000 - 0x00007ffabfe02000 	C:\Windows\SYSTEM32\kernel.appcore.dll
0x00007ffac1be0000 - 0x00007ffac1c63000 	C:\Windows\System32\bcryptPrimitives.dll
0x00007ffabee70000 - 0x00007ffabee9f000 	C:\Windows\system32\DWMAPI.DLL
0x00007ffaa75b0000 - 0x00007ffaa76d5000 	C:\Windows\system32\opengl32.dll
0x00007ffaadda0000 - 0x00007ffaaddcc000 	C:\Windows\SYSTEM32\GLU32.dll
0x0000000069e60000 - 0x0000000069ea7000 	C:\Program Files\Java\jdk1.8.0_141\jre\bin\fontmanager.dll
0x000000006a080000 - 0x000000006a091000 	C:\Program Files\Java\jdk1.8.0_141\jre\bin\nio.dll
0x0000000069e10000 - 0x0000000069e52000 	C:\Program Files\Java\jdk1.8.0_141\jre\bin\t2k.dll
0x00007ffac0ef0000 - 0x00007ffac0f08000 	C:\Windows\SYSTEM32\CRYPTSP.dll
0x00007ffac0630000 - 0x00007ffac0664000 	C:\Windows\system32\rsaenh.dll
0x00007ffac1a40000 - 0x00007ffac1a67000 	C:\Windows\System32\bcrypt.dll
0x00007ffac13f0000 - 0x00007ffac141e000 	C:\Windows\SYSTEM32\USERENV.dll
0x00007ffac0ee0000 - 0x00007ffac0eec000 	C:\Windows\SYSTEM32\CRYPTBASE.dll
0x00007ffac09a0000 - 0x00007ffac09db000 	C:\Windows\SYSTEM32\IPHLPAPI.DLL
0x00007ffac2de0000 - 0x00007ffac2de8000 	C:\Windows\System32\NSI.dll
0x00007ffab8b80000 - 0x00007ffab8b97000 	C:\Windows\SYSTEM32\dhcpcsvc6.DLL
0x00007ffab8e30000 - 0x00007ffab8e4d000 	C:\Windows\SYSTEM32\dhcpcsvc.DLL
0x00007ffac09e0000 - 0x00007ffac0aac000 	C:\Windows\SYSTEM32\DNSAPI.dll
0x00007ffac3720000 - 0x00007ffac37c9000 	C:\Windows\System32\clbcatq.dll
0x00007ffab9e00000 - 0x00007ffab9fb4000 	C:\Windows\SYSTEM32\WindowsCodecs.dll
0x00007ffaa9ba0000 - 0x00007ffaa9bde000 	C:\Windows\system32\dataexchange.dll
0x00007ffabda10000 - 0x00007ffabdc74000 	C:\Windows\system32\d3d11.dll
0x00007ffabddc0000 - 0x00007ffabdfa6000 	C:\Windows\system32\dcomp.dll
0x00007ffabfe60000 - 0x00007ffabff54000 	C:\Windows\system32\dxgi.dll
0x00007ffaba040000 - 0x00007ffaba241000 	C:\Windows\system32\twinapi.appcore.dll
0x00007ffaab740000 - 0x00007ffaab839000 	C:\Windows\SYSTEM32\textinputframework.dll
0x00007ffabe690000 - 0x00007ffabe782000 	C:\Windows\System32\CoreMessaging.dll
0x00007ffabe330000 - 0x00007ffabe68e000 	C:\Windows\System32\CoreUIComponents.dll
0x00007ffac0260000 - 0x00007ffac0293000 	C:\Windows\SYSTEM32\ntmarta.dll
0x00007ffabce60000 - 0x00007ffabcfb4000 	C:\Windows\SYSTEM32\wintypes.dll
0x00007ffa7d560000 - 0x00007ffa7d74f000 	C:\Windows\system32\SogouTSF.ime
0x00007ffabe920000 - 0x00007ffabe927000 	C:\Windows\system32\MSIMG32.dll
0x00007ffa75e60000 - 0x00007ffa766fa000 	C:\Windows\system32\SogouPy.ime
0x00007ffaad5b0000 - 0x00007ffaad6ba000 	C:\Windows\SYSTEM32\WINHTTP.dll
0x00007ffabba80000 - 0x00007ffabbae6000 	C:\Windows\SYSTEM32\OLEACC.dll
0x0000000037ac0000 - 0x0000000037bde000 	D:\?????\SogouInput\10.1.0.4428\Resource.dll
0x00007ffa7c4e0000 - 0x00007ffa7c74a000 	D:\?????\SogouInput\Components\PicFace\1.1.0.1879\PicFace64.dll
0x00007ffac1f10000 - 0x00007ffac1fea000 	C:\Windows\System32\COMDLG32.dll
0x00007ffaab370000 - 0x00007ffaab41c000 	C:\Windows\SYSTEM32\TextShaping.dll
0x0000000069de0000 - 0x0000000069e0a000 	C:\Program Files\Java\jdk1.8.0_141\jre\bin\dcpr.dll
0x00007ffaa6a60000 - 0x00007ffaa6b10000 	C:\Windows\WinSxS\amd64_microsoft.windows.common-controls_6595b64144ccf1df_5.82.19041.1110_none_792d1c772443f647\comctl32.dll
0x00007ffac1d10000 - 0x00007ffac1d5e000 	C:\Windows\System32\CFGMGR32.dll
0x00007ffabc740000 - 0x00007ffabc836000 	C:\Windows\system32\propsys.dll
0x00007ffaadb80000 - 0x00007ffaadb97000 	C:\Windows\system32\NetworkExplorer.dll
0x00007ffa9dee0000 - 0x00007ffa9df46000 	C:\Windows\System32\thumbcache.dll
0x00007ffa97a60000 - 0x00007ffa97a7d000 	C:\Windows\SYSTEM32\MPR.dll
0x00007ffaa9520000 - 0x00007ffaa952b000 	C:\Windows\System32\drprov.dll
0x00007ffac0310000 - 0x00007ffac036a000 	C:\Windows\System32\WINSTA.dll
0x00007ffa82180000 - 0x00007ffa82198000 	C:\Windows\System32\ntlanman.dll
0x00007ffa82160000 - 0x00007ffa8217e000 	C:\Windows\System32\davclnt.dll
0x00007ffabcb80000 - 0x00007ffabcb8d000 	C:\Windows\System32\DAVHLPR.dll
0x00007ffac0750000 - 0x00007ffac0767000 	C:\Windows\System32\wkscli.dll
0x00007ffaa5de0000 - 0x00007ffaa5df2000 	C:\Windows\SYSTEM32\cscapi.dll
0x00007ffac0b00000 - 0x00007ffac0b0c000 	C:\Windows\System32\netutils.dll
0x00007ffa84110000 - 0x00007ffa84168000 	C:\Windows\System32\dlnashext.dll
0x00007ffa6b5f0000 - 0x00007ffa6b654000 	C:\Windows\System32\PlayToDevice.dll
0x00007ffaa58e0000 - 0x00007ffaa5900000 	C:\Windows\System32\DevDispItemProvider.dll
0x00007ffab9c30000 - 0x00007ffab9cb5000 	C:\Windows\System32\MMDevApi.dll
0x00007ffac12e0000 - 0x00007ffac130c000 	C:\Windows\System32\DEVOBJ.dll
0x00007ffa6b540000 - 0x00007ffa6b5e3000 	C:\Windows\system32\wpdshext.dll
0x00007ffaacc40000 - 0x00007ffaacde9000 	C:\Windows\WinSxS\amd64_microsoft.windows.gdiplus_6595b64144ccf1df_1.1.19041.1110_none_91a01826cc8bca4c\gdiplus.dll
0x00007ffab7530000 - 0x00007ffab7cc7000 	C:\Windows\System32\OneCoreUAPCommonProxyStub.dll
0x00007ffa86430000 - 0x00007ffa864d3000 	C:\Windows\System32\PortableDeviceApi.dll
0x00007ffac2f70000 - 0x00007ffac33d9000 	C:\Windows\System32\SETUPAPI.dll
0x00007ffac1b80000 - 0x00007ffac1be0000 	C:\Windows\System32\WINTRUST.dll
0x00007ffac1800000 - 0x00007ffac195f000 	C:\Windows\System32\CRYPT32.dll
0x00007ffac1120000 - 0x00007ffac1132000 	C:\Windows\System32\MSASN1.dll
0x00007ffa7c320000 - 0x00007ffa7c357000 	C:\Windows\System32\EhStorShell.dll
0x00007ffa70df0000 - 0x00007ffa70e16000 	C:\Windows\System32\EhStorAPI.dll
0x00007ffabcc10000 - 0x00007ffabcc24000 	C:\Windows\System32\WTSAPI32.dll
0x00007ffaad700000 - 0x00007ffaad70d000 	C:\Windows\SYSTEM32\LINKINFO.dll
0x00007ffaa1090000 - 0x00007ffaa109c000 	C:\Windows\SYSTEM32\Secur32.dll
0x00007ffac1420000 - 0x00007ffac1451000 	C:\Windows\SYSTEM32\SSPICLI.DLL
0x00007ffaaea30000 - 0x00007ffaaea3e000 	C:\Program Files\Microsoft Office\root\VFS\ProgramFilesCommonX64\Microsoft Shared\Office16\msoxev.dll
0x00007ffaad6d0000 - 0x00007ffaad6ea000 	C:\Program Files\Microsoft Office\root\VFS\ProgramFilesCommonX64\Microsoft Shared\Office16\VCRUNTIME140.dll
0x00007ffaaea20000 - 0x00007ffaaea2c000 	C:\Program Files\Microsoft Office\root\VFS\ProgramFilesCommonX64\Microsoft Shared\Office16\VCRUNTIME140_1.dll
0x00007ffaa73c0000 - 0x00007ffaa7422000 	C:\Windows\System32\Windows.FileExplorer.Common.dll
0x00007ffaabfa0000 - 0x00007ffaac250000 	C:\Windows\System32\iertutil.dll
0x0000000180000000 - 0x0000000180276000 	C:\Users\lanru\AppData\Local\Temp\jhdf53985529112220430909.so
0x0000000037e20000 - 0x0000000037e35000 	C:\Users\lanru\AppData\Local\Temp\nativedata506348506913462954.so
0x0000000069dd0000 - 0x0000000069ddd000 	C:\Program Files\Java\jdk1.8.0_141\jre\bin\management.dll
0x00007ffaa2300000 - 0x00007ffaa2317000 	C:\Windows\system32\napinsp.dll
0x00007ffaa0dc0000 - 0x00007ffaa0ddb000 	C:\Windows\system32\pnrpnsp.dll
0x00007ffaa3dc0000 - 0x00007ffaa3dd5000 	C:\Windows\system32\wshbth.dll
0x00007ffabc840000 - 0x00007ffabc85d000 	C:\Windows\system32\NLAapi.dll

VM Arguments:
jvm_args: -javaagent:D:\intellij\IntelliJ IDEA Community Edition 2020.3.3\lib\idea_rt.jar=58142:D:\intellij\IntelliJ IDEA Community Edition 2020.3.3\bin -Dfile.encoding=UTF-8 
java_command: com.intellij.rt.execution.CommandLineWrapper C:\Users\lanru\AppData\Local\Temp\idea_classpath600687982 org.mastodon.tomancak.SciViewPlugin
java_class_path (initial): D:\intellij\IntelliJ IDEA Community Edition 2020.3.3\lib\idea_rt.jar;D:\intellij\IntelliJ IDEA Community Edition 2020.3.3\lib\idea_rt.jar
Launcher Type: SUN_STANDARD

Environment Variables:
JAVA_HOME=C:\Program Files\Java\jdk1.8.0_141
CLASSPATH=.;C:\Program Files\Java\jdk1.8.0_141\lib\dt.jar;C:\Program Files\Java\jdk1.8.0_141\lib\tools.jar;  
PATH=C:\Python36\Scripts\;C:\Python36\;C:\Program Files\Oculus\Support\oculus-runtime;C:\Program Files\Java\jdk1.8.0_141\bin;C:\Program Files\Java\jdk1.8.0_141\jre\bin;D:\CMake\bin;C:\Program Files\dotnet\;D:\maven\apache-maven-3.8.1\bin;C:\Program Files\Git\cmd;C:\Users\lanru\AppData\Local\Microsoft\WindowsApps;;D:\VScode\Microsoft VS Code\bin;C:\Users\lanru\.dotnet\tools
USERNAME=lanru
OS=Windows_NT
PROCESSOR_IDENTIFIER=Intel64 Family 6 Model 165 Stepping 2, GenuineIntel



---------------  S Y S T E M  ---------------

OS: Windows 10.0 , 64 bit Build 19041 (10.0.19041.1023)

CPU:total 16 (initial active 16) (8 cores per cpu, 2 threads per core) family 6 model 165 stepping 2, cmov, cx8, fxsr, mmx, sse, sse2, sse3, ssse3, sse4.1, sse4.2, popcnt, avx, avx2, aes, clmul, erms, 3dnowpref, lzcnt, ht, tsc, tscinvbit, bmi1, bmi2, adx

Memory: 4k page, physical 33413348k(16769136k free), swap 57504900k(9064112k free)

vm_info: Java HotSpot(TM) 64-Bit Server VM (25.141-b15) for windows-amd64 JRE (1.8.0_141-b15), built on Jul 12 2017 04:25:12 by "java_re" with MS VC++ 10.0 (VS2010)

time: Mon Aug 02 11:34:25 2021
elapsed time: 95 seconds (0d 0h 1m 35s)

