#
# A fatal error has been detected by the Java Runtime Environment:
#
#  EXCEPTION_UNCAUGHT_CXX_EXCEPTION (0xe06d7363) at pc=0x00007ffac1564ed9, pid=10604, tid=0x0000000000000928
#
# JRE version: Java(TM) SE Runtime Environment (8.0_301-b09) (build 1.8.0_301-b09)
# Java VM: Java HotSpot(TM) 64-Bit Server VM (25.301-b09 mixed mode windows-amd64 compressed oops)
# Problematic frame:
# C  [KERNELBASE.dll+0x34ed9]
#
# Failed to write core dump. Minidumps are not enabled by default on client versions of Windows
#
# If you would like to submit a bug report, please visit:
#   http://bugreport.java.com/bugreport/crash.jsp
# The crash happened outside the Java Virtual Machine in native code.
# See problematic frame for where to report the bug.
#

---------------  T H R E A D  ---------------

Current thread (0x000002b7a6ce8800):  JavaThread "SciJava-5bf8c80b-Thread-1" [_thread_in_native, id=2344, stack(0x000000d79b400000,0x000000d79b500000)]

siginfo: ExceptionCode=0xe06d7363, ExceptionInformation=0x0000000019930520 0x000000d79b4fd230 0x00007ffa1e771a18 0x00007ffa1e190000 

Registers:
RAX=0x00000007c0f9f498, RBX=0x00007ffa1e771a18, RCX=0x00000007c0f947e8, RDX=0x000000006a3064ba
RSP=0x000000d79b4fd0c0, RBP=0x000000d79b4fd200, RSI=0x00008529d2eade80, RDI=0x000000d79b4fd230
R8 =0x000000000000000d, R9 =0x0000c0cc4fb6d56c, R10=0x000000006a44ddbd, R11=0x0000000000000000
R12=0x0000000000000000, R13=0x000002b7b66ed000, R14=0x000002b7b5d2a580, R15=0x000002b7a6ce8800
RIP=0x00007ffac1564ed9, EFLAGS=0x0000000000000206

Top of Stack: (sp=0x000000d79b4fd0c0)
0x000000d79b4fd0c0:   00000e1c72b7fe66 00007ffa1e771a18
0x000000d79b4fd0d0:   00008529d2eade80 00007ffac1e4f540
0x000000d79b4fd0e0:   00000001e06d7363 0000000000000000
0x000000d79b4fd0f0:   00007ffac1564ed9 000000d700000004
0x000000d79b4fd100:   0000000019930520 000000d79b4fd230
0x000000d79b4fd110:   00007ffa1e771a18 00007ffa1e190000
0x000000d79b4fd120:   000002b7b66ed000 0000000000000000
0x000000d79b4fd130:   00008529d2eade80 000000d79b4fd200
0x000000d79b4fd140:   000000d79b4fd210 00007ffac3e24a5f
0x000000d79b4fd150:   000000d79b4fd230 000000d700000000
0x000000d79b4fd160:   00007ffac1e4f540 00007ffac1e4f540
0x000000d79b4fd170:   00007ffa1ee7e000 00007ffa1e190000
0x000000d79b4fd180:   0000c8fc2482989a 000000d79b4fd1c0
0x000000d79b4fd190:   00007ffa1e771a18 00007ffa8392485d
0x000000d79b4fd1a0:   000000d79b4fd4f0 00007ffa2b2d0b10
0x000000d79b4fd1b0:   0000000000000000 0000000000000004 

Instructions: (pc=0x00007ffac1564ed9)
0x00007ffac1564eb9:   8b d1 44 0f 47 c0 44 89 44 24 38 49 c1 e0 03 e8
0x00007ffac1564ec9:   3a d7 05 00 48 8d 4c 24 20 48 ff 15 2f ad 18 00
0x00007ffac1564ed9:   0f 1f 44 00 00 48 8b 8c 24 c0 00 00 00 48 33 cc
0x00007ffac1564ee9:   e8 42 97 05 00 48 81 c4 d8 00 00 00 c3 cc 83 64 


Register to memory mapping:

RAX=0x00000007c0f9f498 is pointing into metadata
RBX=0x00007ffa1e771a18 is an unknown value
RCX=0x00000007c0f947e8 is pointing into metadata
RDX=0x000000006a3064ba is an unknown value
RSP=0x000000d79b4fd0c0 is pointing into the stack for thread: 0x000002b7a6ce8800
RBP=0x000000d79b4fd200 is pointing into the stack for thread: 0x000002b7a6ce8800
RSI=0x00008529d2eade80 is an unknown value
RDI=0x000000d79b4fd230 is pointing into the stack for thread: 0x000002b7a6ce8800
R8 =0x000000000000000d is an unknown value
R9 =0x0000c0cc4fb6d56c is an unknown value
R10=0x000000006a44ddbd is an unknown value
R11=0x0000000000000000 is an unknown value
R12=0x0000000000000000 is an unknown value
R13={method} {0x000002b7b66ed008} 'ResourceVec_get' '(JLgraphics/scenery/spirvcrossj/ResourceVec;J)J' in 'graphics/scenery/spirvcrossj/libspirvcrossjJNI'
R14=0x000002b7b5d2a580 is an unknown value
R15=0x000002b7a6ce8800 is a thread


Stack: [0x000000d79b400000,0x000000d79b500000],  sp=0x000000d79b4fd0c0,  free space=1012k
Native frames: (J=compiled Java code, j=interpreted, Vv=VM code, C=native code)
C  [KERNELBASE.dll+0x34ed9]
C  [vcruntime140.dll+0x485d]
C  0x00007ffa1e52670f
C  0x00007ffa1e525449
C  0x00007ffa1e41bb5f
C  0x00007ffa1e1beea7
C  0x00007ffa1e1c6e68
C  0x00007ffa1e1d4bb6
C  0x00007ffa1e1e6068
C  0x000002b780019fae

Java frames: (J=compiled Java code, j=interpreted, Vv=VM code)
j  graphics.scenery.spirvcrossj.libspirvcrossjJNI.ResourceVec_get(JLgraphics/scenery/spirvcrossj/ResourceVec;J)J+0
j  graphics.scenery.spirvcrossj.ResourceVec.get(J)Lgraphics/scenery/spirvcrossj/Resource;+10
j  graphics.scenery.backends.vulkan.VulkanShaderModule.<init>(Lgraphics/scenery/backends/vulkan/VulkanDevice;Ljava/lang/String;Lgraphics/scenery/backends/ShaderPackage;)V+471
j  graphics.scenery.backends.vulkan.VulkanShaderModule$Companion.getFromCacheOrCreate(Lgraphics/scenery/backends/vulkan/VulkanDevice;Ljava/lang/String;Lgraphics/scenery/backends/ShaderPackage;)Lgraphics/scenery/backends/vulkan/VulkanShaderModule;+77
j  graphics.scenery.backends.vulkan.VulkanRenderpass.initializeDefaultPipeline()V+270
j  graphics.scenery.backends.vulkan.VulkanRenderpass$Companion.prepareRenderpassesFromConfig(Lgraphics/scenery/backends/RenderConfigReader$RenderConfig;Lgraphics/scenery/backends/vulkan/VulkanDevice;Lgraphics/scenery/backends/vulkan/VulkanRenderer$CommandPools;Lorg/lwjgl/vulkan/VkQueue;Ljava/util/concurrent/ConcurrentHashMap;Lgraphics/scenery/backends/vulkan/Swapchain;IILgraphics/scenery/Settings;)Lkotlin/Pair;+3153
j  graphics.scenery.backends.vulkan.VulkanRenderer$SwapchainRecreator$recreate$refreshResolutionDependentResources$1.invoke()Ljava/util/List;+245
j  graphics.scenery.backends.vulkan.VulkanRenderer$SwapchainRecreator$recreate$refreshResolutionDependentResources$1.invoke()Ljava/lang/Object;+1
j  graphics.scenery.backends.vulkan.VulkanRenderer$SwapchainRecreator.recreate()V+215
j  graphics.scenery.backends.vulkan.VulkanRenderer.pollEvents()Z+53
j  graphics.scenery.backends.vulkan.VulkanRenderer.access$pollEvents(Lgraphics/scenery/backends/vulkan/VulkanRenderer;)Z+1
j  graphics.scenery.backends.vulkan.VulkanRenderer$render$1.invokeSuspend(Ljava/lang/Object;)Ljava/lang/Object;+162
j  kotlin.coroutines.jvm.internal.BaseContinuationImpl.resumeWith(Ljava/lang/Object;)V+46
j  kotlinx.coroutines.DispatchedTask.run()V+350
j  kotlinx.coroutines.EventLoopImplBase.processNextEvent()J+202
j  kotlinx.coroutines.BlockingCoroutine.joinBlocking()Ljava/lang/Object;+94
j  kotlinx.coroutines.BuildersKt__BuildersKt.runBlocking(Lkotlin/coroutines/CoroutineContext;Lkotlin/jvm/functions/Function2;)Ljava/lang/Object;+181
j  kotlinx.coroutines.BuildersKt.runBlocking(Lkotlin/coroutines/CoroutineContext;Lkotlin/jvm/functions/Function2;)Ljava/lang/Object;+2
j  kotlinx.coroutines.BuildersKt__BuildersKt.runBlocking$default(Lkotlin/coroutines/CoroutineContext;Lkotlin/jvm/functions/Function2;ILjava/lang/Object;)Ljava/lang/Object;+15
j  kotlinx.coroutines.BuildersKt.runBlocking$default(Lkotlin/coroutines/CoroutineContext;Lkotlin/jvm/functions/Function2;ILjava/lang/Object;)Ljava/lang/Object;+4
j  graphics.scenery.backends.vulkan.VulkanRenderer.render(Lgraphics/scenery/Camera;Ljava/util/List;)V+31
j  graphics.scenery.SceneryBase.sceneryMain$suspendImpl(Lgraphics/scenery/SceneryBase;Lkotlin/coroutines/Continuation;)Ljava/lang/Object;+2227
j  graphics.scenery.SceneryBase.sceneryMain(Lkotlin/coroutines/Continuation;)Ljava/lang/Object;+2
j  graphics.scenery.SceneryBase$main$1.invokeSuspend(Ljava/lang/Object;)Ljava/lang/Object;+49
j  kotlin.coroutines.jvm.internal.BaseContinuationImpl.resumeWith(Ljava/lang/Object;)V+46
j  kotlinx.coroutines.DispatchedTask.run()V+350
j  kotlinx.coroutines.EventLoopImplBase.processNextEvent()J+202
j  kotlinx.coroutines.BlockingCoroutine.joinBlocking()Ljava/lang/Object;+94
j  kotlinx.coroutines.BuildersKt__BuildersKt.runBlocking(Lkotlin/coroutines/CoroutineContext;Lkotlin/jvm/functions/Function2;)Ljava/lang/Object;+181
j  kotlinx.coroutines.BuildersKt.runBlocking(Lkotlin/coroutines/CoroutineContext;Lkotlin/jvm/functions/Function2;)Ljava/lang/Object;+2
j  kotlinx.coroutines.BuildersKt__BuildersKt.runBlocking$default(Lkotlin/coroutines/CoroutineContext;Lkotlin/jvm/functions/Function2;ILjava/lang/Object;)Ljava/lang/Object;+15
j  kotlinx.coroutines.BuildersKt.runBlocking$default(Lkotlin/coroutines/CoroutineContext;Lkotlin/jvm/functions/Function2;ILjava/lang/Object;)Ljava/lang/Object;+4
j  graphics.scenery.SceneryBase.main()V+15
j  sc.iview.DefaultSciViewService.lambda$makeSciView$0(Lsc/iview/SciView;)V+1
j  sc.iview.DefaultSciViewService$$Lambda$572.run()V+4
j  org.scijava.thread.DefaultThreadService.lambda$wrap$1(Ljava/lang/Thread;Ljava/lang/Runnable;)V+19
j  org.scijava.thread.DefaultThreadService$$Lambda$16.run()V+8
j  java.util.concurrent.Executors$RunnableAdapter.call()Ljava/lang/Object;+4
J 5958 C1 java.util.concurrent.FutureTask.run()V (126 bytes) @ 0x000002b7812334d4 [0x000002b781233280+0x254]
j  java.util.concurrent.ThreadPoolExecutor.runWorker(Ljava/util/concurrent/ThreadPoolExecutor$Worker;)V+95
j  java.util.concurrent.ThreadPoolExecutor$Worker.run()V+5
j  java.lang.Thread.run()V+11
v  ~StubRoutines::call_stub

---------------  P R O C E S S  ---------------

Java Threads: ( => current thread )
  0x000002b7b4bb0000 JavaThread "DefaultDispatcher-worker-2" daemon [_thread_blocked, id=11288, stack(0x000000d79cb00000,0x000000d79cc00000)]
  0x000002b7b4ba9800 JavaThread "DefaultDispatcher-worker-1" daemon [_thread_blocked, id=8672, stack(0x000000d79ca00000,0x000000d79cb00000)]
  0x000002b7b4bad000 JavaThread "Thread-15" [_thread_blocked, id=936, stack(0x000000d79c900000,0x000000d79ca00000)]
  0x000002b7b4bab800 JavaThread "Thread-14" [_thread_blocked, id=20380, stack(0x000000d79c800000,0x000000d79c900000)]
  0x000002b7b4bab000 JavaThread "Thread-13" [_thread_blocked, id=14384, stack(0x000000d79c700000,0x000000d79c800000)]
  0x000002b7b4bac800 JavaThread "Thread-12" daemon [_thread_in_native, id=4900, stack(0x000000d79c600000,0x000000d79c700000)]
  0x000002b7b4ba2000 JavaThread "pool-2-thread-1" [_thread_blocked, id=20744, stack(0x000000d79c200000,0x000000d79c300000)]
  0x000002b7a6673800 JavaThread "Timer-1" [_thread_blocked, id=16876, stack(0x000000d79b800000,0x000000d79b900000)]
  0x000002b7a6672000 JavaThread "pool-4-thread-1" [_thread_blocked, id=6836, stack(0x000000d79b700000,0x000000d79b800000)]
  0x000002b7a6674800 JavaThread "pool-3-thread-1" [_thread_blocked, id=8344, stack(0x000000d79b600000,0x000000d79b700000)]
  0x000002b7a6677800 JavaThread "Timer-0" [_thread_blocked, id=3228, stack(0x000000d79b500000,0x000000d79b600000)]
=>0x000002b7a6ce8800 JavaThread "SciJava-5bf8c80b-Thread-1" [_thread_in_native, id=2344, stack(0x000000d79b400000,0x000000d79b500000)]
  0x000002b7a6ce8000 JavaThread "SciJava-5bf8c80b-Thread-0" [_thread_blocked, id=19672, stack(0x000000d79b300000,0x000000d79b400000)]
  0x000002b7a6ce7000 JavaThread "Mastodon's SciView" [_thread_blocked, id=15184, stack(0x000000d79b100000,0x000000d79b200000)]
  0x000002b7a6ce5800 JavaThread "bdv-panel-1-thread-3" daemon [_thread_blocked, id=8620, stack(0x000000d79a900000,0x000000d79aa00000)]
  0x000002b7a6ce5000 JavaThread "bdv-panel-1-thread-2" daemon [_thread_blocked, id=22072, stack(0x000000d79a400000,0x000000d79a500000)]
  0x000002b7a6cdd000 JavaThread "bdv-panel-1-thread-1" daemon [_thread_blocked, id=17420, stack(0x000000d79a200000,0x000000d79a300000)]
  0x000002b7a6ce4000 JavaThread "Image Fetcher 0" daemon [_thread_blocked, id=11252, stack(0x000000d79a100000,0x000000d79a200000)]
  0x000002b7a6ce3800 JavaThread "PainterThread" daemon [_thread_blocked, id=17952, stack(0x000000d799900000,0x000000d799a00000)]
  0x000002b7a6ce2800 JavaThread "Rebuild spatial indices" daemon [_thread_blocked, id=1612, stack(0x000000d797500000,0x000000d797600000)]
  0x000002b7a6cd9800 JavaThread "Fetcher-0" daemon [_thread_blocked, id=21512, stack(0x000000d797400000,0x000000d797500000)]
  0x000002b7a6cdb800 JavaThread "Rebuild spatial indices" daemon [_thread_blocked, id=8948, stack(0x000000d79ae00000,0x000000d79af00000)]
  0x000002b7a6ce2000 JavaThread "Fetcher-0" daemon [_thread_blocked, id=4800, stack(0x000000d79ad00000,0x000000d79ae00000)]
  0x000002b7a6cdc800 JavaThread "DestroyJavaVM" [_thread_blocked, id=20532, stack(0x000000d797600000,0x000000d797700000)]
  0x000002b7a6ce0800 JavaThread "Swing-Shell" daemon [_thread_blocked, id=19720, stack(0x000000d79a800000,0x000000d79a900000)]
  0x000002b7a6cdb000 JavaThread "Rebuild spatial indices" daemon [_thread_blocked, id=9400, stack(0x000000d79a700000,0x000000d79a800000)]
  0x000002b7a6cde000 JavaThread "PainterThread" [_thread_blocked, id=18908, stack(0x000000d79a600000,0x000000d79a700000)]
  0x000002b7a6cdf000 JavaThread "TrackScheme transform animation" daemon [_thread_blocked, id=10040, stack(0x000000d79a000000,0x000000d79a100000)]
  0x000002b7a6ce1000 JavaThread "TimerQueue" daemon [_thread_blocked, id=9576, stack(0x000000d79a500000,0x000000d79a600000)]
  0x000002b7a7559000 JavaThread "AWT-EventQueue-0" [_thread_blocked, id=12796, stack(0x000000d799c00000,0x000000d799d00000)]
  0x000002b7a5fd6800 JavaThread "AWT-Shutdown" [_thread_blocked, id=17228, stack(0x000000d799b00000,0x000000d799c00000)]
  0x000002b7a140b000 JavaThread "AWT-Windows" daemon [_thread_in_native, id=19316, stack(0x000000d799a00000,0x000000d799b00000)]
  0x000002b7a1e3a800 JavaThread "Java2D Disposer" daemon [_thread_blocked, id=17568, stack(0x000000d799800000,0x000000d799900000)]
  0x000002b7a0d48800 JavaThread "Service Thread" daemon [_thread_blocked, id=5880, stack(0x000000d799600000,0x000000d799700000)]
  0x000002b7a0c6b000 JavaThread "C1 CompilerThread11" daemon [_thread_blocked, id=10000, stack(0x000000d799500000,0x000000d799600000)]
  0x000002b7a0c6e800 JavaThread "C1 CompilerThread10" daemon [_thread_blocked, id=804, stack(0x000000d799400000,0x000000d799500000)]
  0x000002b7a0c71000 JavaThread "C1 CompilerThread9" daemon [_thread_blocked, id=7932, stack(0x000000d799300000,0x000000d799400000)]
  0x000002b7a0c70000 JavaThread "C1 CompilerThread8" daemon [_thread_blocked, id=12892, stack(0x000000d799200000,0x000000d799300000)]
  0x000002b7a0c6a000 JavaThread "C2 CompilerThread7" daemon [_thread_blocked, id=21008, stack(0x000000d799100000,0x000000d799200000)]
  0x000002b7a0c6c800 JavaThread "C2 CompilerThread6" daemon [_thread_blocked, id=13424, stack(0x000000d799000000,0x000000d799100000)]
  0x000002b7a0c6f800 JavaThread "C2 CompilerThread5" daemon [_thread_blocked, id=10124, stack(0x000000d798f00000,0x000000d799000000)]
  0x000002b7a0c6e000 JavaThread "C2 CompilerThread4" daemon [_thread_blocked, id=23284, stack(0x000000d798e00000,0x000000d798f00000)]
  0x000002b7a0c4d000 JavaThread "C2 CompilerThread3" daemon [_thread_blocked, id=20836, stack(0x000000d798d00000,0x000000d798e00000)]
  0x000002b7a0c40800 JavaThread "C2 CompilerThread2" daemon [_thread_blocked, id=3648, stack(0x000000d798c00000,0x000000d798d00000)]
  0x000002b7a0c3d800 JavaThread "C2 CompilerThread1" daemon [_thread_blocked, id=11052, stack(0x000000d798b00000,0x000000d798c00000)]
  0x000002b7a0c3c800 JavaThread "C2 CompilerThread0" daemon [_thread_blocked, id=15524, stack(0x000000d798a00000,0x000000d798b00000)]
  0x000002b7a0c3b000 JavaThread "Monitor Ctrl-Break" daemon [_thread_in_native, id=20180, stack(0x000000d798900000,0x000000d798a00000)]
  0x000002b7a0bda800 JavaThread "Attach Listener" daemon [_thread_blocked, id=9136, stack(0x000000d798800000,0x000000d798900000)]
  0x000002b7a0bd7000 JavaThread "Signal Dispatcher" daemon [_thread_blocked, id=1552, stack(0x000000d798700000,0x000000d798800000)]
  0x000002b7fefcd000 JavaThread "Finalizer" daemon [_thread_blocked, id=10080, stack(0x000000d798600000,0x000000d798700000)]
  0x000002b7fefc2800 JavaThread "Reference Handler" daemon [_thread_blocked, id=12180, stack(0x000000d798500000,0x000000d798600000)]

Other Threads:
  0x000002b7fefbb000 VMThread [stack: 0x000000d798400000,0x000000d798500000] [id=9320]
  0x000002b7a0d33800 WatcherThread [stack: 0x000000d799700000,0x000000d799800000] [id=9756]

VM state:not at safepoint (normal execution)

VM Mutex/Monitor currently owned by a thread: None

heap address: 0x00000005c2200000, size: 8158 MB, Compressed Oops mode: Zero based, Oop shift amount: 3
Narrow klass base: 0x0000000000000000, Narrow klass shift: 3
Compressed class space size: 1073741824 Address: 0x00000007c0000000

Heap:
 PSYoungGen      total 721408K, used 99577K [0x0000000716100000, 0x0000000754000000, 0x00000007c0000000)
  eden space 631808K, 1% used [0x0000000716100000,0x0000000716ac02d0,0x000000073ca00000)
  from space 89600K, 99% used [0x000000073ca00000,0x000000074217e300,0x0000000742180000)
  to   space 114176K, 0% used [0x000000074d080000,0x000000074d080000,0x0000000754000000)
 ParOldGen       total 700416K, used 213757K [0x00000005c2200000, 0x00000005ece00000, 0x0000000716100000)
  object space 700416K, 30% used [0x00000005c2200000,0x00000005cf2bf670,0x00000005ece00000)
 Metaspace       used 102334K, capacity 105897K, committed 106188K, reserved 1138688K
  class space    used 15520K, capacity 16016K, committed 16088K, reserved 1048576K

Card table byte_map: [0x000002b7fb9c0000,0x000002b7fc9b0000] byte_map_base: 0x000002b7f8baf000

Marking Bits: (ParMarkBitMap*) 0x000000006aa27fe0
 Begin Bits: [0x000002b78f000000, 0x000002b796f78000)
 End Bits:   [0x000002b796f78000, 0x000002b79eef0000)

Polling page: 0x000002b7f9da0000

CodeCache: size=245760Kb used=43533Kb max_used=43544Kb free=202226Kb
 bounds [0x000002b780000000, 0x000002b782ac0000, 0x000002b78f000000]
 total_blobs=12861 nmethods=11110 adapters=1657
 compilation: enabled

Compilation events (10 events):
Event: 86.790 Thread 0x000002b7a0c6e800 13563       1       graphics.scenery.controls.MouseAndKeyHandlerBase::access$getGamepads$p (5 bytes)
Event: 86.790 Thread 0x000002b7a0c71000 13564       1       graphics.scenery.controls.MouseAndKeyHandlerBase::getShouldClose (5 bytes)
Event: 86.791 Thread 0x000002b7a0c6e800 nmethod 13563 0x000002b782aaab10 code [0x000002b782aaac60, 0x000002b782aaad58]
Event: 86.791 Thread 0x000002b7a0c71000 nmethod 13564 0x000002b782aaa850 code [0x000002b782aaa9a0, 0x000002b782aaaab8]
Event: 86.791 Thread 0x000002b7a0c6b000 nmethod 13562 0x000002b782aaa590 code [0x000002b782aaa6e0, 0x000002b782aaa7f8]
Event: 86.792 Thread 0x000002b7a0c6c800 nmethod 13547% 0x000002b782ab4850 code [0x000002b782ab4a80, 0x000002b782ab6c90]
Event: 86.793 Thread 0x000002b7a0c70000 13566   !   3       sun.misc.Cleaner::clean (35 bytes)
Event: 86.793 Thread 0x000002b7a0c71000 13567  s    3       sun.misc.Cleaner::remove (89 bytes)
Event: 86.793 Thread 0x000002b7a0c70000 nmethod 13566 0x000002b782aaca10 code [0x000002b782aacbc0, 0x000002b782aacf40]
Event: 86.793 Thread 0x000002b7a0c71000 nmethod 13567 0x000002b782aac250 code [0x000002b782aac3c0, 0x000002b782aac8f8]

GC Heap History (10 events):
Event: 80.173 GC heap before
{Heap before GC invocations=11 (full 3):
 PSYoungGen      total 445440K, used 374272K [0x0000000716100000, 0x0000000742080000, 0x00000007c0000000)
  eden space 374272K, 100% used [0x0000000716100000,0x000000072ce80000,0x000000072ce80000)
  from space 71168K, 0% used [0x000000072ce80000,0x000000072ce80000,0x0000000731400000)
  to   space 105472K, 0% used [0x000000073b980000,0x000000073b980000,0x0000000742080000)
 ParOldGen       total 541696K, used 147871K [0x00000005c2200000, 0x00000005e3300000, 0x0000000716100000)
  object space 541696K, 27% used [0x00000005c2200000,0x00000005cb267f70,0x00000005e3300000)
 Metaspace       used 71180K, capacity 73789K, committed 74072K, reserved 1112064K
  class space    used 10649K, capacity 11048K, committed 11096K, reserved 1048576K
Event: 80.185 GC heap after
Heap after GC invocations=11 (full 3):
 PSYoungGen      total 619520K, used 27747K [0x0000000716100000, 0x0000000742280000, 0x00000007c0000000)
  eden space 514048K, 0% used [0x0000000716100000,0x0000000716100000,0x0000000735700000)
  from space 105472K, 26% used [0x000000073b980000,0x000000073d498d10,0x0000000742080000)
  to   space 100864K, 0% used [0x0000000735700000,0x0000000735700000,0x000000073b980000)
 ParOldGen       total 541696K, used 147885K [0x00000005c2200000, 0x00000005e3300000, 0x0000000716100000)
  object space 541696K, 27% used [0x00000005c2200000,0x00000005cb26b608,0x00000005e3300000)
 Metaspace       used 71180K, capacity 73789K, committed 74072K, reserved 1112064K
  class space    used 10649K, capacity 11048K, committed 11096K, reserved 1048576K
}
Event: 82.709 GC heap before
{Heap before GC invocations=12 (full 3):
 PSYoungGen      total 619520K, used 541795K [0x0000000716100000, 0x0000000742280000, 0x00000007c0000000)
  eden space 514048K, 100% used [0x0000000716100000,0x0000000735700000,0x0000000735700000)
  from space 105472K, 26% used [0x000000073b980000,0x000000073d498d10,0x0000000742080000)
  to   space 100864K, 0% used [0x0000000735700000,0x0000000735700000,0x000000073b980000)
 ParOldGen       total 541696K, used 147885K [0x00000005c2200000, 0x00000005e3300000, 0x0000000716100000)
  object space 541696K, 27% used [0x00000005c2200000,0x00000005cb26b608,0x00000005e3300000)
 Metaspace       used 86775K, capacity 90209K, committed 90456K, reserved 1124352K
  class space    used 14120K, capacity 14607K, committed 14680K, reserved 1048576K
Event: 82.729 GC heap after
Heap after GC invocations=12 (full 3):
 PSYoungGen      total 614912K, used 39459K [0x0000000716100000, 0x0000000747f00000, 0x00000007c0000000)
  eden space 514048K, 0% used [0x0000000716100000,0x0000000716100000,0x0000000735700000)
  from space 100864K, 39% used [0x0000000735700000,0x0000000737d88e70,0x000000073b980000)
  to   space 94720K, 0% used [0x0000000742280000,0x0000000742280000,0x0000000747f00000)
 ParOldGen       total 541696K, used 147901K [0x00000005c2200000, 0x00000005e3300000, 0x0000000716100000)
  object space 541696K, 27% used [0x00000005c2200000,0x00000005cb26f608,0x00000005e3300000)
 Metaspace       used 86775K, capacity 90209K, committed 90456K, reserved 1124352K
  class space    used 14120K, capacity 14607K, committed 14680K, reserved 1048576K
}
Event: 83.904 GC heap before
{Heap before GC invocations=13 (full 3):
 PSYoungGen      total 614912K, used 288199K [0x0000000716100000, 0x0000000747f00000, 0x00000007c0000000)
  eden space 514048K, 48% used [0x0000000716100000,0x00000007253e9118,0x0000000735700000)
  from space 100864K, 39% used [0x0000000735700000,0x0000000737d88e70,0x000000073b980000)
  to   space 94720K, 0% used [0x0000000742280000,0x0000000742280000,0x0000000747f00000)
 ParOldGen       total 541696K, used 147901K [0x00000005c2200000, 0x00000005e3300000, 0x0000000716100000)
  object space 541696K, 27% used [0x00000005c2200000,0x00000005cb26f608,0x00000005e3300000)
 Metaspace       used 94783K, capacity 98201K, committed 98380K, reserved 1132544K
  class space    used 14900K, capacity 15369K, committed 15448K, reserved 1048576K
Event: 83.920 GC heap after
Heap after GC invocations=13 (full 3):
 PSYoungGen      total 720384K, used 40394K [0x0000000716100000, 0x0000000747900000, 0x00000007c0000000)
  eden space 631808K, 0% used [0x0000000716100000,0x0000000716100000,0x000000073ca00000)
  from space 88576K, 45% used [0x0000000742280000,0x00000007449f29b8,0x0000000747900000)
  to   space 89600K, 0% used [0x000000073ca00000,0x000000073ca00000,0x0000000742180000)
 ParOldGen       total 541696K, used 147917K [0x00000005c2200000, 0x00000005e3300000, 0x0000000716100000)
  object space 541696K, 27% used [0x00000005c2200000,0x00000005cb273608,0x00000005e3300000)
 Metaspace       used 94783K, capacity 98201K, committed 98380K, reserved 1132544K
  class space    used 14900K, capacity 15369K, committed 15448K, reserved 1048576K
}
Event: 83.920 GC heap before
{Heap before GC invocations=14 (full 4):
 PSYoungGen      total 720384K, used 40394K [0x0000000716100000, 0x0000000747900000, 0x00000007c0000000)
  eden space 631808K, 0% used [0x0000000716100000,0x0000000716100000,0x000000073ca00000)
  from space 88576K, 45% used [0x0000000742280000,0x00000007449f29b8,0x0000000747900000)
  to   space 89600K, 0% used [0x000000073ca00000,0x000000073ca00000,0x0000000742180000)
 ParOldGen       total 541696K, used 147917K [0x00000005c2200000, 0x00000005e3300000, 0x0000000716100000)
  object space 541696K, 27% used [0x00000005c2200000,0x00000005cb273608,0x00000005e3300000)
 Metaspace       used 94783K, capacity 98201K, committed 98380K, reserved 1132544K
  class space    used 14900K, capacity 15369K, committed 15448K, reserved 1048576K
Event: 84.030 GC heap after
Heap after GC invocations=14 (full 4):
 PSYoungGen      total 720384K, used 0K [0x0000000716100000, 0x0000000747900000, 0x00000007c0000000)
  eden space 631808K, 0% used [0x0000000716100000,0x0000000716100000,0x000000073ca00000)
  from space 88576K, 0% used [0x0000000742280000,0x0000000742280000,0x0000000747900000)
  to   space 89600K, 0% used [0x000000073ca00000,0x000000073ca00000,0x0000000742180000)
 ParOldGen       total 700416K, used 183153K [0x00000005c2200000, 0x00000005ece00000, 0x0000000716100000)
  object space 700416K, 26% used [0x00000005c2200000,0x00000005cd4dc460,0x00000005ece00000)
 Metaspace       used 94717K, capacity 98035K, committed 98380K, reserved 1132544K
  class space    used 14896K, capacity 15359K, committed 15448K, reserved 1048576K
}
Event: 86.750 GC heap before
{Heap before GC invocations=15 (full 4):
 PSYoungGen      total 720384K, used 631808K [0x0000000716100000, 0x0000000747900000, 0x00000007c0000000)
  eden space 631808K, 100% used [0x0000000716100000,0x000000073ca00000,0x000000073ca00000)
  from space 88576K, 0% used [0x0000000742280000,0x0000000742280000,0x0000000747900000)
  to   space 89600K, 0% used [0x000000073ca00000,0x000000073ca00000,0x0000000742180000)
 ParOldGen       total 700416K, used 183153K [0x00000005c2200000, 0x00000005ece00000, 0x0000000716100000)
  object space 700416K, 26% used [0x00000005c2200000,0x00000005cd4dc460,0x00000005ece00000)
 Metaspace       used 102287K, capacity 105801K, committed 106188K, reserved 1138688K
  class space    used 15514K, capacity 15984K, committed 16088K, reserved 1048576K
Event: 86.790 GC heap after
Heap after GC invocations=15 (full 4):
 PSYoungGen      total 721408K, used 89592K [0x0000000716100000, 0x0000000754000000, 0x00000007c0000000)
  eden space 631808K, 0% used [0x0000000716100000,0x0000000716100000,0x000000073ca00000)
  from space 89600K, 99% used [0x000000073ca00000,0x000000074217e300,0x0000000742180000)
  to   space 114176K, 0% used [0x000000074d080000,0x000000074d080000,0x0000000754000000)
 ParOldGen       total 700416K, used 213757K [0x00000005c2200000, 0x00000005ece00000, 0x0000000716100000)
  object space 700416K, 30% used [0x00000005c2200000,0x00000005cf2bf670,0x00000005ece00000)
 Metaspace       used 102287K, capacity 105801K, committed 106188K, reserved 1138688K
  class space    used 15514K, capacity 15984K, committed 16088K, reserved 1048576K
}

Deoptimization events (10 events):
Event: 86.736 Thread 0x000002b7a6ce8800 Uncommon trap: reason=unstable_if action=reinterpret pc=0x000002b781d08ae8 method=sun.util.calendar.CalendarUtils.isGregorianLeapYear(I)Z @ 3
Event: 86.736 Thread 0x000002b7a6ce8800 Uncommon trap: reason=unstable_if action=reinterpret pc=0x000002b7818903b8 method=sun.util.calendar.AbstractCalendar.getCalendarDate(JLsun/util/calendar/CalendarDate;)Lsun/util/calendar/CalendarDate; @ 20
Event: 86.736 Thread 0x000002b7a6ce8800 Uncommon trap: reason=unstable_if action=reinterpret pc=0x000002b7806c8550 method=sun.util.calendar.CalendarUtils.isGregorianLeapYear(I)Z @ 3
Event: 86.737 Thread 0x000002b7a6ce8800 Uncommon trap: reason=class_check action=maybe_recompile pc=0x000002b781a2de74 method=java.lang.AbstractStringBuilder.append(Ljava/lang/CharSequence;)Ljava/lang/AbstractStringBuilder; @ 37
Event: 86.737 Thread 0x000002b7a6ce8800 Uncommon trap: reason=unstable_if action=reinterpret pc=0x000002b7806c5a34 method=sun.util.calendar.CalendarUtils.isGregorianLeapYear(I)Z @ 3
Event: 86.737 Thread 0x000002b7a6ce8800 Uncommon trap: reason=unstable_if action=reinterpret pc=0x000002b7818927f8 method=sun.util.calendar.AbstractCalendar.getCalendarDate(JLsun/util/calendar/CalendarDate;)Lsun/util/calendar/CalendarDate; @ 20
Event: 86.743 Thread 0x000002b7a6ce8800 Uncommon trap: reason=class_check action=maybe_recompile pc=0x000002b781a2de74 method=java.lang.AbstractStringBuilder.append(Ljava/lang/CharSequence;)Ljava/lang/AbstractStringBuilder; @ 37
Event: 86.743 Thread 0x000002b7a6ce8800 Uncommon trap: reason=class_check action=maybe_recompile pc=0x000002b781a2de74 method=java.lang.AbstractStringBuilder.append(Ljava/lang/CharSequence;)Ljava/lang/AbstractStringBuilder; @ 37
Event: 86.794 Thread 0x000002b7fefcd000 Uncommon trap: reason=unstable_if action=reinterpret pc=0x000002b7808e0ce8 method=java.util.HashMap$HashIterator.<init>(Ljava/util/HashMap;)V @ 45
Event: 86.794 Thread 0x000002b7fefcd000 Uncommon trap: reason=unstable_if action=reinterpret pc=0x000002b780ce9964 method=java.util.HashMap$HashIterator.<init>(Ljava/util/HashMap;)V @ 45

Classes redefined (0 events):
No events

Internal exceptions (10 events):
Event: 85.090 Thread 0x000002b7a6ce8800 Exception <a 'sun/nio/fs/WindowsException'> (0x00000007297940a8) thrown at [C:\jenkins\workspace\8-2-build-windows-amd64-cygwin\jdk8u301\1513\hotspot\src\share\vm\prims\jni.cpp, line 710]
Event: 85.412 Thread 0x000002b7a6ce8800 Implicit null exception at 0x000002b7827c639e to 0x000002b7827c945d
Event: 85.787 Thread 0x000002b7a6ce8800 Exception <a 'java/lang/ClassNotFoundException': graphics/scenery/controls/GLFWMouseAndKeyHandler> (0x000000072b46f7c8) thrown at [C:\jenkins\workspace\8-2-build-windows-amd64-cygwin\jdk8u301\1513\hotspot\src\share\vm\classfile\systemDictionary.cpp, line 
Event: 85.791 Thread 0x000002b7a6ce8800 Exception <a 'java/lang/ClassNotFoundException': graphics/scenery/controls/JOGLMouseAndKeyHandler> (0x000000072b4f2cd8) thrown at [C:\jenkins\workspace\8-2-build-windows-amd64-cygwin\jdk8u301\1513\hotspot\src\share\vm\classfile\systemDictionary.cpp, line 
Event: 85.793 Thread 0x000002b7a6ce8800 Exception <a 'java/lang/ClassNotFoundException': graphics/scenery/controls/SwingMouseAndKeyHandler> (0x000000072b56b088) thrown at [C:\jenkins\workspace\8-2-build-windows-amd64-cygwin\jdk8u301\1513\hotspot\src\share\vm\classfile\systemDictionary.cpp, line
Event: 86.197 Thread 0x000002b7a6ce8800 Implicit null exception at 0x000002b7815bfd7d to 0x000002b7815c09b1
Event: 86.465 Thread 0x000002b7a6ce8800 Exception <a 'java/io/FileNotFoundException'> (0x000000073ac65fe8) thrown at [C:\jenkins\workspace\8-2-build-windows-amd64-cygwin\jdk8u301\1513\hotspot\src\share\vm\prims\jni.cpp, line 710]
Event: 86.501 Thread 0x000002b7a6ce8800 Exception <a 'java/io/FileNotFoundException'> (0x000000073b50df50) thrown at [C:\jenkins\workspace\8-2-build-windows-amd64-cygwin\jdk8u301\1513\hotspot\src\share\vm\prims\jni.cpp, line 710]
Event: 86.736 Thread 0x000002b7a6ce8800 Implicit null exception at 0x000002b78188f89b to 0x000002b781890399
Event: 86.737 Thread 0x000002b7a6ce8800 Implicit null exception at 0x000002b781891cdb to 0x000002b7818927d9

Events (10 events):
Event: 86.795 loading class graphics/scenery/backends/vulkan/VulkanShaderModule$special$$inlined$sortedBy$1
Event: 86.795 loading class graphics/scenery/backends/vulkan/VulkanShaderModule$special$$inlined$sortedBy$1 done
Event: 86.795 loading class kotlin/comparisons/ComparisonsKt
Event: 86.795 loading class kotlin/comparisons/ComparisonsKt done
Event: 86.796 loading class kotlin/comparisons/ComparisonsKt___ComparisonsKt
Event: 86.796 loading class kotlin/comparisons/ComparisonsKt___ComparisonsKt done
Event: 86.796 loading class kotlin/comparisons/ComparisonsKt___ComparisonsJvmKt
Event: 86.796 loading class kotlin/comparisons/ComparisonsKt___ComparisonsJvmKt done
Event: 86.797 loading class kotlin/comparisons/ComparisonsKt__ComparisonsKt
Event: 86.797 loading class kotlin/comparisons/ComparisonsKt__ComparisonsKt done


Dynamic libraries:
0x00007ff639ac0000 - 0x00007ff639b07000 	C:\Program Files\Java\jdk1.8.0_301\bin\java.exe
0x00007ffac3df0000 - 0x00007ffac3fe5000 	C:\Windows\SYSTEM32\ntdll.dll
0x00007ffac3650000 - 0x00007ffac370d000 	C:\Windows\System32\KERNEL32.DLL
0x00007ffac1530000 - 0x00007ffac17f9000 	C:\Windows\System32\KERNELBASE.dll
0x00007ffac1e60000 - 0x00007ffac1f0c000 	C:\Windows\System32\ADVAPI32.dll
0x00007ffac2cb0000 - 0x00007ffac2d4e000 	C:\Windows\System32\msvcrt.dll
0x00007ffac33e0000 - 0x00007ffac347b000 	C:\Windows\System32\sechost.dll
0x00007ffac1ff0000 - 0x00007ffac211a000 	C:\Windows\System32\RPCRT4.dll
0x00007ffac2120000 - 0x00007ffac22c0000 	C:\Windows\System32\USER32.dll
0x00007ffac1960000 - 0x00007ffac1982000 	C:\Windows\System32\win32u.dll
0x00007ffac2c80000 - 0x00007ffac2caa000 	C:\Windows\System32\GDI32.dll
0x00007ffac1a70000 - 0x00007ffac1b7b000 	C:\Windows\System32\gdi32full.dll
0x00007ffac1c70000 - 0x00007ffac1d0d000 	C:\Windows\System32\msvcp_win.dll
0x00007ffac1d60000 - 0x00007ffac1e60000 	C:\Windows\System32\ucrtbase.dll
0x00007ffaa7ba0000 - 0x00007ffaa7e3a000 	C:\Windows\WinSxS\amd64_microsoft.windows.common-controls_6595b64144ccf1df_6.0.19041.1110_none_60b5254171f9507e\COMCTL32.dll
0x00007ffac34e0000 - 0x00007ffac3510000 	C:\Windows\System32\IMM32.DLL
0x00007ffa83920000 - 0x00007ffa83935000 	C:\Program Files\Java\jdk1.8.0_301\jre\bin\vcruntime140.dll
0x00007ffa69f70000 - 0x00007ffa6a00b000 	C:\Program Files\Java\jdk1.8.0_301\jre\bin\msvcp140.dll
0x000000006a240000 - 0x000000006aaa0000 	C:\Program Files\Java\jdk1.8.0_301\jre\bin\server\jvm.dll
0x00007ffac3710000 - 0x00007ffac3718000 	C:\Windows\System32\PSAPI.DLL
0x00007ffabcbf0000 - 0x00007ffabcbf9000 	C:\Windows\SYSTEM32\WSOCK32.dll
0x00007ffaa7700000 - 0x00007ffaa7727000 	C:\Windows\SYSTEM32\WINMM.dll
0x00007ffaba780000 - 0x00007ffaba78a000 	C:\Windows\SYSTEM32\VERSION.dll
0x00007ffac3520000 - 0x00007ffac358b000 	C:\Windows\System32\WS2_32.dll
0x00007ffabfdf0000 - 0x00007ffabfe02000 	C:\Windows\SYSTEM32\kernel.appcore.dll
0x00007ffaaea30000 - 0x00007ffaaea40000 	C:\Program Files\Java\jdk1.8.0_301\jre\bin\verify.dll
0x00007ffa81f90000 - 0x00007ffa81fbb000 	C:\Program Files\Java\jdk1.8.0_301\jre\bin\java.dll
0x00007ffa73c60000 - 0x00007ffa73c90000 	C:\Program Files\Java\jdk1.8.0_301\jre\bin\instrument.dll
0x00007ffa83900000 - 0x00007ffa83918000 	C:\Program Files\Java\jdk1.8.0_301\jre\bin\zip.dll
0x00007ffac22c0000 - 0x00007ffac29ff000 	C:\Windows\System32\SHELL32.dll
0x00007ffabf5f0000 - 0x00007ffabfd81000 	C:\Windows\SYSTEM32\windows.storage.dll
0x00007ffac37f0000 - 0x00007ffac3b45000 	C:\Windows\System32\combase.dll
0x00007ffac0fa0000 - 0x00007ffac0fcc000 	C:\Windows\SYSTEM32\Wldp.dll
0x00007ffac3b50000 - 0x00007ffac3bfe000 	C:\Windows\System32\SHCORE.dll
0x00007ffac3590000 - 0x00007ffac35e5000 	C:\Windows\System32\shlwapi.dll
0x00007ffac1470000 - 0x00007ffac148f000 	C:\Windows\SYSTEM32\profapi.dll
0x00007ffa74260000 - 0x00007ffa7427a000 	D:\intellij\IntelliJ IDEA Community Edition 2020.3.3\bin\breakgen64.dll
0x00007ffa82240000 - 0x00007ffa8225c000 	C:\Program Files\Java\jdk1.8.0_301\jre\bin\net.dll
0x00007ffac0d00000 - 0x00007ffac0d6a000 	C:\Windows\system32\mswsock.dll
0x00007ffa2b260000 - 0x00007ffa2b3f5000 	C:\Program Files\Java\jdk1.8.0_301\jre\bin\awt.dll
0x00007ffac2bb0000 - 0x00007ffac2c7d000 	C:\Windows\System32\OLEAUT32.dll
0x00007ffabe9a0000 - 0x00007ffabea30000 	C:\Windows\SYSTEM32\apphelp.dll
0x00007ffabeb10000 - 0x00007ffabebae000 	C:\Windows\system32\uxtheme.dll
0x00007ffac2df0000 - 0x00007ffac2f05000 	C:\Windows\System32\MSCTF.dll
0x00007ffac3c80000 - 0x00007ffac3daa000 	C:\Windows\System32\ole32.dll
0x00007ffac1be0000 - 0x00007ffac1c63000 	C:\Windows\System32\bcryptPrimitives.dll
0x00007ffabee70000 - 0x00007ffabee9f000 	C:\Windows\system32\DWMAPI.DLL
0x00007ffaa75b0000 - 0x00007ffaa76d5000 	C:\Windows\system32\opengl32.dll
0x00007ffaadda0000 - 0x00007ffaaddcc000 	C:\Windows\SYSTEM32\GLU32.dll
0x00007ffa5be50000 - 0x00007ffa5be99000 	C:\Program Files\Java\jdk1.8.0_301\jre\bin\fontmanager.dll
0x00007ffa81f60000 - 0x00007ffa81f73000 	C:\Program Files\Java\jdk1.8.0_301\jre\bin\nio.dll
0x00007ffa5b3b0000 - 0x00007ffa5b3f3000 	C:\Program Files\Java\jdk1.8.0_301\jre\bin\t2k.dll
0x00007ffac0ef0000 - 0x00007ffac0f08000 	C:\Windows\SYSTEM32\CRYPTSP.dll
0x00007ffac0630000 - 0x00007ffac0664000 	C:\Windows\system32\rsaenh.dll
0x00007ffac1a40000 - 0x00007ffac1a67000 	C:\Windows\System32\bcrypt.dll
0x00007ffac13f0000 - 0x00007ffac141e000 	C:\Windows\SYSTEM32\USERENV.dll
0x00007ffac0ee0000 - 0x00007ffac0eec000 	C:\Windows\SYSTEM32\CRYPTBASE.dll
0x00007ffac09a0000 - 0x00007ffac09db000 	C:\Windows\SYSTEM32\IPHLPAPI.DLL
0x00007ffac2de0000 - 0x00007ffac2de8000 	C:\Windows\System32\NSI.dll
0x00007ffab8b80000 - 0x00007ffab8b97000 	C:\Windows\SYSTEM32\dhcpcsvc6.DLL
0x00007ffab8e30000 - 0x00007ffab8e4d000 	C:\Windows\SYSTEM32\dhcpcsvc.DLL
0x00007ffac09e0000 - 0x00007ffac0aac000 	C:\Windows\SYSTEM32\DNSAPI.dll
0x00007ffac3720000 - 0x00007ffac37c9000 	C:\Windows\System32\clbcatq.dll
0x00007ffab9e00000 - 0x00007ffab9fb4000 	C:\Windows\SYSTEM32\WindowsCodecs.dll
0x00007ffaa9ba0000 - 0x00007ffaa9bde000 	C:\Windows\system32\dataexchange.dll
0x00007ffabddc0000 - 0x00007ffabdfa6000 	C:\Windows\system32\dcomp.dll
0x00007ffabda10000 - 0x00007ffabdc74000 	C:\Windows\system32\d3d11.dll
0x00007ffabfe60000 - 0x00007ffabff54000 	C:\Windows\system32\dxgi.dll
0x00007ffaba040000 - 0x00007ffaba241000 	C:\Windows\system32\twinapi.appcore.dll
0x00007ffaab740000 - 0x00007ffaab839000 	C:\Windows\SYSTEM32\textinputframework.dll
0x00007ffabe690000 - 0x00007ffabe782000 	C:\Windows\System32\CoreMessaging.dll
0x00007ffabe330000 - 0x00007ffabe68e000 	C:\Windows\System32\CoreUIComponents.dll
0x00007ffac0260000 - 0x00007ffac0293000 	C:\Windows\SYSTEM32\ntmarta.dll
0x00007ffabce60000 - 0x00007ffabcfb4000 	C:\Windows\SYSTEM32\wintypes.dll
0x00007ffa7d560000 - 0x00007ffa7d74f000 	C:\Windows\system32\SogouTSF.ime
0x00007ffabe920000 - 0x00007ffabe927000 	C:\Windows\system32\MSIMG32.dll
0x00007ffa75e60000 - 0x00007ffa766fa000 	C:\Windows\system32\SogouPy.ime
0x00007ffaad5b0000 - 0x00007ffaad6ba000 	C:\Windows\SYSTEM32\WINHTTP.dll
0x00007ffabba80000 - 0x00007ffabbae6000 	C:\Windows\SYSTEM32\OLEACC.dll
0x0000000010000000 - 0x000000001011e000 	D:\?????\SogouInput\10.1.0.4428\Resource.dll
0x00007ffa7c4e0000 - 0x00007ffa7c74a000 	D:\?????\SogouInput\Components\PicFace\1.1.0.1879\PicFace64.dll
0x00007ffac1f10000 - 0x00007ffac1fea000 	C:\Windows\System32\COMDLG32.dll
0x00007ffaab370000 - 0x00007ffaab41c000 	C:\Windows\SYSTEM32\TextShaping.dll
0x00007ffa70df0000 - 0x00007ffa70e1a000 	C:\Program Files\Java\jdk1.8.0_301\jre\bin\dcpr.dll
0x00007ffaa6a60000 - 0x00007ffaa6b10000 	C:\Windows\WinSxS\amd64_microsoft.windows.common-controls_6595b64144ccf1df_5.82.19041.1110_none_792d1c772443f647\comctl32.dll
0x00007ffac1d10000 - 0x00007ffac1d5e000 	C:\Windows\System32\CFGMGR32.dll
0x00007ffabc740000 - 0x00007ffabc836000 	C:\Windows\system32\propsys.dll
0x00007ffaadb80000 - 0x00007ffaadb97000 	C:\Windows\system32\NetworkExplorer.dll
0x00007ffa9dee0000 - 0x00007ffa9df46000 	C:\Windows\System32\thumbcache.dll
0x00007ffa97a60000 - 0x00007ffa97a7d000 	C:\Windows\SYSTEM32\MPR.dll
0x00007ffaa6f50000 - 0x00007ffaa6f5b000 	C:\Windows\System32\drprov.dll
0x00007ffac0310000 - 0x00007ffac036a000 	C:\Windows\System32\WINSTA.dll
0x00007ffa6b770000 - 0x00007ffa6b788000 	C:\Windows\System32\ntlanman.dll
0x00007ffa69d90000 - 0x00007ffa69dae000 	C:\Windows\System32\davclnt.dll
0x00007ffabcb80000 - 0x00007ffabcb8d000 	C:\Windows\System32\DAVHLPR.dll
0x00007ffac0750000 - 0x00007ffac0767000 	C:\Windows\System32\wkscli.dll
0x00007ffaa5de0000 - 0x00007ffaa5df2000 	C:\Windows\SYSTEM32\cscapi.dll
0x00007ffac0b00000 - 0x00007ffac0b0c000 	C:\Windows\System32\netutils.dll
0x00007ffa84110000 - 0x00007ffa84168000 	C:\Windows\System32\dlnashext.dll
0x00007ffa6b5f0000 - 0x00007ffa6b654000 	C:\Windows\System32\PlayToDevice.dll
0x00007ffaa58e0000 - 0x00007ffaa5900000 	C:\Windows\System32\DevDispItemProvider.dll
0x00007ffab9c30000 - 0x00007ffab9cb5000 	C:\Windows\System32\MMDevApi.dll
0x00007ffac12e0000 - 0x00007ffac130c000 	C:\Windows\System32\DEVOBJ.dll
0x00007ffa5b300000 - 0x00007ffa5b3a3000 	C:\Windows\system32\wpdshext.dll
0x00007ffaacc40000 - 0x00007ffaacde9000 	C:\Windows\WinSxS\amd64_microsoft.windows.gdiplus_6595b64144ccf1df_1.1.19041.1110_none_91a01826cc8bca4c\gdiplus.dll
0x00007ffab7530000 - 0x00007ffab7cc7000 	C:\Windows\System32\OneCoreUAPCommonProxyStub.dll
0x00007ffa86430000 - 0x00007ffa864d3000 	C:\Windows\System32\PortableDeviceApi.dll
0x00007ffac2f70000 - 0x00007ffac33d9000 	C:\Windows\System32\SETUPAPI.dll
0x00007ffac1b80000 - 0x00007ffac1be0000 	C:\Windows\System32\WINTRUST.dll
0x00007ffac1800000 - 0x00007ffac195f000 	C:\Windows\System32\CRYPT32.dll
0x00007ffac1120000 - 0x00007ffac1132000 	C:\Windows\System32\MSASN1.dll
0x00007ffa7c320000 - 0x00007ffa7c357000 	C:\Windows\System32\EhStorShell.dll
0x00007ffa695f0000 - 0x00007ffa69616000 	C:\Windows\System32\EhStorAPI.dll
0x00007ffabcc10000 - 0x00007ffabcc24000 	C:\Windows\System32\WTSAPI32.dll
0x00007ffaad700000 - 0x00007ffaad70d000 	C:\Windows\SYSTEM32\LINKINFO.dll
0x00007ffaa1090000 - 0x00007ffaa109c000 	C:\Windows\SYSTEM32\Secur32.dll
0x00007ffac1420000 - 0x00007ffac1451000 	C:\Windows\SYSTEM32\SSPICLI.DLL
0x00007ffaa6c30000 - 0x00007ffaa6c3e000 	C:\Program Files\Microsoft Office\root\VFS\ProgramFilesCommonX64\Microsoft Shared\Office16\msoxev.dll
0x00007ffaaea20000 - 0x00007ffaaea2c000 	C:\Program Files\Microsoft Office\root\VFS\ProgramFilesCommonX64\Microsoft Shared\Office16\VCRUNTIME140_1.dll
0x00007ffaa73c0000 - 0x00007ffaa7422000 	C:\Windows\System32\Windows.FileExplorer.Common.dll
0x00007ffaabfa0000 - 0x00007ffaac250000 	C:\Windows\System32\iertutil.dll
0x0000000180000000 - 0x0000000180276000 	C:\Users\lanru\AppData\Local\Temp\jhdf53085671928480497963.so
0x000002b7abf70000 - 0x000002b7abf85000 	C:\Users\lanru\AppData\Local\Temp\nativedata7045831323378021524.so
0x00007ffa86260000 - 0x00007ffa86284000 	C:\Windows\SYSTEM32\edputil.dll
0x00007ffaa9120000 - 0x00007ffaa9266000 	C:\Windows\System32\Windows.StateRepositoryPS.dll
0x00007ffaabb50000 - 0x00007ffaabd3c000 	C:\Windows\SYSTEM32\urlmon.dll
0x00007ffaab990000 - 0x00007ffaab9b8000 	C:\Windows\SYSTEM32\srvcli.dll
0x00007ffaaba00000 - 0x00007ffaaba23000 	C:\Windows\System32\cldapi.dll

VM Arguments:
jvm_args: -javaagent:D:\intellij\IntelliJ IDEA Community Edition 2020.3.3\lib\idea_rt.jar=53158:D:\intellij\IntelliJ IDEA Community Edition 2020.3.3\bin -Dfile.encoding=UTF-8 
java_command: com.intellij.rt.execution.CommandLineWrapper C:\Users\lanru\AppData\Local\Temp\idea_classpath468440796 org.mastodon.tomancak.SciViewPlugin
java_class_path (initial): D:\intellij\IntelliJ IDEA Community Edition 2020.3.3\lib\idea_rt.jar;D:\intellij\IntelliJ IDEA Community Edition 2020.3.3\lib\idea_rt.jar
Launcher Type: SUN_STANDARD

Environment Variables:
JAVA_HOME=C:\Program Files\Java\jdk1.8.0_301
CLASSPATH=.;C:\Program Files\Java\jdk1.8.0_301\lib\dt.jar;C:\Program Files\Java\jdk1.8.0_301\lib\tools.jar;  
PATH=C:\Program Files (x86)\Common Files\Oracle\Java\javapath;C:\Python36\Scripts\;C:\Python36\;C:\Program Files\Oculus\Support\oculus-runtime;C:\Program Files\Java\jdk1.8.0_301\bin;C:\Program Files\Java\jdk1.8.0_301\jre\bin;D:\CMake\bin;C:\Program Files\dotnet\;D:\maven\apache-maven-3.8.1\bin;C:\Program Files\Git\cmd;C:\Users\lanru\AppData\Local\Microsoft\WindowsApps;;D:\VScode\Microsoft VS Code\bin;C:\Users\lanru\.dotnet\tools
USERNAME=lanru
OS=Windows_NT
PROCESSOR_IDENTIFIER=Intel64 Family 6 Model 165 Stepping 2, GenuineIntel



---------------  S Y S T E M  ---------------

OS: Windows 10.0 , 64 bit Build 19041 (10.0.19041.1023)

CPU:total 16 (initial active 16) (8 cores per cpu, 2 threads per core) family 6 model 165 stepping 2, cmov, cx8, fxsr, mmx, sse, sse2, sse3, ssse3, sse4.1, sse4.2, popcnt, avx, avx2, aes, clmul, erms, 3dnowpref, lzcnt, ht, tsc, tscinvbit, bmi1, bmi2, adx

Memory: 4k page, physical 33413348k(18957552k free), swap 53842812k(5965048k free)

vm_info: Java HotSpot(TM) 64-Bit Server VM (25.301-b09) for windows-amd64 JRE (1.8.0_301-b09), built on Jun  9 2021 06:46:21 by "java_re" with MS VC++ 15.9 (VS2017)

time: Mon Aug  2 15:17:10 2021
timezone: ?????
elapsed time: 86.850007 seconds (0d 0h 1m 26s)

